14:18:02.100 [background-preinit] INFO  o.h.v.i.util.Version - [<clinit>,21] - HV000001: Hibernate Validator 6.2.0.Final
14:18:02.731 [main] INFO  c.a.n.c.c.i.LocalConfigInfoProcessor - [<clinit>,212] - LOCAL_SNAPSHOT_PATH:C:\Users\jzgar\nacos\config
14:18:02.772 [main] INFO  o.r.Reflections - [scan,232] - Reflections took 26 ms to scan 1 urls, producing 3 keys and 6 values 
14:18:02.792 [main] INFO  o.r.Reflections - [scan,232] - Reflections took 11 ms to scan 1 urls, producing 4 keys and 9 values 
14:18:02.802 [main] INFO  o.r.Reflections - [scan,232] - Reflections took 9 ms to scan 1 urls, producing 3 keys and 10 values 
14:18:02.988 [main] INFO  o.r.Reflections - [scan,232] - Reflections took 182 ms to scan 223 urls, producing 0 keys and 0 values 
14:18:02.997 [main] INFO  o.r.Reflections - [scan,232] - Reflections took 8 ms to scan 1 urls, producing 1 keys and 5 values 
14:18:03.006 [main] INFO  o.r.Reflections - [scan,232] - Reflections took 7 ms to scan 1 urls, producing 1 keys and 7 values 
14:18:03.019 [main] INFO  o.r.Reflections - [scan,232] - Reflections took 10 ms to scan 1 urls, producing 2 keys and 8 values 
14:18:03.144 [main] INFO  o.r.Reflections - [scan,232] - Reflections took 124 ms to scan 223 urls, producing 0 keys and 0 values 
14:18:03.145 [main] INFO  c.a.n.c.r.client - [printIfInfoEnabled,60] - [config-0-a67df4c9-54ce-4887-b82c-e907b61779a6]RpcClient init label, labels={module=config, Vipserver-Tag=null, source=sdk, Amory-Tag=null, Location-Tag=null, taskId=0, AppName=unknown}
14:18:03.145 [main] INFO  c.a.n.c.r.client - [printIfInfoEnabled,60] - [config-0-a67df4c9-54ce-4887-b82c-e907b61779a6]Register server push request handler:com.alibaba.nacos.client.config.impl.ClientWorker$ConfigRpcTransportClient$$Lambda$324/488600086
14:18:03.145 [main] INFO  c.a.n.c.r.client - [printIfInfoEnabled,60] - [config-0-a67df4c9-54ce-4887-b82c-e907b61779a6]Register server push request handler:com.alibaba.nacos.client.config.impl.ClientWorker$ConfigRpcTransportClient$$Lambda$325/1111379131
14:18:03.146 [main] INFO  c.a.n.c.r.client - [printIfInfoEnabled,60] - [config-0-a67df4c9-54ce-4887-b82c-e907b61779a6]Registry connection listener to current client:com.alibaba.nacos.client.config.impl.ClientWorker$ConfigRpcTransportClient$1
14:18:03.146 [main] INFO  c.a.n.c.r.client - [printIfInfoEnabled,60] - [config-0-a67df4c9-54ce-4887-b82c-e907b61779a6]RpcClient init, ServerListFactory =com.alibaba.nacos.client.config.impl.ClientWorker$ConfigRpcTransportClient$2
14:18:03.149 [main] INFO  c.a.n.c.r.client - [printIfInfoEnabled,60] - [config-0-a67df4c9-54ce-4887-b82c-e907b61779a6] Try to connect to server on start up, server: {serverIp='127.0.0.1', server main port=8848}
14:18:04.515 [main] INFO  c.a.n.c.r.client - [printIfInfoEnabled,60] - [config-0-a67df4c9-54ce-4887-b82c-e907b61779a6] Success to connect to server [127.0.0.1:8848] on start up,connectionId=1690179484251_127.0.0.1_1460
14:18:04.515 [com.alibaba.nacos.client.remote.worker] INFO  c.a.n.c.r.client - [printIfInfoEnabled,60] - [config-0-a67df4c9-54ce-4887-b82c-e907b61779a6]Notify connected event to listeners.
14:18:04.515 [main] INFO  c.a.n.c.r.client - [printIfInfoEnabled,60] - [config-0-a67df4c9-54ce-4887-b82c-e907b61779a6]Register server push request handler:com.alibaba.nacos.common.remote.client.RpcClient$ConnectResetRequestHandler
14:18:04.515 [com.alibaba.nacos.client.remote.worker] INFO  c.a.n.c.c.i.ClientWorker - [onConnected,625] - [config-0-a67df4c9-54ce-4887-b82c-e907b61779a6] Connected,notify listen context...
14:18:04.516 [main] INFO  c.a.n.c.r.client - [printIfInfoEnabled,60] - [config-0-a67df4c9-54ce-4887-b82c-e907b61779a6]Register server push request handler:com.alibaba.nacos.common.remote.client.RpcClient$4
14:18:04.541 [main] INFO  c.a.n.c.c.i.Limiter - [<clinit>,54] - limitTime:5.0
14:18:04.555 [main] INFO  c.a.n.c.c.u.JvmUtil - [<clinit>,49] - isMultiInstance:false
14:18:04.593 [main] INFO  c.r.s.JzSystemApplication - [logStartupProfileInfo,667] - The following profiles are active: dev
14:18:07.098 [main] INFO  o.a.c.h.Http11NioProtocol - [log,173] - Initializing ProtocolHandler ["http-nio-9201"]
14:18:07.099 [main] INFO  o.a.c.c.StandardService - [log,173] - Starting service [Tomcat]
14:18:07.099 [main] INFO  o.a.c.c.StandardEngine - [log,173] - Starting Servlet engine: [Apache Tomcat/9.0.46]
14:18:07.323 [main] INFO  o.a.c.c.C.[.[.[/] - [log,173] - Initializing Spring embedded WebApplicationContext
14:18:07.677 [main] INFO  c.a.d.p.DruidDataSource - [init,990] - {dataSource-1,master} inited
14:18:07.678 [main] INFO  c.b.d.d.DynamicRoutingDataSource - [addDataSource,144] - dynamic-datasource - add a datasource named [master] success
14:18:07.678 [main] INFO  c.b.d.d.DynamicRoutingDataSource - [afterPropertiesSet,235] - dynamic-datasource initial loaded [1] datasource,primary datasource named [master]
14:18:10.817 [main] INFO  org.redisson.Version - [logVersion,41] - Redisson 3.13.3
14:18:14.136 [redisson-netty-2-14] INFO  o.r.c.p.MasterPubSubConnectionPool - [lambda$run$0,167] - 1 connections initialized for localhost/127.0.0.1:6379
14:18:14.158 [redisson-netty-2-21] INFO  o.r.c.p.MasterConnectionPool - [lambda$run$0,167] - 24 connections initialized for localhost/127.0.0.1:6379
14:18:16.473 [main] INFO  c.a.c.s.SentinelWebAutoConfiguration - [addInterceptors,80] - [Sentinel Starter] register SentinelWebInterceptor with urlPatterns: [/**].
14:18:17.632 [main] INFO  c.a.n.client.naming - [call,65] - initializer namespace from System Property :null
14:18:17.633 [main] INFO  c.a.n.client.naming - [call,74] - initializer namespace from System Environment :null
14:18:17.634 [main] INFO  c.a.n.client.naming - [call,84] - initializer namespace from System Property :null
14:18:17.662 [main] INFO  c.a.n.c.r.client - [printIfInfoEnabled,60] - [18546994-b653-4418-a156-c6fd653fbcb5]RpcClient init label, labels={module=naming, source=sdk}
14:18:17.663 [main] INFO  c.a.n.c.r.client - [printIfInfoEnabled,60] - [18546994-b653-4418-a156-c6fd653fbcb5]RpcClient init, ServerListFactory =com.alibaba.nacos.client.naming.core.ServerListManager
14:18:17.664 [main] INFO  c.a.n.c.r.client - [printIfInfoEnabled,60] - [18546994-b653-4418-a156-c6fd653fbcb5] Try to connect to server on start up, server: {serverIp='127.0.0.1', server main port=8848}
14:18:17.792 [main] INFO  c.a.n.c.r.client - [printIfInfoEnabled,60] - [18546994-b653-4418-a156-c6fd653fbcb5] Success to connect to server [127.0.0.1:8848] on start up,connectionId=1690179497671_127.0.0.1_2102
14:18:17.792 [main] INFO  c.a.n.c.r.client - [printIfInfoEnabled,60] - [18546994-b653-4418-a156-c6fd653fbcb5]Register server push request handler:com.alibaba.nacos.common.remote.client.RpcClient$ConnectResetRequestHandler
14:18:17.794 [main] INFO  c.a.n.c.r.client - [printIfInfoEnabled,60] - [18546994-b653-4418-a156-c6fd653fbcb5]Register server push request handler:com.alibaba.nacos.common.remote.client.RpcClient$4
14:18:17.796 [main] INFO  c.a.n.c.r.client - [printIfInfoEnabled,60] - [18546994-b653-4418-a156-c6fd653fbcb5]Register server push request handler:com.alibaba.nacos.client.naming.remote.gprc.NamingPushRequestHandler
14:18:17.796 [main] INFO  c.a.n.c.r.client - [printIfInfoEnabled,60] - [18546994-b653-4418-a156-c6fd653fbcb5]Registry connection listener to current client:com.alibaba.nacos.client.naming.remote.gprc.NamingGrpcConnectionEventListener
14:18:18.146 [main] INFO  s.d.s.w.PropertySourcedRequestMappingHandlerMapping - [initHandlerMethods,69] - Mapped URL path [/v2/api-docs] onto method [springfox.documentation.swagger2.web.Swagger2Controller#getDocumentation(String, HttpServletRequest)]
14:18:18.999 [background-preinit] INFO  o.h.v.i.util.Version - [<clinit>,21] - HV000001: Hibernate Validator 6.2.0.Final
14:18:20.102 [main] INFO  c.a.n.c.c.i.LocalConfigInfoProcessor - [<clinit>,212] - LOCAL_SNAPSHOT_PATH:C:\Users\jzgar\nacos\config
14:18:20.104 [main] INFO  c.a.n.c.i.CredentialWatcher - [loadCredential,165] - null No credential found
14:18:20.122 [main] INFO  c.a.n.client.naming - [isChangedServiceInfo,167] - init new ips(0) service: DEFAULT_GROUP@@ruoyi-system@@DEFAULT -> []
14:18:20.135 [main] INFO  c.a.n.client.naming - [processServiceInfo,152] - current ips:(0) service: DEFAULT_GROUP@@ruoyi-system@@DEFAULT -> []
14:18:20.142 [main] INFO  o.a.c.h.Http11NioProtocol - [log,173] - Starting ProtocolHandler ["http-nio-9201"]
14:18:20.155 [main] INFO  o.r.Reflections - [scan,232] - Reflections took 32 ms to scan 1 urls, producing 3 keys and 6 values 
14:18:20.159 [main] INFO  c.a.n.client.naming - [registerService,97] - [REGISTER-SERVICE] public registering service ruoyi-system with instance Instance{instanceId='null', ip='192.168.145.1', port=9201, weight=1.0, healthy=true, enabled=true, ephemeral=true, clusterName='DEFAULT', serviceName='null', metadata={preserved.register.source=SPRING_CLOUD}}
14:18:20.167 [main] INFO  c.a.c.n.r.NacosServiceRegistry - [register,75] - nacos registry, DEFAULT_GROUP ruoyi-system 192.168.145.1:9201 register finished
14:18:20.186 [main] INFO  o.r.Reflections - [scan,232] - Reflections took 16 ms to scan 1 urls, producing 4 keys and 9 values 
14:18:20.207 [main] INFO  o.r.Reflections - [scan,232] - Reflections took 19 ms to scan 1 urls, producing 3 keys and 10 values 
14:18:20.457 [main] INFO  o.r.Reflections - [scan,232] - Reflections took 245 ms to scan 223 urls, producing 0 keys and 0 values 
14:18:20.473 [main] INFO  o.r.Reflections - [scan,232] - Reflections took 15 ms to scan 1 urls, producing 1 keys and 5 values 
14:18:20.489 [main] INFO  o.r.Reflections - [scan,232] - Reflections took 14 ms to scan 1 urls, producing 1 keys and 7 values 
14:18:20.505 [main] INFO  o.r.Reflections - [scan,232] - Reflections took 13 ms to scan 1 urls, producing 2 keys and 8 values 
14:18:20.629 [nacos-grpc-client-executor-9] INFO  c.a.n.c.r.client - [printIfInfoEnabled,60] - [18546994-b653-4418-a156-c6fd653fbcb5]receive server push request,request=NotifySubscriberRequest,requestId=5
14:18:20.634 [nacos-grpc-client-executor-9] INFO  c.a.n.client.naming - [isChangedServiceInfo,167] - init new ips(1) service: DEFAULT_GROUP@@ruoyi-system -> [{"ip":"192.168.145.1","port":9201,"weight":1.0,"healthy":true,"enabled":true,"ephemeral":true,"clusterName":"DEFAULT","serviceName":"DEFAULT_GROUP@@ruoyi-system","metadata":{"preserved.register.source":"SPRING_CLOUD"},"ipDeleteTimeout":30000,"instanceHeartBeatInterval":5000,"instanceHeartBeatTimeOut":15000}]
14:18:20.635 [nacos-grpc-client-executor-9] INFO  c.a.n.client.naming - [processServiceInfo,152] - current ips:(1) service: DEFAULT_GROUP@@ruoyi-system -> [{"ip":"192.168.145.1","port":9201,"weight":1.0,"healthy":true,"enabled":true,"ephemeral":true,"clusterName":"DEFAULT","serviceName":"DEFAULT_GROUP@@ruoyi-system","metadata":{"preserved.register.source":"SPRING_CLOUD"},"ipDeleteTimeout":30000,"instanceHeartBeatInterval":5000,"instanceHeartBeatTimeOut":15000}]
14:18:20.635 [nacos-grpc-client-executor-9] INFO  c.a.n.c.r.client - [printIfInfoEnabled,60] - [18546994-b653-4418-a156-c6fd653fbcb5]ack server push request,request=NotifySubscriberRequest,requestId=5
14:18:20.656 [main] INFO  o.r.Reflections - [scan,232] - Reflections took 150 ms to scan 223 urls, producing 0 keys and 0 values 
14:18:20.657 [main] INFO  c.a.n.c.r.client - [printIfInfoEnabled,60] - [config-0-1aa08e46-dad3-4081-8331-47904045c031]RpcClient init label, labels={module=config, Vipserver-Tag=null, source=sdk, Amory-Tag=null, Location-Tag=null, taskId=0, AppName=unknown}
14:18:20.658 [main] INFO  c.a.n.c.r.client - [printIfInfoEnabled,60] - [config-0-1aa08e46-dad3-4081-8331-47904045c031]Register server push request handler:com.alibaba.nacos.client.config.impl.ClientWorker$ConfigRpcTransportClient$$Lambda$324/1752535057
14:18:20.658 [main] INFO  c.a.n.c.r.client - [printIfInfoEnabled,60] - [config-0-1aa08e46-dad3-4081-8331-47904045c031]Register server push request handler:com.alibaba.nacos.client.config.impl.ClientWorker$ConfigRpcTransportClient$$Lambda$325/2116299597
14:18:20.659 [main] INFO  c.a.n.c.r.client - [printIfInfoEnabled,60] - [config-0-1aa08e46-dad3-4081-8331-47904045c031]Registry connection listener to current client:com.alibaba.nacos.client.config.impl.ClientWorker$ConfigRpcTransportClient$1
14:18:20.659 [main] INFO  c.a.n.c.r.client - [printIfInfoEnabled,60] - [config-0-1aa08e46-dad3-4081-8331-47904045c031]RpcClient init, ServerListFactory =com.alibaba.nacos.client.config.impl.ClientWorker$ConfigRpcTransportClient$2
14:18:20.661 [main] INFO  c.a.n.c.r.client - [printIfInfoEnabled,60] - [config-0-1aa08e46-dad3-4081-8331-47904045c031] Try to connect to server on start up, server: {serverIp='127.0.0.1', server main port=8848}
14:18:20.774 [main] INFO  s.d.s.w.p.DocumentationPluginsBootstrapper - [start,160] - Context refreshed
14:18:20.791 [main] INFO  s.d.s.w.p.DocumentationPluginsBootstrapper - [start,163] - Found 1 custom documentation plugin(s)
14:18:20.871 [main] INFO  s.d.s.w.s.ApiListingReferenceScanner - [scan,41] - Scanning for api listing references
14:18:21.069 [main] INFO  s.d.s.w.r.o.CachingOperationNameGenerator - [startingWith,40] - Generating unique operation named: addUsingPOST_1
14:18:21.071 [main] INFO  s.d.s.w.r.o.CachingOperationNameGenerator - [startingWith,40] - Generating unique operation named: editUsingPUT_1
14:18:21.074 [main] INFO  s.d.s.w.r.o.CachingOperationNameGenerator - [startingWith,40] - Generating unique operation named: getInfoUsingGET_1
14:18:21.080 [main] INFO  s.d.s.w.r.o.CachingOperationNameGenerator - [startingWith,40] - Generating unique operation named: listUsingGET_1
14:18:21.081 [main] INFO  s.d.s.w.r.o.CachingOperationNameGenerator - [startingWith,40] - Generating unique operation named: removeUsingDELETE_1
14:18:21.095 [main] INFO  s.d.s.w.r.o.CachingOperationNameGenerator - [startingWith,40] - Generating unique operation named: addUsingPOST_2
14:18:21.098 [main] INFO  s.d.s.w.r.o.CachingOperationNameGenerator - [startingWith,40] - Generating unique operation named: editUsingPUT_2
14:18:21.102 [main] INFO  s.d.s.w.r.o.CachingOperationNameGenerator - [startingWith,40] - Generating unique operation named: exportUsingPOST_1
14:18:21.104 [main] INFO  s.d.s.w.r.o.CachingOperationNameGenerator - [startingWith,40] - Generating unique operation named: getInfoUsingGET_2
14:18:21.105 [main] INFO  s.d.s.w.r.o.CachingOperationNameGenerator - [startingWith,40] - Generating unique operation named: listUsingGET_2
14:18:21.106 [main] INFO  s.d.s.w.r.o.CachingOperationNameGenerator - [startingWith,40] - Generating unique operation named: removeUsingDELETE_2
14:18:21.110 [main] INFO  s.d.s.w.r.o.CachingOperationNameGenerator - [startingWith,40] - Generating unique operation named: addUsingPOST_3
14:18:21.112 [main] INFO  s.d.s.w.r.o.CachingOperationNameGenerator - [startingWith,40] - Generating unique operation named: editUsingPUT_3
14:18:21.118 [main] INFO  s.d.s.w.r.o.CachingOperationNameGenerator - [startingWith,40] - Generating unique operation named: exportUsingPOST_2
14:18:21.120 [main] INFO  s.d.s.w.r.o.CachingOperationNameGenerator - [startingWith,40] - Generating unique operation named: getInfoUsingGET_3
14:18:21.122 [main] INFO  s.d.s.w.r.o.CachingOperationNameGenerator - [startingWith,40] - Generating unique operation named: listUsingGET_3
14:18:21.124 [main] INFO  s.d.s.w.r.o.CachingOperationNameGenerator - [startingWith,40] - Generating unique operation named: refreshCacheUsingDELETE_1
14:18:21.125 [main] INFO  s.d.s.w.r.o.CachingOperationNameGenerator - [startingWith,40] - Generating unique operation named: removeUsingDELETE_3
14:18:21.128 [main] INFO  s.d.s.w.r.o.CachingOperationNameGenerator - [startingWith,40] - Generating unique operation named: addUsingPOST_4
14:18:21.136 [main] INFO  s.d.s.w.r.o.CachingOperationNameGenerator - [startingWith,40] - Generating unique operation named: exportUsingPOST_3
14:18:21.138 [main] INFO  s.d.s.w.r.o.CachingOperationNameGenerator - [startingWith,40] - Generating unique operation named: listUsingGET_4
14:18:21.141 [main] INFO  s.d.s.w.r.o.CachingOperationNameGenerator - [startingWith,40] - Generating unique operation named: removeUsingDELETE_4
14:18:21.142 [com.alibaba.nacos.client.naming.updater.0] INFO  c.a.n.client.naming - [isChangedServiceInfo,221] - new ips(1) service: DEFAULT_GROUP@@ruoyi-system@@DEFAULT -> [{"ip":"192.168.145.1","port":9201,"weight":1.0,"healthy":true,"enabled":true,"ephemeral":true,"clusterName":"DEFAULT","serviceName":"DEFAULT_GROUP@@ruoyi-system","metadata":{"preserved.register.source":"SPRING_CLOUD"},"ipDeleteTimeout":30000,"instanceHeartBeatInterval":5000,"instanceHeartBeatTimeOut":15000}]
14:18:21.143 [com.alibaba.nacos.client.naming.updater.0] INFO  c.a.n.client.naming - [processServiceInfo,152] - current ips:(1) service: DEFAULT_GROUP@@ruoyi-system@@DEFAULT -> [{"ip":"192.168.145.1","port":9201,"weight":1.0,"healthy":true,"enabled":true,"ephemeral":true,"clusterName":"DEFAULT","serviceName":"DEFAULT_GROUP@@ruoyi-system","metadata":{"preserved.register.source":"SPRING_CLOUD"},"ipDeleteTimeout":30000,"instanceHeartBeatInterval":5000,"instanceHeartBeatTimeOut":15000}]
14:18:21.147 [main] INFO  s.d.s.w.r.o.CachingOperationNameGenerator - [startingWith,40] - Generating unique operation named: addUsingPOST_5
14:18:21.148 [main] INFO  s.d.s.w.r.o.CachingOperationNameGenerator - [startingWith,40] - Generating unique operation named: editUsingPUT_4
14:18:21.150 [main] INFO  s.d.s.w.r.o.CachingOperationNameGenerator - [startingWith,40] - Generating unique operation named: getInfoUsingGET_4
14:18:21.155 [main] INFO  s.d.s.w.r.o.CachingOperationNameGenerator - [startingWith,40] - Generating unique operation named: listUsingGET_5
14:18:21.157 [main] INFO  s.d.s.w.r.o.CachingOperationNameGenerator - [startingWith,40] - Generating unique operation named: removeUsingDELETE_5
14:18:21.164 [main] INFO  s.d.s.w.r.o.CachingOperationNameGenerator - [startingWith,40] - Generating unique operation named: treeselectUsingGET_1
14:18:21.170 [main] INFO  s.d.s.w.r.o.CachingOperationNameGenerator - [startingWith,40] - Generating unique operation named: addUsingPOST_6
14:18:21.171 [main] INFO  s.d.s.w.r.o.CachingOperationNameGenerator - [startingWith,40] - Generating unique operation named: editUsingPUT_5
14:18:21.173 [main] INFO  s.d.s.w.r.o.CachingOperationNameGenerator - [startingWith,40] - Generating unique operation named: getInfoUsingGET_5
14:18:21.178 [main] INFO  s.d.s.w.r.o.CachingOperationNameGenerator - [startingWith,40] - Generating unique operation named: listUsingGET_6
14:18:21.179 [main] INFO  s.d.s.w.r.o.CachingOperationNameGenerator - [startingWith,40] - Generating unique operation named: removeUsingDELETE_6
14:18:21.187 [main] INFO  s.d.s.w.r.o.CachingOperationNameGenerator - [startingWith,40] - Generating unique operation named: addUsingPOST_7
14:18:21.188 [main] INFO  s.d.s.w.r.o.CachingOperationNameGenerator - [startingWith,40] - Generating unique operation named: cleanUsingDELETE_1
14:18:21.193 [main] INFO  s.d.s.w.r.o.CachingOperationNameGenerator - [startingWith,40] - Generating unique operation named: exportUsingPOST_4
14:18:21.196 [main] INFO  s.d.s.w.r.o.CachingOperationNameGenerator - [startingWith,40] - Generating unique operation named: listUsingGET_7
14:18:21.199 [main] INFO  s.d.s.w.r.o.CachingOperationNameGenerator - [startingWith,40] - Generating unique operation named: removeUsingDELETE_7
14:18:21.205 [main] INFO  s.d.s.w.r.o.CachingOperationNameGenerator - [startingWith,40] - Generating unique operation named: addUsingPOST_8
14:18:21.207 [main] INFO  s.d.s.w.r.o.CachingOperationNameGenerator - [startingWith,40] - Generating unique operation named: editUsingPUT_6
14:18:21.214 [main] INFO  s.d.s.w.r.o.CachingOperationNameGenerator - [startingWith,40] - Generating unique operation named: exportUsingPOST_5
14:18:21.216 [main] INFO  s.d.s.w.r.o.CachingOperationNameGenerator - [startingWith,40] - Generating unique operation named: getInfoUsingGET_6
14:18:21.219 [main] INFO  s.d.s.w.r.o.CachingOperationNameGenerator - [startingWith,40] - Generating unique operation named: listUsingGET_8
14:18:21.220 [main] INFO  s.d.s.w.r.o.CachingOperationNameGenerator - [startingWith,40] - Generating unique operation named: optionselectUsingGET_1
14:18:21.222 [main] INFO  s.d.s.w.r.o.CachingOperationNameGenerator - [startingWith,40] - Generating unique operation named: removeUsingDELETE_8
14:18:21.255 [main] INFO  s.d.s.w.r.o.CachingOperationNameGenerator - [startingWith,40] - Generating unique operation named: addUsingPOST_9
14:18:21.259 [main] INFO  s.d.s.w.r.o.CachingOperationNameGenerator - [startingWith,40] - Generating unique operation named: editUsingPUT_7
14:18:21.263 [main] INFO  s.d.s.w.r.o.CachingOperationNameGenerator - [startingWith,40] - Generating unique operation named: exportUsingPOST_6
14:18:21.264 [main] INFO  s.d.s.w.r.o.CachingOperationNameGenerator - [startingWith,40] - Generating unique operation named: getInfoUsingGET_7
14:18:21.266 [main] INFO  s.d.s.w.r.o.CachingOperationNameGenerator - [startingWith,40] - Generating unique operation named: listUsingGET_9
14:18:21.267 [main] INFO  s.d.s.w.r.o.CachingOperationNameGenerator - [startingWith,40] - Generating unique operation named: optionselectUsingGET_2
14:18:21.268 [main] INFO  s.d.s.w.r.o.CachingOperationNameGenerator - [startingWith,40] - Generating unique operation named: removeUsingDELETE_9
14:18:21.269 [main] INFO  s.d.s.w.r.o.CachingOperationNameGenerator - [startingWith,40] - Generating unique operation named: addUsingPOST_10
14:18:21.272 [main] INFO  s.d.s.w.r.o.CachingOperationNameGenerator - [startingWith,40] - Generating unique operation named: changeStatusUsingPUT_1
14:18:21.274 [main] INFO  s.d.s.w.r.o.CachingOperationNameGenerator - [startingWith,40] - Generating unique operation named: editUsingPUT_8
14:18:21.282 [main] INFO  s.d.s.w.r.o.CachingOperationNameGenerator - [startingWith,40] - Generating unique operation named: exportUsingPOST_7
14:18:21.285 [main] INFO  s.d.s.w.r.o.CachingOperationNameGenerator - [startingWith,40] - Generating unique operation named: getInfoUsingGET_8
14:18:21.285 [main] INFO  s.d.s.w.r.o.CachingOperationNameGenerator - [startingWith,40] - Generating unique operation named: getInfoUsingGET_9
14:18:21.286 [main] INFO  s.d.s.w.r.o.CachingOperationNameGenerator - [startingWith,40] - Generating unique operation named: getInfoUsingGET_10
14:18:21.307 [main] INFO  s.d.s.w.r.o.CachingOperationNameGenerator - [startingWith,40] - Generating unique operation named: listUsingGET_10
14:18:21.309 [main] INFO  s.d.s.w.r.o.CachingOperationNameGenerator - [startingWith,40] - Generating unique operation named: removeUsingDELETE_10
14:18:21.314 [main] INFO  s.d.s.w.r.o.CachingOperationNameGenerator - [startingWith,40] - Generating unique operation named: listUsingGET_11
14:18:21.352 [main] INFO  c.r.s.JzSystemApplication - [logStarted,61] - Started JzSystemApplication in 20.236 seconds (JVM running for 21.148)
14:18:21.369 [main] INFO  c.a.n.c.c.i.ClientWorker - [addCacheDataIfAbsent,346] - [config_rpc_client] [subscribe] ruoyi-system+DEFAULT_GROUP
14:18:21.371 [main] INFO  c.a.n.c.c.i.CacheData - [addListener,128] - [config_rpc_client] [add-listener] ok, tenant=, dataId=ruoyi-system, group=DEFAULT_GROUP, cnt=1
14:18:21.371 [main] INFO  c.a.n.c.c.i.ClientWorker - [addCacheDataIfAbsent,346] - [config_rpc_client] [subscribe] ruoyi-system.yml+DEFAULT_GROUP
14:18:21.371 [main] INFO  c.a.n.c.c.i.CacheData - [addListener,128] - [config_rpc_client] [add-listener] ok, tenant=, dataId=ruoyi-system.yml, group=DEFAULT_GROUP, cnt=1
14:18:21.373 [main] INFO  c.a.n.c.c.i.ClientWorker - [addCacheDataIfAbsent,346] - [config_rpc_client] [subscribe] ruoyi-system-dev.yml+DEFAULT_GROUP
14:18:21.373 [main] INFO  c.a.n.c.c.i.CacheData - [addListener,128] - [config_rpc_client] [add-listener] ok, tenant=, dataId=ruoyi-system-dev.yml, group=DEFAULT_GROUP, cnt=1
14:18:22.144 [RMI TCP Connection(11)-192.168.3.237] INFO  o.a.c.c.C.[.[.[/] - [log,173] - Initializing Spring DispatcherServlet 'dispatcherServlet'
14:18:22.382 [background-preinit] INFO  o.h.v.i.util.Version - [<clinit>,21] - HV000001: Hibernate Validator 6.2.0.Final
14:18:23.047 [main] INFO  c.a.n.c.r.client - [printIfInfoEnabled,60] - [config-0-1aa08e46-dad3-4081-8331-47904045c031] Success to connect to server [127.0.0.1:8848] on start up,connectionId=1690179502792_127.0.0.1_2390
14:18:23.048 [com.alibaba.nacos.client.remote.worker] INFO  c.a.n.c.r.client - [printIfInfoEnabled,60] - [config-0-1aa08e46-dad3-4081-8331-47904045c031]Notify connected event to listeners.
14:18:23.048 [main] INFO  c.a.n.c.r.client - [printIfInfoEnabled,60] - [config-0-1aa08e46-dad3-4081-8331-47904045c031]Register server push request handler:com.alibaba.nacos.common.remote.client.RpcClient$ConnectResetRequestHandler
14:18:23.048 [com.alibaba.nacos.client.remote.worker] INFO  c.a.n.c.c.i.ClientWorker - [onConnected,625] - [config-0-1aa08e46-dad3-4081-8331-47904045c031] Connected,notify listen context...
14:18:23.049 [main] INFO  c.a.n.c.r.client - [printIfInfoEnabled,60] - [config-0-1aa08e46-dad3-4081-8331-47904045c031]Register server push request handler:com.alibaba.nacos.common.remote.client.RpcClient$4
14:18:23.087 [main] INFO  c.a.n.c.c.i.Limiter - [<clinit>,54] - limitTime:5.0
14:18:23.106 [main] INFO  c.a.n.c.c.u.JvmUtil - [<clinit>,49] - isMultiInstance:false
14:18:23.154 [main] INFO  c.r.s.JzSystemApplication - [logStartupProfileInfo,667] - The following profiles are active: dev
14:18:23.758 [main] INFO  c.a.n.c.c.i.LocalConfigInfoProcessor - [<clinit>,212] - LOCAL_SNAPSHOT_PATH:C:\Users\jzgar\nacos\config
14:18:23.805 [main] INFO  o.r.Reflections - [scan,232] - Reflections took 32 ms to scan 1 urls, producing 3 keys and 6 values 
14:18:23.840 [main] INFO  o.r.Reflections - [scan,232] - Reflections took 19 ms to scan 1 urls, producing 4 keys and 9 values 
14:18:23.858 [main] INFO  o.r.Reflections - [scan,232] - Reflections took 15 ms to scan 1 urls, producing 3 keys and 10 values 
14:18:24.099 [main] INFO  o.r.Reflections - [scan,232] - Reflections took 238 ms to scan 223 urls, producing 0 keys and 0 values 
14:18:24.114 [main] INFO  o.r.Reflections - [scan,232] - Reflections took 14 ms to scan 1 urls, producing 1 keys and 5 values 
14:18:24.131 [main] INFO  o.r.Reflections - [scan,232] - Reflections took 14 ms to scan 1 urls, producing 1 keys and 7 values 
14:18:24.149 [main] INFO  o.r.Reflections - [scan,232] - Reflections took 15 ms to scan 1 urls, producing 2 keys and 8 values 
14:18:24.391 [main] INFO  o.r.Reflections - [scan,232] - Reflections took 238 ms to scan 223 urls, producing 0 keys and 0 values 
14:18:24.394 [main] INFO  c.a.n.c.r.client - [printIfInfoEnabled,60] - [config-0-33bf76d6-8313-4f63-8e19-5bf64e6857a2]RpcClient init label, labels={module=config, Vipserver-Tag=null, source=sdk, Amory-Tag=null, Location-Tag=null, taskId=0, AppName=unknown}
14:18:24.396 [main] INFO  c.a.n.c.r.client - [printIfInfoEnabled,60] - [config-0-33bf76d6-8313-4f63-8e19-5bf64e6857a2]Register server push request handler:com.alibaba.nacos.client.config.impl.ClientWorker$ConfigRpcTransportClient$$Lambda$324/1752535057
14:18:24.397 [main] INFO  c.a.n.c.r.client - [printIfInfoEnabled,60] - [config-0-33bf76d6-8313-4f63-8e19-5bf64e6857a2]Register server push request handler:com.alibaba.nacos.client.config.impl.ClientWorker$ConfigRpcTransportClient$$Lambda$325/2116299597
14:18:24.398 [main] INFO  c.a.n.c.r.client - [printIfInfoEnabled,60] - [config-0-33bf76d6-8313-4f63-8e19-5bf64e6857a2]Registry connection listener to current client:com.alibaba.nacos.client.config.impl.ClientWorker$ConfigRpcTransportClient$1
14:18:24.400 [main] INFO  c.a.n.c.r.client - [printIfInfoEnabled,60] - [config-0-33bf76d6-8313-4f63-8e19-5bf64e6857a2]RpcClient init, ServerListFactory =com.alibaba.nacos.client.config.impl.ClientWorker$ConfigRpcTransportClient$2
14:18:24.406 [main] INFO  c.a.n.c.r.client - [printIfInfoEnabled,60] - [config-0-33bf76d6-8313-4f63-8e19-5bf64e6857a2] Try to connect to server on start up, server: {serverIp='127.0.0.1', server main port=8848}
14:18:25.894 [main] INFO  o.a.c.h.Http11NioProtocol - [log,173] - Initializing ProtocolHandler ["http-nio-9201"]
14:18:25.895 [main] INFO  o.a.c.c.StandardService - [log,173] - Starting service [Tomcat]
14:18:25.896 [main] INFO  o.a.c.c.StandardEngine - [log,173] - Starting Servlet engine: [Apache Tomcat/9.0.46]
14:18:26.069 [main] INFO  o.a.c.c.C.[.[.[/] - [log,173] - Initializing Spring embedded WebApplicationContext
14:18:26.544 [main] INFO  c.a.d.p.DruidDataSource - [init,990] - {dataSource-1,master} inited
14:18:26.545 [main] INFO  c.b.d.d.DynamicRoutingDataSource - [addDataSource,144] - dynamic-datasource - add a datasource named [master] success
14:18:26.545 [main] INFO  c.b.d.d.DynamicRoutingDataSource - [afterPropertiesSet,235] - dynamic-datasource initial loaded [1] datasource,primary datasource named [master]
14:18:26.736 [main] INFO  c.a.n.c.r.client - [printIfInfoEnabled,60] - [config-0-33bf76d6-8313-4f63-8e19-5bf64e6857a2] Success to connect to server [127.0.0.1:8848] on start up,connectionId=1690179506434_127.0.0.1_2631
14:18:26.736 [com.alibaba.nacos.client.remote.worker] INFO  c.a.n.c.r.client - [printIfInfoEnabled,60] - [config-0-33bf76d6-8313-4f63-8e19-5bf64e6857a2]Notify connected event to listeners.
14:18:26.737 [com.alibaba.nacos.client.remote.worker] INFO  c.a.n.c.c.i.ClientWorker - [onConnected,625] - [config-0-33bf76d6-8313-4f63-8e19-5bf64e6857a2] Connected,notify listen context...
14:18:26.737 [main] INFO  c.a.n.c.r.client - [printIfInfoEnabled,60] - [config-0-33bf76d6-8313-4f63-8e19-5bf64e6857a2]Register server push request handler:com.alibaba.nacos.common.remote.client.RpcClient$ConnectResetRequestHandler
14:18:26.737 [main] INFO  c.a.n.c.r.client - [printIfInfoEnabled,60] - [config-0-33bf76d6-8313-4f63-8e19-5bf64e6857a2]Register server push request handler:com.alibaba.nacos.common.remote.client.RpcClient$4
14:18:26.782 [main] INFO  c.a.n.c.c.i.Limiter - [<clinit>,54] - limitTime:5.0
14:18:26.800 [main] INFO  c.a.n.c.c.u.JvmUtil - [<clinit>,49] - isMultiInstance:false
14:18:26.845 [main] INFO  c.r.s.JzPageApplication - [logStartupProfileInfo,667] - The following profiles are active: dev
14:18:28.721 [main] INFO  org.redisson.Version - [logVersion,41] - Redisson 3.13.3
14:18:29.174 [main] INFO  o.a.c.h.Http11NioProtocol - [log,173] - Initializing ProtocolHandler ["http-nio-9204"]
14:18:29.176 [main] INFO  o.a.c.c.StandardService - [log,173] - Starting service [Tomcat]
14:18:29.176 [main] INFO  o.a.c.c.StandardEngine - [log,173] - Starting Servlet engine: [Apache Tomcat/9.0.46]
14:18:29.316 [main] INFO  o.a.c.c.C.[.[.[/] - [log,173] - Initializing Spring embedded WebApplicationContext
14:18:29.615 [redisson-netty-2-16] INFO  o.r.c.p.MasterPubSubConnectionPool - [lambda$run$0,167] - 1 connections initialized for localhost/127.0.0.1:6379
14:18:29.633 [redisson-netty-2-20] INFO  o.r.c.p.MasterConnectionPool - [lambda$run$0,167] - 24 connections initialized for localhost/127.0.0.1:6379
14:18:29.680 [main] INFO  c.a.d.p.DruidDataSource - [init,990] - {dataSource-1,master} inited
14:18:29.681 [main] INFO  c.b.d.d.DynamicRoutingDataSource - [addDataSource,144] - dynamic-datasource - add a datasource named [master] success
14:18:29.681 [main] INFO  c.b.d.d.DynamicRoutingDataSource - [afterPropertiesSet,235] - dynamic-datasource initial loaded [1] datasource,primary datasource named [master]
14:18:31.171 [main] INFO  c.a.c.s.SentinelWebAutoConfiguration - [addInterceptors,80] - [Sentinel Starter] register SentinelWebInterceptor with urlPatterns: [/**].
14:18:31.850 [main] INFO  c.a.c.s.SentinelWebAutoConfiguration - [addInterceptors,80] - [Sentinel Starter] register SentinelWebInterceptor with urlPatterns: [/**].
14:18:31.908 [main] INFO  c.a.n.client.naming - [call,65] - initializer namespace from System Property :null
14:18:31.910 [main] INFO  c.a.n.client.naming - [call,74] - initializer namespace from System Environment :null
14:18:31.911 [main] INFO  c.a.n.client.naming - [call,84] - initializer namespace from System Property :null
14:18:31.949 [main] INFO  c.a.n.c.r.client - [printIfInfoEnabled,60] - [dd79003f-f3ae-4158-8e35-a444565b53ee]RpcClient init label, labels={module=naming, source=sdk}
14:18:31.950 [main] INFO  c.a.n.c.r.client - [printIfInfoEnabled,60] - [dd79003f-f3ae-4158-8e35-a444565b53ee]RpcClient init, ServerListFactory =com.alibaba.nacos.client.naming.core.ServerListManager
14:18:31.951 [main] INFO  c.a.n.c.r.client - [printIfInfoEnabled,60] - [dd79003f-f3ae-4158-8e35-a444565b53ee] Try to connect to server on start up, server: {serverIp='127.0.0.1', server main port=8848}
14:18:32.080 [main] INFO  c.a.n.c.r.client - [printIfInfoEnabled,60] - [dd79003f-f3ae-4158-8e35-a444565b53ee] Success to connect to server [127.0.0.1:8848] on start up,connectionId=1690179511959_127.0.0.1_2931
14:18:32.080 [main] INFO  c.a.n.c.r.client - [printIfInfoEnabled,60] - [dd79003f-f3ae-4158-8e35-a444565b53ee]Register server push request handler:com.alibaba.nacos.common.remote.client.RpcClient$ConnectResetRequestHandler
14:18:32.081 [main] INFO  c.a.n.c.r.client - [printIfInfoEnabled,60] - [dd79003f-f3ae-4158-8e35-a444565b53ee]Register server push request handler:com.alibaba.nacos.common.remote.client.RpcClient$4
14:18:32.081 [main] INFO  c.a.n.c.r.client - [printIfInfoEnabled,60] - [dd79003f-f3ae-4158-8e35-a444565b53ee]Register server push request handler:com.alibaba.nacos.client.naming.remote.gprc.NamingPushRequestHandler
14:18:32.082 [main] INFO  c.a.n.c.r.client - [printIfInfoEnabled,60] - [dd79003f-f3ae-4158-8e35-a444565b53ee]Registry connection listener to current client:com.alibaba.nacos.client.naming.remote.gprc.NamingGrpcConnectionEventListener
14:18:32.442 [main] INFO  s.d.s.w.PropertySourcedRequestMappingHandlerMapping - [initHandlerMethods,69] - Mapped URL path [/v2/api-docs] onto method [springfox.documentation.swagger2.web.Swagger2Controller#getDocumentation(String, HttpServletRequest)]
14:18:32.555 [main] INFO  c.a.n.client.naming - [call,65] - initializer namespace from System Property :null
14:18:32.556 [main] INFO  c.a.n.client.naming - [call,74] - initializer namespace from System Environment :null
14:18:32.558 [main] INFO  c.a.n.client.naming - [call,84] - initializer namespace from System Property :null
14:18:32.597 [main] INFO  c.a.n.c.r.client - [printIfInfoEnabled,60] - [90df24d5-2cc0-4282-965f-1b3cd878f7d8]RpcClient init label, labels={module=naming, source=sdk}
14:18:32.599 [main] INFO  c.a.n.c.r.client - [printIfInfoEnabled,60] - [90df24d5-2cc0-4282-965f-1b3cd878f7d8]RpcClient init, ServerListFactory =com.alibaba.nacos.client.naming.core.ServerListManager
14:18:32.600 [main] INFO  c.a.n.c.r.client - [printIfInfoEnabled,60] - [90df24d5-2cc0-4282-965f-1b3cd878f7d8] Try to connect to server on start up, server: {serverIp='127.0.0.1', server main port=8848}
14:18:32.733 [main] INFO  c.a.n.c.r.client - [printIfInfoEnabled,60] - [90df24d5-2cc0-4282-965f-1b3cd878f7d8] Success to connect to server [127.0.0.1:8848] on start up,connectionId=1690179512611_127.0.0.1_2933
14:18:32.734 [main] INFO  c.a.n.c.r.client - [printIfInfoEnabled,60] - [90df24d5-2cc0-4282-965f-1b3cd878f7d8]Register server push request handler:com.alibaba.nacos.common.remote.client.RpcClient$ConnectResetRequestHandler
14:18:32.734 [main] INFO  c.a.n.c.r.client - [printIfInfoEnabled,60] - [90df24d5-2cc0-4282-965f-1b3cd878f7d8]Register server push request handler:com.alibaba.nacos.common.remote.client.RpcClient$4
14:18:32.735 [main] INFO  c.a.n.c.r.client - [printIfInfoEnabled,60] - [90df24d5-2cc0-4282-965f-1b3cd878f7d8]Register server push request handler:com.alibaba.nacos.client.naming.remote.gprc.NamingPushRequestHandler
14:18:32.735 [main] INFO  c.a.n.c.r.client - [printIfInfoEnabled,60] - [90df24d5-2cc0-4282-965f-1b3cd878f7d8]Registry connection listener to current client:com.alibaba.nacos.client.naming.remote.gprc.NamingGrpcConnectionEventListener
14:18:33.095 [main] INFO  org.redisson.Version - [logVersion,41] - Redisson 3.13.3
14:18:34.334 [redisson-netty-2-24] INFO  o.r.c.p.MasterPubSubConnectionPool - [lambda$run$0,167] - 1 connections initialized for localhost/127.0.0.1:6379
14:18:34.360 [redisson-netty-2-20] INFO  o.r.c.p.MasterConnectionPool - [lambda$run$0,167] - 24 connections initialized for localhost/127.0.0.1:6379
14:18:34.465 [main] INFO  c.a.n.c.i.CredentialWatcher - [loadCredential,165] - null No credential found
14:18:34.488 [main] INFO  c.a.n.client.naming - [isChangedServiceInfo,167] - init new ips(1) service: DEFAULT_GROUP@@ruoyi-system@@DEFAULT -> [{"ip":"192.168.145.1","port":9201,"weight":1.0,"healthy":true,"enabled":true,"ephemeral":true,"clusterName":"DEFAULT","serviceName":"DEFAULT_GROUP@@ruoyi-system","metadata":{"preserved.register.source":"SPRING_CLOUD"},"ipDeleteTimeout":30000,"instanceHeartBeatInterval":5000,"instanceHeartBeatTimeOut":15000}]
14:18:34.494 [main] INFO  c.a.n.client.naming - [processServiceInfo,152] - current ips:(1) service: DEFAULT_GROUP@@ruoyi-system@@DEFAULT -> [{"ip":"192.168.145.1","port":9201,"weight":1.0,"healthy":true,"enabled":true,"ephemeral":true,"clusterName":"DEFAULT","serviceName":"DEFAULT_GROUP@@ruoyi-system","metadata":{"preserved.register.source":"SPRING_CLOUD"},"ipDeleteTimeout":30000,"instanceHeartBeatInterval":5000,"instanceHeartBeatTimeOut":15000}]
14:18:34.503 [main] INFO  o.a.c.h.Http11NioProtocol - [log,173] - Starting ProtocolHandler ["http-nio-9201"]
14:18:34.520 [main] INFO  c.a.n.client.naming - [shutdown,242] - com.alibaba.nacos.client.naming.cache.ServiceInfoHolder do shutdown begin
14:18:34.520 [main] INFO  c.a.n.client.naming - [shutdown,132] - com.alibaba.nacos.client.naming.backups.FailoverReactor do shutdown begin
14:18:34.770 [main] INFO  s.d.s.w.PropertySourcedRequestMappingHandlerMapping - [initHandlerMethods,69] - Mapped URL path [/v2/api-docs] onto method [springfox.documentation.swagger2.web.Swagger2Controller#getDocumentation(String, HttpServletRequest)]
14:18:34.843 [main] INFO  c.a.n.client.naming - [shutdown,134] - com.alibaba.nacos.client.naming.backups.FailoverReactor do shutdown stop
14:18:34.843 [main] INFO  c.a.n.client.naming - [shutdown,244] - com.alibaba.nacos.client.naming.cache.ServiceInfoHolder do shutdown stop
14:18:34.843 [main] INFO  c.a.n.client.naming - [shutdown,176] - com.alibaba.nacos.client.naming.remote.NamingClientProxyDelegate do shutdown begin
14:18:34.844 [main] INFO  c.a.n.client.naming - [shutdown,130] - com.alibaba.nacos.client.naming.core.ServiceInfoUpdateService do shutdown begin
14:18:35.048 [nacos-grpc-client-executor-5] INFO  c.a.n.c.r.client - [printIfInfoEnabled,60] - [dd79003f-f3ae-4158-8e35-a444565b53ee]receive server push request,request=NotifySubscriberRequest,requestId=15
14:18:35.049 [nacos-grpc-client-executor-5] INFO  c.a.n.client.naming - [isChangedServiceInfo,167] - init new ips(1) service: DEFAULT_GROUP@@ruoyi-system -> [{"ip":"192.168.145.1","port":9201,"weight":1.0,"healthy":true,"enabled":true,"ephemeral":true,"clusterName":"DEFAULT","serviceName":"DEFAULT_GROUP@@ruoyi-system","metadata":{"preserved.register.source":"SPRING_CLOUD"},"ipDeleteTimeout":30000,"instanceHeartBeatInterval":5000,"instanceHeartBeatTimeOut":15000}]
14:18:35.050 [nacos-grpc-client-executor-5] INFO  c.a.n.client.naming - [processServiceInfo,152] - current ips:(1) service: DEFAULT_GROUP@@ruoyi-system -> [{"ip":"192.168.145.1","port":9201,"weight":1.0,"healthy":true,"enabled":true,"ephemeral":true,"clusterName":"DEFAULT","serviceName":"DEFAULT_GROUP@@ruoyi-system","metadata":{"preserved.register.source":"SPRING_CLOUD"},"ipDeleteTimeout":30000,"instanceHeartBeatInterval":5000,"instanceHeartBeatTimeOut":15000}]
14:18:35.052 [nacos-grpc-client-executor-5] INFO  c.a.n.c.r.client - [printIfInfoEnabled,60] - [dd79003f-f3ae-4158-8e35-a444565b53ee]ack server push request,request=NotifySubscriberRequest,requestId=15
14:18:35.167 [main] INFO  c.a.n.client.naming - [shutdown,132] - com.alibaba.nacos.client.naming.core.ServiceInfoUpdateService do shutdown stop
14:18:35.168 [main] INFO  c.a.n.client.naming - [shutdown,175] - com.alibaba.nacos.client.naming.core.ServerListManager do shutdown begin
14:18:35.168 [main] INFO  c.a.n.client.naming - [shutdown,180] - com.alibaba.nacos.client.naming.core.ServerListManager do shutdown stop
14:18:35.169 [main] INFO  c.a.n.client.naming - [shutdown,479] - com.alibaba.nacos.client.naming.remote.http.NamingHttpClientProxy do shutdown begin
14:18:35.169 [main] INFO  c.a.n.client.naming - [shutdown,160] - com.alibaba.nacos.client.naming.beat.BeatReactor do shutdown begin
14:18:35.169 [main] INFO  c.a.n.client.naming - [shutdown,162] - com.alibaba.nacos.client.naming.beat.BeatReactor do shutdown stop
14:18:35.170 [main] INFO  c.a.n.c.i.CredentialWatcher - [stop,105] - [null] CredentialWatcher is stopped
14:18:35.170 [main] INFO  c.a.n.c.i.CredentialService - [free,98] - [null] CredentialService is freed
14:18:35.170 [main] INFO  c.a.n.client.naming - [shutdown,483] - com.alibaba.nacos.client.naming.remote.http.NamingHttpClientProxy do shutdown stop
14:18:35.175 [nacos-grpc-client-executor-6] INFO  c.a.n.c.r.client - [printIfInfoEnabled,60] - [1690179511959_127.0.0.1_2931]Ignore complete event,isRunning:false,isAbandon=false
14:18:35.177 [com.alibaba.nacos.client.remote.worker] INFO  c.a.n.c.r.client - [printIfInfoEnabled,60] - [dd79003f-f3ae-4158-8e35-a444565b53ee]Notify disconnected event to listeners
14:18:35.177 [main] INFO  c.a.n.client.naming - [shutdown,182] - com.alibaba.nacos.client.naming.remote.NamingClientProxyDelegate do shutdown stop
14:18:35.217 [main] INFO  c.b.d.d.DynamicRoutingDataSource - [destroy,215] - dynamic-datasource start closing ....
14:18:35.221 [main] INFO  c.a.d.p.DruidDataSource - [close,2043] - {dataSource-1} closing ...
14:18:35.229 [main] INFO  c.a.d.p.DruidDataSource - [close,2116] - {dataSource-1} closed
14:18:35.229 [main] INFO  c.b.d.d.DynamicRoutingDataSource - [destroy,219] - dynamic-datasource all closed success,bye
14:18:35.231 [main] INFO  o.a.c.h.Http11NioProtocol - [log,173] - Pausing ProtocolHandler ["http-nio-9201"]
14:18:35.231 [main] INFO  o.a.c.c.StandardService - [log,173] - Stopping service [Tomcat]
14:18:35.238 [main] INFO  o.a.c.h.Http11NioProtocol - [log,173] - Stopping ProtocolHandler ["http-nio-9201"]
14:18:35.240 [main] INFO  o.a.c.h.Http11NioProtocol - [log,173] - Destroying ProtocolHandler ["http-nio-9201"]
14:18:36.696 [main] INFO  c.a.n.c.i.CredentialWatcher - [loadCredential,165] - null No credential found
14:18:36.709 [main] INFO  c.a.n.client.naming - [isChangedServiceInfo,167] - init new ips(0) service: DEFAULT_GROUP@@jz-page@@DEFAULT -> []
14:18:36.715 [main] INFO  c.a.n.client.naming - [processServiceInfo,152] - current ips:(0) service: DEFAULT_GROUP@@jz-page@@DEFAULT -> []
14:18:36.719 [main] INFO  o.a.c.h.Http11NioProtocol - [log,173] - Starting ProtocolHandler ["http-nio-9204"]
14:18:36.730 [main] INFO  c.a.n.client.naming - [registerService,97] - [REGISTER-SERVICE] public registering service jz-page with instance Instance{instanceId='null', ip='192.168.145.1', port=9204, weight=1.0, healthy=true, enabled=true, ephemeral=true, clusterName='DEFAULT', serviceName='null', metadata={preserved.register.source=SPRING_CLOUD}}
14:18:36.735 [main] INFO  c.a.c.n.r.NacosServiceRegistry - [register,75] - nacos registry, DEFAULT_GROUP jz-page 192.168.145.1:9204 register finished
14:18:37.004 [main] INFO  s.d.s.w.p.DocumentationPluginsBootstrapper - [start,160] - Context refreshed
14:18:37.020 [main] INFO  s.d.s.w.p.DocumentationPluginsBootstrapper - [start,163] - Found 1 custom documentation plugin(s)
14:18:37.049 [main] INFO  s.d.s.w.s.ApiListingReferenceScanner - [scan,41] - Scanning for api listing references
14:18:37.113 [main] INFO  c.r.s.JzPageApplication - [logStarted,61] - Started JzPageApplication in 16.009 seconds (JVM running for 17.381)
14:18:37.123 [main] INFO  c.a.n.c.c.i.ClientWorker - [addCacheDataIfAbsent,346] - [config_rpc_client] [subscribe] jz-page+DEFAULT_GROUP
14:18:37.123 [main] INFO  c.a.n.c.c.i.CacheData - [addListener,128] - [config_rpc_client] [add-listener] ok, tenant=, dataId=jz-page, group=DEFAULT_GROUP, cnt=1
14:18:37.124 [main] INFO  c.a.n.c.c.i.ClientWorker - [addCacheDataIfAbsent,346] - [config_rpc_client] [subscribe] jz-page.yml+DEFAULT_GROUP
14:18:37.124 [main] INFO  c.a.n.c.c.i.CacheData - [addListener,128] - [config_rpc_client] [add-listener] ok, tenant=, dataId=jz-page.yml, group=DEFAULT_GROUP, cnt=1
14:18:37.124 [main] INFO  c.a.n.c.c.i.ClientWorker - [addCacheDataIfAbsent,346] - [config_rpc_client] [subscribe] jz-page-dev.yml+DEFAULT_GROUP
14:18:37.125 [main] INFO  c.a.n.c.c.i.CacheData - [addListener,128] - [config_rpc_client] [add-listener] ok, tenant=, dataId=jz-page-dev.yml, group=DEFAULT_GROUP, cnt=1
14:18:37.220 [nacos-grpc-client-executor-7] INFO  c.a.n.c.r.client - [printIfInfoEnabled,60] - [90df24d5-2cc0-4282-965f-1b3cd878f7d8]receive server push request,request=NotifySubscriberRequest,requestId=17
14:18:37.222 [nacos-grpc-client-executor-7] INFO  c.a.n.client.naming - [isChangedServiceInfo,167] - init new ips(1) service: DEFAULT_GROUP@@jz-page -> [{"ip":"192.168.145.1","port":9204,"weight":1.0,"healthy":true,"enabled":true,"ephemeral":true,"clusterName":"DEFAULT","serviceName":"DEFAULT_GROUP@@jz-page","metadata":{"preserved.register.source":"SPRING_CLOUD"},"ipDeleteTimeout":30000,"instanceHeartBeatInterval":5000,"instanceHeartBeatTimeOut":15000}]
14:18:37.222 [nacos-grpc-client-executor-7] INFO  c.a.n.client.naming - [processServiceInfo,152] - current ips:(1) service: DEFAULT_GROUP@@jz-page -> [{"ip":"192.168.145.1","port":9204,"weight":1.0,"healthy":true,"enabled":true,"ephemeral":true,"clusterName":"DEFAULT","serviceName":"DEFAULT_GROUP@@jz-page","metadata":{"preserved.register.source":"SPRING_CLOUD"},"ipDeleteTimeout":30000,"instanceHeartBeatInterval":5000,"instanceHeartBeatTimeOut":15000}]
14:18:37.223 [nacos-grpc-client-executor-7] INFO  c.a.n.c.r.client - [printIfInfoEnabled,60] - [90df24d5-2cc0-4282-965f-1b3cd878f7d8]ack server push request,request=NotifySubscriberRequest,requestId=17
14:18:37.295 [RMI TCP Connection(3)-192.168.3.237] INFO  o.a.c.c.C.[.[.[/] - [log,173] - Initializing Spring DispatcherServlet 'dispatcherServlet'
14:18:37.722 [com.alibaba.nacos.client.naming.updater.0] INFO  c.a.n.client.naming - [isChangedServiceInfo,221] - new ips(1) service: DEFAULT_GROUP@@jz-page@@DEFAULT -> [{"ip":"192.168.145.1","port":9204,"weight":1.0,"healthy":true,"enabled":true,"ephemeral":true,"clusterName":"DEFAULT","serviceName":"DEFAULT_GROUP@@jz-page","metadata":{"preserved.register.source":"SPRING_CLOUD"},"ipDeleteTimeout":30000,"instanceHeartBeatInterval":5000,"instanceHeartBeatTimeOut":15000}]
14:18:37.722 [com.alibaba.nacos.client.naming.updater.0] INFO  c.a.n.client.naming - [processServiceInfo,152] - current ips:(1) service: DEFAULT_GROUP@@jz-page@@DEFAULT -> [{"ip":"192.168.145.1","port":9204,"weight":1.0,"healthy":true,"enabled":true,"ephemeral":true,"clusterName":"DEFAULT","serviceName":"DEFAULT_GROUP@@jz-page","metadata":{"preserved.register.source":"SPRING_CLOUD"},"ipDeleteTimeout":30000,"instanceHeartBeatInterval":5000,"instanceHeartBeatTimeOut":15000}]
