09:16:51.628 [background-preinit] INFO  o.h.v.i.util.Version - [<clinit>,21] - HV000001: Hibernate Validator 6.2.0.Final
09:16:52.306 [main] INFO  c.a.n.c.c.i.LocalConfigInfoProcessor - [<clinit>,212] - LOCAL_SNAPSHOT_PATH:C:\Users\jzgar\nacos\config
09:16:52.364 [main] INFO  o.r.Reflections - [scan,232] - Reflections took 33 ms to scan 1 urls, producing 3 keys and 6 values 
09:16:52.392 [main] INFO  o.r.Reflections - [scan,232] - Reflections took 13 ms to scan 1 urls, producing 4 keys and 9 values 
09:16:52.406 [main] INFO  o.r.Reflections - [scan,232] - Reflections took 12 ms to scan 1 urls, producing 3 keys and 10 values 
09:16:52.630 [main] INFO  o.r.Reflections - [scan,232] - Reflections took 220 ms to scan 223 urls, producing 0 keys and 0 values 
09:16:52.640 [main] INFO  o.r.Reflections - [scan,232] - Reflections took 8 ms to scan 1 urls, producing 1 keys and 5 values 
09:16:52.652 [main] INFO  o.r.Reflections - [scan,232] - Reflections took 11 ms to scan 1 urls, producing 1 keys and 7 values 
09:16:52.668 [main] INFO  o.r.Reflections - [scan,232] - Reflections took 13 ms to scan 1 urls, producing 2 keys and 8 values 
09:16:52.807 [main] INFO  o.r.Reflections - [scan,232] - Reflections took 137 ms to scan 223 urls, producing 0 keys and 0 values 
09:16:52.808 [main] INFO  c.a.n.c.r.client - [printIfInfoEnabled,60] - [config-0-be5cf16e-fbd7-48de-b9bd-e6644d1c536d]RpcClient init label, labels={module=config, Vipserver-Tag=null, source=sdk, Amory-Tag=null, Location-Tag=null, taskId=0, AppName=unknown}
09:16:52.808 [main] INFO  c.a.n.c.r.client - [printIfInfoEnabled,60] - [config-0-be5cf16e-fbd7-48de-b9bd-e6644d1c536d]Register server push request handler:com.alibaba.nacos.client.config.impl.ClientWorker$ConfigRpcTransportClient$$Lambda$324/488600086
09:16:52.809 [main] INFO  c.a.n.c.r.client - [printIfInfoEnabled,60] - [config-0-be5cf16e-fbd7-48de-b9bd-e6644d1c536d]Register server push request handler:com.alibaba.nacos.client.config.impl.ClientWorker$ConfigRpcTransportClient$$Lambda$325/1111379131
09:16:52.809 [main] INFO  c.a.n.c.r.client - [printIfInfoEnabled,60] - [config-0-be5cf16e-fbd7-48de-b9bd-e6644d1c536d]Registry connection listener to current client:com.alibaba.nacos.client.config.impl.ClientWorker$ConfigRpcTransportClient$1
09:16:52.809 [main] INFO  c.a.n.c.r.client - [printIfInfoEnabled,60] - [config-0-be5cf16e-fbd7-48de-b9bd-e6644d1c536d]RpcClient init, ServerListFactory =com.alibaba.nacos.client.config.impl.ClientWorker$ConfigRpcTransportClient$2
09:16:52.811 [main] INFO  c.a.n.c.r.client - [printIfInfoEnabled,60] - [config-0-be5cf16e-fbd7-48de-b9bd-e6644d1c536d] Try to connect to server on start up, server: {serverIp='127.0.0.1', server main port=8848}
09:16:54.330 [main] INFO  c.a.n.c.r.client - [printIfInfoEnabled,60] - [config-0-be5cf16e-fbd7-48de-b9bd-e6644d1c536d] Success to connect to server [127.0.0.1:8848] on start up,connectionId=1688087814093_127.0.0.1_60622
09:16:54.330 [com.alibaba.nacos.client.remote.worker] INFO  c.a.n.c.r.client - [printIfInfoEnabled,60] - [config-0-be5cf16e-fbd7-48de-b9bd-e6644d1c536d]Notify connected event to listeners.
09:16:54.330 [com.alibaba.nacos.client.remote.worker] INFO  c.a.n.c.c.i.ClientWorker - [onConnected,625] - [config-0-be5cf16e-fbd7-48de-b9bd-e6644d1c536d] Connected,notify listen context...
09:16:54.330 [main] INFO  c.a.n.c.r.client - [printIfInfoEnabled,60] - [config-0-be5cf16e-fbd7-48de-b9bd-e6644d1c536d]Register server push request handler:com.alibaba.nacos.common.remote.client.RpcClient$ConnectResetRequestHandler
09:16:54.330 [main] INFO  c.a.n.c.r.client - [printIfInfoEnabled,60] - [config-0-be5cf16e-fbd7-48de-b9bd-e6644d1c536d]Register server push request handler:com.alibaba.nacos.common.remote.client.RpcClient$4
09:16:54.354 [main] INFO  c.a.n.c.c.i.Limiter - [<clinit>,54] - limitTime:5.0
09:16:54.368 [main] INFO  c.a.n.c.c.u.JvmUtil - [<clinit>,49] - isMultiInstance:false
09:16:54.404 [main] INFO  c.r.s.JzSystemApplication - [logStartupProfileInfo,667] - The following profiles are active: dev
09:16:57.316 [main] INFO  o.a.c.h.Http11NioProtocol - [log,173] - Initializing ProtocolHandler ["http-nio-9201"]
09:16:57.317 [main] INFO  o.a.c.c.StandardService - [log,173] - Starting service [Tomcat]
09:16:57.317 [main] INFO  o.a.c.c.StandardEngine - [log,173] - Starting Servlet engine: [Apache Tomcat/9.0.46]
09:16:57.533 [main] INFO  o.a.c.c.C.[.[.[/] - [log,173] - Initializing Spring embedded WebApplicationContext
09:16:57.939 [main] INFO  c.a.d.p.DruidDataSource - [init,990] - {dataSource-1,master} inited
09:16:57.941 [main] INFO  c.b.d.d.DynamicRoutingDataSource - [addDataSource,144] - dynamic-datasource - add a datasource named [master] success
09:16:57.941 [main] INFO  c.b.d.d.DynamicRoutingDataSource - [afterPropertiesSet,235] - dynamic-datasource initial loaded [1] datasource,primary datasource named [master]
09:17:01.099 [main] INFO  org.redisson.Version - [logVersion,41] - Redisson 3.13.3
09:17:03.108 [redisson-netty-2-24] INFO  o.r.c.p.MasterPubSubConnectionPool - [lambda$run$0,167] - 1 connections initialized for localhost/127.0.0.1:6379
09:17:03.133 [redisson-netty-2-20] INFO  o.r.c.p.MasterConnectionPool - [lambda$run$0,167] - 24 connections initialized for localhost/127.0.0.1:6379
09:17:04.691 [main] INFO  c.a.c.s.SentinelWebAutoConfiguration - [addInterceptors,80] - [Sentinel Starter] register SentinelWebInterceptor with urlPatterns: [/**].
09:17:05.791 [main] INFO  c.a.n.client.naming - [call,65] - initializer namespace from System Property :null
09:17:05.792 [main] INFO  c.a.n.client.naming - [call,74] - initializer namespace from System Environment :null
09:17:05.793 [main] INFO  c.a.n.client.naming - [call,84] - initializer namespace from System Property :null
09:17:05.817 [main] INFO  c.a.n.c.r.client - [printIfInfoEnabled,60] - [416baf7f-e28a-4ba0-8d1a-65e7ae79ceea]RpcClient init label, labels={module=naming, source=sdk}
09:17:05.818 [main] INFO  c.a.n.c.r.client - [printIfInfoEnabled,60] - [416baf7f-e28a-4ba0-8d1a-65e7ae79ceea]RpcClient init, ServerListFactory =com.alibaba.nacos.client.naming.core.ServerListManager
09:17:05.819 [main] INFO  c.a.n.c.r.client - [printIfInfoEnabled,60] - [416baf7f-e28a-4ba0-8d1a-65e7ae79ceea] Try to connect to server on start up, server: {serverIp='127.0.0.1', server main port=8848}
09:17:05.950 [main] INFO  c.a.n.c.r.client - [printIfInfoEnabled,60] - [416baf7f-e28a-4ba0-8d1a-65e7ae79ceea] Success to connect to server [127.0.0.1:8848] on start up,connectionId=1688087825830_127.0.0.1_61271
09:17:05.951 [main] INFO  c.a.n.c.r.client - [printIfInfoEnabled,60] - [416baf7f-e28a-4ba0-8d1a-65e7ae79ceea]Register server push request handler:com.alibaba.nacos.common.remote.client.RpcClient$ConnectResetRequestHandler
09:17:05.952 [main] INFO  c.a.n.c.r.client - [printIfInfoEnabled,60] - [416baf7f-e28a-4ba0-8d1a-65e7ae79ceea]Register server push request handler:com.alibaba.nacos.common.remote.client.RpcClient$4
09:17:05.953 [main] INFO  c.a.n.c.r.client - [printIfInfoEnabled,60] - [416baf7f-e28a-4ba0-8d1a-65e7ae79ceea]Register server push request handler:com.alibaba.nacos.client.naming.remote.gprc.NamingPushRequestHandler
09:17:05.954 [main] INFO  c.a.n.c.r.client - [printIfInfoEnabled,60] - [416baf7f-e28a-4ba0-8d1a-65e7ae79ceea]Registry connection listener to current client:com.alibaba.nacos.client.naming.remote.gprc.NamingGrpcConnectionEventListener
09:17:06.344 [main] INFO  s.d.s.w.PropertySourcedRequestMappingHandlerMapping - [initHandlerMethods,69] - Mapped URL path [/v2/api-docs] onto method [springfox.documentation.swagger2.web.Swagger2Controller#getDocumentation(String, HttpServletRequest)]
09:17:08.520 [main] INFO  c.a.n.c.i.CredentialWatcher - [loadCredential,165] - null No credential found
09:17:08.541 [main] INFO  c.a.n.client.naming - [isChangedServiceInfo,167] - init new ips(0) service: DEFAULT_GROUP@@ruoyi-system@@DEFAULT -> []
09:17:08.553 [main] INFO  c.a.n.client.naming - [processServiceInfo,152] - current ips:(0) service: DEFAULT_GROUP@@ruoyi-system@@DEFAULT -> []
09:17:08.564 [main] INFO  o.a.c.h.Http11NioProtocol - [log,173] - Starting ProtocolHandler ["http-nio-9201"]
09:17:08.587 [main] INFO  c.a.n.client.naming - [registerService,97] - [REGISTER-SERVICE] public registering service ruoyi-system with instance Instance{instanceId='null', ip='192.168.145.1', port=9201, weight=1.0, healthy=true, enabled=true, ephemeral=true, clusterName='DEFAULT', serviceName='null', metadata={preserved.register.source=SPRING_CLOUD}}
09:17:08.624 [main] INFO  c.a.c.n.r.NacosServiceRegistry - [register,75] - nacos registry, DEFAULT_GROUP ruoyi-system 192.168.145.1:9201 register finished
09:17:09.106 [main] INFO  s.d.s.w.p.DocumentationPluginsBootstrapper - [start,160] - Context refreshed
09:17:09.139 [main] INFO  s.d.s.w.p.DocumentationPluginsBootstrapper - [start,163] - Found 1 custom documentation plugin(s)
09:17:09.149 [nacos-grpc-client-executor-7] INFO  c.a.n.c.r.client - [printIfInfoEnabled,60] - [416baf7f-e28a-4ba0-8d1a-65e7ae79ceea]receive server push request,request=NotifySubscriberRequest,requestId=4
09:17:09.154 [nacos-grpc-client-executor-7] INFO  c.a.n.client.naming - [isChangedServiceInfo,167] - init new ips(1) service: DEFAULT_GROUP@@ruoyi-system -> [{"ip":"192.168.145.1","port":9201,"weight":1.0,"healthy":true,"enabled":true,"ephemeral":true,"clusterName":"DEFAULT","serviceName":"DEFAULT_GROUP@@ruoyi-system","metadata":{"preserved.register.source":"SPRING_CLOUD"},"ipDeleteTimeout":30000,"instanceHeartBeatInterval":5000,"instanceHeartBeatTimeOut":15000}]
09:17:09.155 [nacos-grpc-client-executor-7] INFO  c.a.n.client.naming - [processServiceInfo,152] - current ips:(1) service: DEFAULT_GROUP@@ruoyi-system -> [{"ip":"192.168.145.1","port":9201,"weight":1.0,"healthy":true,"enabled":true,"ephemeral":true,"clusterName":"DEFAULT","serviceName":"DEFAULT_GROUP@@ruoyi-system","metadata":{"preserved.register.source":"SPRING_CLOUD"},"ipDeleteTimeout":30000,"instanceHeartBeatInterval":5000,"instanceHeartBeatTimeOut":15000}]
09:17:09.157 [nacos-grpc-client-executor-7] INFO  c.a.n.c.r.client - [printIfInfoEnabled,60] - [416baf7f-e28a-4ba0-8d1a-65e7ae79ceea]ack server push request,request=NotifySubscriberRequest,requestId=4
09:17:09.231 [main] INFO  s.d.s.w.s.ApiListingReferenceScanner - [scan,41] - Scanning for api listing references
09:17:09.482 [main] INFO  s.d.s.w.r.o.CachingOperationNameGenerator - [startingWith,40] - Generating unique operation named: addUsingPOST_1
09:17:09.484 [main] INFO  s.d.s.w.r.o.CachingOperationNameGenerator - [startingWith,40] - Generating unique operation named: editUsingPUT_1
09:17:09.486 [main] INFO  s.d.s.w.r.o.CachingOperationNameGenerator - [startingWith,40] - Generating unique operation named: getInfoUsingGET_1
09:17:09.493 [main] INFO  s.d.s.w.r.o.CachingOperationNameGenerator - [startingWith,40] - Generating unique operation named: listUsingGET_1
09:17:09.495 [main] INFO  s.d.s.w.r.o.CachingOperationNameGenerator - [startingWith,40] - Generating unique operation named: removeUsingDELETE_1
09:17:09.507 [main] INFO  s.d.s.w.r.o.CachingOperationNameGenerator - [startingWith,40] - Generating unique operation named: addUsingPOST_2
09:17:09.509 [main] INFO  s.d.s.w.r.o.CachingOperationNameGenerator - [startingWith,40] - Generating unique operation named: editUsingPUT_2
09:17:09.514 [main] INFO  s.d.s.w.r.o.CachingOperationNameGenerator - [startingWith,40] - Generating unique operation named: exportUsingPOST_1
09:17:09.516 [main] INFO  s.d.s.w.r.o.CachingOperationNameGenerator - [startingWith,40] - Generating unique operation named: getInfoUsingGET_2
09:17:09.518 [main] INFO  s.d.s.w.r.o.CachingOperationNameGenerator - [startingWith,40] - Generating unique operation named: listUsingGET_2
09:17:09.519 [main] INFO  s.d.s.w.r.o.CachingOperationNameGenerator - [startingWith,40] - Generating unique operation named: removeUsingDELETE_2
09:17:09.523 [main] INFO  s.d.s.w.r.o.CachingOperationNameGenerator - [startingWith,40] - Generating unique operation named: addUsingPOST_3
09:17:09.524 [main] INFO  s.d.s.w.r.o.CachingOperationNameGenerator - [startingWith,40] - Generating unique operation named: editUsingPUT_3
09:17:09.528 [main] INFO  s.d.s.w.r.o.CachingOperationNameGenerator - [startingWith,40] - Generating unique operation named: exportUsingPOST_2
09:17:09.529 [main] INFO  s.d.s.w.r.o.CachingOperationNameGenerator - [startingWith,40] - Generating unique operation named: getInfoUsingGET_3
09:17:09.531 [main] INFO  s.d.s.w.r.o.CachingOperationNameGenerator - [startingWith,40] - Generating unique operation named: listUsingGET_3
09:17:09.533 [main] INFO  s.d.s.w.r.o.CachingOperationNameGenerator - [startingWith,40] - Generating unique operation named: refreshCacheUsingDELETE_1
09:17:09.534 [main] INFO  s.d.s.w.r.o.CachingOperationNameGenerator - [startingWith,40] - Generating unique operation named: removeUsingDELETE_3
09:17:09.538 [main] INFO  s.d.s.w.r.o.CachingOperationNameGenerator - [startingWith,40] - Generating unique operation named: addUsingPOST_4
09:17:09.541 [main] INFO  s.d.s.w.r.o.CachingOperationNameGenerator - [startingWith,40] - Generating unique operation named: exportUsingPOST_3
09:17:09.542 [main] INFO  s.d.s.w.r.o.CachingOperationNameGenerator - [startingWith,40] - Generating unique operation named: listUsingGET_4
09:17:09.543 [main] INFO  s.d.s.w.r.o.CachingOperationNameGenerator - [startingWith,40] - Generating unique operation named: removeUsingDELETE_4
09:17:09.551 [main] INFO  s.d.s.w.r.o.CachingOperationNameGenerator - [startingWith,40] - Generating unique operation named: addUsingPOST_5
09:17:09.553 [main] INFO  s.d.s.w.r.o.CachingOperationNameGenerator - [startingWith,40] - Generating unique operation named: editUsingPUT_4
09:17:09.554 [main] INFO  s.d.s.w.r.o.CachingOperationNameGenerator - [startingWith,40] - Generating unique operation named: getInfoUsingGET_4
09:17:09.558 [com.alibaba.nacos.client.naming.updater.0] INFO  c.a.n.client.naming - [isChangedServiceInfo,221] - new ips(1) service: DEFAULT_GROUP@@ruoyi-system@@DEFAULT -> [{"ip":"192.168.145.1","port":9201,"weight":1.0,"healthy":true,"enabled":true,"ephemeral":true,"clusterName":"DEFAULT","serviceName":"DEFAULT_GROUP@@ruoyi-system","metadata":{"preserved.register.source":"SPRING_CLOUD"},"ipDeleteTimeout":30000,"instanceHeartBeatInterval":5000,"instanceHeartBeatTimeOut":15000}]
09:17:09.558 [com.alibaba.nacos.client.naming.updater.0] INFO  c.a.n.client.naming - [processServiceInfo,152] - current ips:(1) service: DEFAULT_GROUP@@ruoyi-system@@DEFAULT -> [{"ip":"192.168.145.1","port":9201,"weight":1.0,"healthy":true,"enabled":true,"ephemeral":true,"clusterName":"DEFAULT","serviceName":"DEFAULT_GROUP@@ruoyi-system","metadata":{"preserved.register.source":"SPRING_CLOUD"},"ipDeleteTimeout":30000,"instanceHeartBeatInterval":5000,"instanceHeartBeatTimeOut":15000}]
09:17:09.563 [main] INFO  s.d.s.w.r.o.CachingOperationNameGenerator - [startingWith,40] - Generating unique operation named: listUsingGET_5
09:17:09.565 [main] INFO  s.d.s.w.r.o.CachingOperationNameGenerator - [startingWith,40] - Generating unique operation named: removeUsingDELETE_5
09:17:09.569 [main] INFO  s.d.s.w.r.o.CachingOperationNameGenerator - [startingWith,40] - Generating unique operation named: treeselectUsingGET_1
09:17:09.572 [main] INFO  s.d.s.w.r.o.CachingOperationNameGenerator - [startingWith,40] - Generating unique operation named: addUsingPOST_6
09:17:09.573 [main] INFO  s.d.s.w.r.o.CachingOperationNameGenerator - [startingWith,40] - Generating unique operation named: editUsingPUT_5
09:17:09.573 [main] INFO  s.d.s.w.r.o.CachingOperationNameGenerator - [startingWith,40] - Generating unique operation named: getInfoUsingGET_5
09:17:09.576 [main] INFO  s.d.s.w.r.o.CachingOperationNameGenerator - [startingWith,40] - Generating unique operation named: listUsingGET_6
09:17:09.578 [main] INFO  s.d.s.w.r.o.CachingOperationNameGenerator - [startingWith,40] - Generating unique operation named: removeUsingDELETE_6
09:17:09.584 [main] INFO  s.d.s.w.r.o.CachingOperationNameGenerator - [startingWith,40] - Generating unique operation named: addUsingPOST_7
09:17:09.585 [main] INFO  s.d.s.w.r.o.CachingOperationNameGenerator - [startingWith,40] - Generating unique operation named: cleanUsingDELETE_1
09:17:09.589 [main] INFO  s.d.s.w.r.o.CachingOperationNameGenerator - [startingWith,40] - Generating unique operation named: exportUsingPOST_4
09:17:09.591 [main] INFO  s.d.s.w.r.o.CachingOperationNameGenerator - [startingWith,40] - Generating unique operation named: listUsingGET_7
09:17:09.592 [main] INFO  s.d.s.w.r.o.CachingOperationNameGenerator - [startingWith,40] - Generating unique operation named: removeUsingDELETE_7
09:17:09.595 [main] INFO  s.d.s.w.r.o.CachingOperationNameGenerator - [startingWith,40] - Generating unique operation named: addUsingPOST_8
09:17:09.596 [main] INFO  s.d.s.w.r.o.CachingOperationNameGenerator - [startingWith,40] - Generating unique operation named: editUsingPUT_6
09:17:09.601 [main] INFO  s.d.s.w.r.o.CachingOperationNameGenerator - [startingWith,40] - Generating unique operation named: exportUsingPOST_5
09:17:09.602 [main] INFO  s.d.s.w.r.o.CachingOperationNameGenerator - [startingWith,40] - Generating unique operation named: getInfoUsingGET_6
09:17:09.603 [main] INFO  s.d.s.w.r.o.CachingOperationNameGenerator - [startingWith,40] - Generating unique operation named: listUsingGET_8
09:17:09.604 [main] INFO  s.d.s.w.r.o.CachingOperationNameGenerator - [startingWith,40] - Generating unique operation named: optionselectUsingGET_1
09:17:09.606 [main] INFO  s.d.s.w.r.o.CachingOperationNameGenerator - [startingWith,40] - Generating unique operation named: removeUsingDELETE_8
09:17:09.620 [main] INFO  s.d.s.w.r.o.CachingOperationNameGenerator - [startingWith,40] - Generating unique operation named: addUsingPOST_9
09:17:09.622 [main] INFO  s.d.s.w.r.o.CachingOperationNameGenerator - [startingWith,40] - Generating unique operation named: editUsingPUT_7
09:17:09.625 [main] INFO  s.d.s.w.r.o.CachingOperationNameGenerator - [startingWith,40] - Generating unique operation named: exportUsingPOST_6
09:17:09.626 [main] INFO  s.d.s.w.r.o.CachingOperationNameGenerator - [startingWith,40] - Generating unique operation named: getInfoUsingGET_7
09:17:09.627 [main] INFO  s.d.s.w.r.o.CachingOperationNameGenerator - [startingWith,40] - Generating unique operation named: listUsingGET_9
09:17:09.628 [main] INFO  s.d.s.w.r.o.CachingOperationNameGenerator - [startingWith,40] - Generating unique operation named: optionselectUsingGET_2
09:17:09.629 [main] INFO  s.d.s.w.r.o.CachingOperationNameGenerator - [startingWith,40] - Generating unique operation named: removeUsingDELETE_9
09:17:09.631 [main] INFO  s.d.s.w.r.o.CachingOperationNameGenerator - [startingWith,40] - Generating unique operation named: addUsingPOST_10
09:17:09.632 [main] INFO  s.d.s.w.r.o.CachingOperationNameGenerator - [startingWith,40] - Generating unique operation named: changeStatusUsingPUT_1
09:17:09.632 [main] INFO  s.d.s.w.r.o.CachingOperationNameGenerator - [startingWith,40] - Generating unique operation named: editUsingPUT_8
09:17:09.639 [main] INFO  s.d.s.w.r.o.CachingOperationNameGenerator - [startingWith,40] - Generating unique operation named: exportUsingPOST_7
09:17:09.642 [main] INFO  s.d.s.w.r.o.CachingOperationNameGenerator - [startingWith,40] - Generating unique operation named: getInfoUsingGET_8
09:17:09.643 [main] INFO  s.d.s.w.r.o.CachingOperationNameGenerator - [startingWith,40] - Generating unique operation named: getInfoUsingGET_9
09:17:09.644 [main] INFO  s.d.s.w.r.o.CachingOperationNameGenerator - [startingWith,40] - Generating unique operation named: getInfoUsingGET_10
09:17:09.662 [main] INFO  s.d.s.w.r.o.CachingOperationNameGenerator - [startingWith,40] - Generating unique operation named: listUsingGET_10
09:17:09.664 [main] INFO  s.d.s.w.r.o.CachingOperationNameGenerator - [startingWith,40] - Generating unique operation named: removeUsingDELETE_10
09:17:09.669 [main] INFO  s.d.s.w.r.o.CachingOperationNameGenerator - [startingWith,40] - Generating unique operation named: listUsingGET_11
09:17:09.699 [main] INFO  c.r.s.JzSystemApplication - [logStarted,61] - Started JzSystemApplication in 18.835 seconds (JVM running for 19.912)
09:17:09.715 [main] INFO  c.a.n.c.c.i.ClientWorker - [addCacheDataIfAbsent,346] - [config_rpc_client] [subscribe] ruoyi-system+DEFAULT_GROUP
09:17:09.715 [main] INFO  c.a.n.c.c.i.CacheData - [addListener,128] - [config_rpc_client] [add-listener] ok, tenant=, dataId=ruoyi-system, group=DEFAULT_GROUP, cnt=1
09:17:09.716 [main] INFO  c.a.n.c.c.i.ClientWorker - [addCacheDataIfAbsent,346] - [config_rpc_client] [subscribe] ruoyi-system.yml+DEFAULT_GROUP
09:17:09.716 [main] INFO  c.a.n.c.c.i.CacheData - [addListener,128] - [config_rpc_client] [add-listener] ok, tenant=, dataId=ruoyi-system.yml, group=DEFAULT_GROUP, cnt=1
09:17:09.717 [main] INFO  c.a.n.c.c.i.ClientWorker - [addCacheDataIfAbsent,346] - [config_rpc_client] [subscribe] ruoyi-system-dev.yml+DEFAULT_GROUP
09:17:09.717 [main] INFO  c.a.n.c.c.i.CacheData - [addListener,128] - [config_rpc_client] [add-listener] ok, tenant=, dataId=ruoyi-system-dev.yml, group=DEFAULT_GROUP, cnt=1
09:17:10.712 [RMI TCP Connection(6)-192.168.3.237] INFO  o.a.c.c.C.[.[.[/] - [log,173] - Initializing Spring DispatcherServlet 'dispatcherServlet'
09:17:12.314 [background-preinit] INFO  o.h.v.i.util.Version - [<clinit>,21] - HV000001: Hibernate Validator 6.2.0.Final
09:17:13.326 [main] INFO  c.a.n.c.c.i.LocalConfigInfoProcessor - [<clinit>,212] - LOCAL_SNAPSHOT_PATH:C:\Users\jzgar\nacos\config
09:17:13.386 [main] INFO  o.r.Reflections - [scan,232] - Reflections took 31 ms to scan 1 urls, producing 3 keys and 6 values 
09:17:13.420 [main] INFO  o.r.Reflections - [scan,232] - Reflections took 12 ms to scan 1 urls, producing 4 keys and 9 values 
09:17:13.432 [main] INFO  o.r.Reflections - [scan,232] - Reflections took 10 ms to scan 1 urls, producing 3 keys and 10 values 
09:17:13.661 [main] INFO  o.r.Reflections - [scan,232] - Reflections took 226 ms to scan 223 urls, producing 0 keys and 0 values 
09:17:13.673 [main] INFO  o.r.Reflections - [scan,232] - Reflections took 10 ms to scan 1 urls, producing 1 keys and 5 values 
09:17:13.691 [main] INFO  o.r.Reflections - [scan,232] - Reflections took 16 ms to scan 1 urls, producing 1 keys and 7 values 
09:17:13.703 [main] INFO  o.r.Reflections - [scan,232] - Reflections took 9 ms to scan 1 urls, producing 2 keys and 8 values 
09:17:13.851 [main] INFO  o.r.Reflections - [scan,232] - Reflections took 144 ms to scan 223 urls, producing 0 keys and 0 values 
09:17:13.852 [main] INFO  c.a.n.c.r.client - [printIfInfoEnabled,60] - [config-0-d2cc6281-def8-4fd0-b070-a07687ba6fce]RpcClient init label, labels={module=config, Vipserver-Tag=null, source=sdk, Amory-Tag=null, Location-Tag=null, taskId=0, AppName=unknown}
09:17:13.853 [main] INFO  c.a.n.c.r.client - [printIfInfoEnabled,60] - [config-0-d2cc6281-def8-4fd0-b070-a07687ba6fce]Register server push request handler:com.alibaba.nacos.client.config.impl.ClientWorker$ConfigRpcTransportClient$$Lambda$324/1752535057
09:17:13.853 [main] INFO  c.a.n.c.r.client - [printIfInfoEnabled,60] - [config-0-d2cc6281-def8-4fd0-b070-a07687ba6fce]Register server push request handler:com.alibaba.nacos.client.config.impl.ClientWorker$ConfigRpcTransportClient$$Lambda$325/2116299597
09:17:13.854 [main] INFO  c.a.n.c.r.client - [printIfInfoEnabled,60] - [config-0-d2cc6281-def8-4fd0-b070-a07687ba6fce]Registry connection listener to current client:com.alibaba.nacos.client.config.impl.ClientWorker$ConfigRpcTransportClient$1
09:17:13.855 [main] INFO  c.a.n.c.r.client - [printIfInfoEnabled,60] - [config-0-d2cc6281-def8-4fd0-b070-a07687ba6fce]RpcClient init, ServerListFactory =com.alibaba.nacos.client.config.impl.ClientWorker$ConfigRpcTransportClient$2
09:17:13.857 [main] INFO  c.a.n.c.r.client - [printIfInfoEnabled,60] - [config-0-d2cc6281-def8-4fd0-b070-a07687ba6fce] Try to connect to server on start up, server: {serverIp='127.0.0.1', server main port=8848}
09:17:16.044 [main] INFO  c.a.n.c.r.client - [printIfInfoEnabled,60] - [config-0-d2cc6281-def8-4fd0-b070-a07687ba6fce] Success to connect to server [127.0.0.1:8848] on start up,connectionId=1688087835753_127.0.0.1_61818
09:17:16.045 [com.alibaba.nacos.client.remote.worker] INFO  c.a.n.c.r.client - [printIfInfoEnabled,60] - [config-0-d2cc6281-def8-4fd0-b070-a07687ba6fce]Notify connected event to listeners.
09:17:16.045 [com.alibaba.nacos.client.remote.worker] INFO  c.a.n.c.c.i.ClientWorker - [onConnected,625] - [config-0-d2cc6281-def8-4fd0-b070-a07687ba6fce] Connected,notify listen context...
09:17:16.045 [main] INFO  c.a.n.c.r.client - [printIfInfoEnabled,60] - [config-0-d2cc6281-def8-4fd0-b070-a07687ba6fce]Register server push request handler:com.alibaba.nacos.common.remote.client.RpcClient$ConnectResetRequestHandler
09:17:16.045 [main] INFO  c.a.n.c.r.client - [printIfInfoEnabled,60] - [config-0-d2cc6281-def8-4fd0-b070-a07687ba6fce]Register server push request handler:com.alibaba.nacos.common.remote.client.RpcClient$4
09:17:16.105 [main] INFO  c.a.n.c.c.i.Limiter - [<clinit>,54] - limitTime:5.0
09:17:16.127 [main] INFO  c.a.n.c.c.u.JvmUtil - [<clinit>,49] - isMultiInstance:false
09:17:16.161 [main] INFO  c.r.s.JzPageApplication - [logStartupProfileInfo,667] - The following profiles are active: dev
09:17:17.762 [main] INFO  o.a.c.h.Http11NioProtocol - [log,173] - Initializing ProtocolHandler ["http-nio-9204"]
09:17:17.762 [main] INFO  o.a.c.c.StandardService - [log,173] - Starting service [Tomcat]
09:17:17.764 [main] INFO  o.a.c.c.StandardEngine - [log,173] - Starting Servlet engine: [Apache Tomcat/9.0.46]
09:17:17.873 [main] INFO  o.a.c.c.C.[.[.[/] - [log,173] - Initializing Spring embedded WebApplicationContext
09:17:18.131 [main] INFO  c.a.d.p.DruidDataSource - [init,990] - {dataSource-1,master} inited
09:17:18.131 [main] INFO  c.b.d.d.DynamicRoutingDataSource - [addDataSource,144] - dynamic-datasource - add a datasource named [master] success
09:17:18.131 [main] INFO  c.b.d.d.DynamicRoutingDataSource - [afterPropertiesSet,235] - dynamic-datasource initial loaded [1] datasource,primary datasource named [master]
09:17:19.324 [main] INFO  c.a.c.s.SentinelWebAutoConfiguration - [addInterceptors,80] - [Sentinel Starter] register SentinelWebInterceptor with urlPatterns: [/**].
09:17:19.607 [main] INFO  c.a.n.client.naming - [call,65] - initializer namespace from System Property :null
09:17:19.607 [main] INFO  c.a.n.client.naming - [call,74] - initializer namespace from System Environment :null
09:17:19.608 [main] INFO  c.a.n.client.naming - [call,84] - initializer namespace from System Property :null
09:17:19.620 [main] INFO  c.a.n.c.r.client - [printIfInfoEnabled,60] - [cf882d02-bcd6-4fb5-aa12-1feb75ac3259]RpcClient init label, labels={module=naming, source=sdk}
09:17:19.620 [main] INFO  c.a.n.c.r.client - [printIfInfoEnabled,60] - [cf882d02-bcd6-4fb5-aa12-1feb75ac3259]RpcClient init, ServerListFactory =com.alibaba.nacos.client.naming.core.ServerListManager
09:17:19.620 [main] INFO  c.a.n.c.r.client - [printIfInfoEnabled,60] - [cf882d02-bcd6-4fb5-aa12-1feb75ac3259] Try to connect to server on start up, server: {serverIp='127.0.0.1', server main port=8848}
09:17:19.741 [main] INFO  c.a.n.c.r.client - [printIfInfoEnabled,60] - [cf882d02-bcd6-4fb5-aa12-1feb75ac3259] Success to connect to server [127.0.0.1:8848] on start up,connectionId=1688087839625_127.0.0.1_61862
09:17:19.742 [main] INFO  c.a.n.c.r.client - [printIfInfoEnabled,60] - [cf882d02-bcd6-4fb5-aa12-1feb75ac3259]Register server push request handler:com.alibaba.nacos.common.remote.client.RpcClient$ConnectResetRequestHandler
09:17:19.742 [main] INFO  c.a.n.c.r.client - [printIfInfoEnabled,60] - [cf882d02-bcd6-4fb5-aa12-1feb75ac3259]Register server push request handler:com.alibaba.nacos.common.remote.client.RpcClient$4
09:17:19.742 [main] INFO  c.a.n.c.r.client - [printIfInfoEnabled,60] - [cf882d02-bcd6-4fb5-aa12-1feb75ac3259]Register server push request handler:com.alibaba.nacos.client.naming.remote.gprc.NamingPushRequestHandler
09:17:19.743 [main] INFO  c.a.n.c.r.client - [printIfInfoEnabled,60] - [cf882d02-bcd6-4fb5-aa12-1feb75ac3259]Registry connection listener to current client:com.alibaba.nacos.client.naming.remote.gprc.NamingGrpcConnectionEventListener
09:17:19.860 [main] INFO  org.redisson.Version - [logVersion,41] - Redisson 3.13.3
09:17:20.475 [redisson-netty-2-14] INFO  o.r.c.p.MasterPubSubConnectionPool - [lambda$run$0,167] - 1 connections initialized for localhost/127.0.0.1:6379
09:17:20.488 [redisson-netty-2-20] INFO  o.r.c.p.MasterConnectionPool - [lambda$run$0,167] - 24 connections initialized for localhost/127.0.0.1:6379
09:17:20.703 [main] INFO  s.d.s.w.PropertySourcedRequestMappingHandlerMapping - [initHandlerMethods,69] - Mapped URL path [/v2/api-docs] onto method [springfox.documentation.swagger2.web.Swagger2Controller#getDocumentation(String, HttpServletRequest)]
09:17:21.859 [main] INFO  c.a.n.c.i.CredentialWatcher - [loadCredential,165] - null No credential found
09:17:21.872 [main] INFO  c.a.n.client.naming - [isChangedServiceInfo,167] - init new ips(0) service: DEFAULT_GROUP@@jz-page@@DEFAULT -> []
09:17:21.876 [main] INFO  c.a.n.client.naming - [processServiceInfo,152] - current ips:(0) service: DEFAULT_GROUP@@jz-page@@DEFAULT -> []
09:17:21.883 [main] INFO  o.a.c.h.Http11NioProtocol - [log,173] - Starting ProtocolHandler ["http-nio-9204"]
09:17:21.893 [main] INFO  c.a.n.client.naming - [registerService,97] - [REGISTER-SERVICE] public registering service jz-page with instance Instance{instanceId='null', ip='192.168.145.1', port=9204, weight=1.0, healthy=true, enabled=true, ephemeral=true, clusterName='DEFAULT', serviceName='null', metadata={preserved.register.source=SPRING_CLOUD}}
09:17:21.898 [main] INFO  c.a.c.n.r.NacosServiceRegistry - [register,75] - nacos registry, DEFAULT_GROUP jz-page 192.168.145.1:9204 register finished
09:17:22.185 [main] INFO  s.d.s.w.p.DocumentationPluginsBootstrapper - [start,160] - Context refreshed
09:17:22.197 [main] INFO  s.d.s.w.p.DocumentationPluginsBootstrapper - [start,163] - Found 1 custom documentation plugin(s)
09:17:22.222 [main] INFO  s.d.s.w.s.ApiListingReferenceScanner - [scan,41] - Scanning for api listing references
09:17:22.273 [main] INFO  c.r.s.JzPageApplication - [logStarted,61] - Started JzPageApplication in 11.159 seconds (JVM running for 12.973)
09:17:22.282 [main] INFO  c.a.n.c.c.i.ClientWorker - [addCacheDataIfAbsent,346] - [config_rpc_client] [subscribe] jz-page+DEFAULT_GROUP
09:17:22.282 [main] INFO  c.a.n.c.c.i.CacheData - [addListener,128] - [config_rpc_client] [add-listener] ok, tenant=, dataId=jz-page, group=DEFAULT_GROUP, cnt=1
09:17:22.283 [main] INFO  c.a.n.c.c.i.ClientWorker - [addCacheDataIfAbsent,346] - [config_rpc_client] [subscribe] jz-page.yml+DEFAULT_GROUP
09:17:22.283 [main] INFO  c.a.n.c.c.i.CacheData - [addListener,128] - [config_rpc_client] [add-listener] ok, tenant=, dataId=jz-page.yml, group=DEFAULT_GROUP, cnt=1
09:17:22.283 [main] INFO  c.a.n.c.c.i.ClientWorker - [addCacheDataIfAbsent,346] - [config_rpc_client] [subscribe] jz-page-dev.yml+DEFAULT_GROUP
09:17:22.284 [main] INFO  c.a.n.c.c.i.CacheData - [addListener,128] - [config_rpc_client] [add-listener] ok, tenant=, dataId=jz-page-dev.yml, group=DEFAULT_GROUP, cnt=1
09:17:22.420 [nacos-grpc-client-executor-8] INFO  c.a.n.c.r.client - [printIfInfoEnabled,60] - [cf882d02-bcd6-4fb5-aa12-1feb75ac3259]receive server push request,request=NotifySubscriberRequest,requestId=15
09:17:22.421 [nacos-grpc-client-executor-8] INFO  c.a.n.client.naming - [isChangedServiceInfo,167] - init new ips(1) service: DEFAULT_GROUP@@jz-page -> [{"ip":"192.168.145.1","port":9204,"weight":1.0,"healthy":true,"enabled":true,"ephemeral":true,"clusterName":"DEFAULT","serviceName":"DEFAULT_GROUP@@jz-page","metadata":{"preserved.register.source":"SPRING_CLOUD"},"ipDeleteTimeout":30000,"instanceHeartBeatInterval":5000,"instanceHeartBeatTimeOut":15000}]
09:17:22.422 [nacos-grpc-client-executor-8] INFO  c.a.n.client.naming - [processServiceInfo,152] - current ips:(1) service: DEFAULT_GROUP@@jz-page -> [{"ip":"192.168.145.1","port":9204,"weight":1.0,"healthy":true,"enabled":true,"ephemeral":true,"clusterName":"DEFAULT","serviceName":"DEFAULT_GROUP@@jz-page","metadata":{"preserved.register.source":"SPRING_CLOUD"},"ipDeleteTimeout":30000,"instanceHeartBeatInterval":5000,"instanceHeartBeatTimeOut":15000}]
09:17:22.423 [nacos-grpc-client-executor-8] INFO  c.a.n.c.r.client - [printIfInfoEnabled,60] - [cf882d02-bcd6-4fb5-aa12-1feb75ac3259]ack server push request,request=NotifySubscriberRequest,requestId=15
09:17:22.802 [RMI TCP Connection(1)-192.168.3.237] INFO  o.a.c.c.C.[.[.[/] - [log,173] - Initializing Spring DispatcherServlet 'dispatcherServlet'
09:17:22.883 [com.alibaba.nacos.client.naming.updater.0] INFO  c.a.n.client.naming - [isChangedServiceInfo,221] - new ips(1) service: DEFAULT_GROUP@@jz-page@@DEFAULT -> [{"ip":"192.168.145.1","port":9204,"weight":1.0,"healthy":true,"enabled":true,"ephemeral":true,"clusterName":"DEFAULT","serviceName":"DEFAULT_GROUP@@jz-page","metadata":{"preserved.register.source":"SPRING_CLOUD"},"ipDeleteTimeout":30000,"instanceHeartBeatInterval":5000,"instanceHeartBeatTimeOut":15000}]
09:17:22.883 [com.alibaba.nacos.client.naming.updater.0] INFO  c.a.n.client.naming - [processServiceInfo,152] - current ips:(1) service: DEFAULT_GROUP@@jz-page@@DEFAULT -> [{"ip":"192.168.145.1","port":9204,"weight":1.0,"healthy":true,"enabled":true,"ephemeral":true,"clusterName":"DEFAULT","serviceName":"DEFAULT_GROUP@@jz-page","metadata":{"preserved.register.source":"SPRING_CLOUD"},"ipDeleteTimeout":30000,"instanceHeartBeatInterval":5000,"instanceHeartBeatTimeOut":15000}]
10:57:39.380 [background-preinit] INFO  o.h.v.i.util.Version - [<clinit>,21] - HV000001: Hibernate Validator 6.2.0.Final
10:57:39.925 [main] INFO  c.a.n.c.c.i.LocalConfigInfoProcessor - [<clinit>,212] - LOCAL_SNAPSHOT_PATH:C:\Users\jzgar\nacos\config
10:57:39.956 [main] INFO  o.r.Reflections - [scan,232] - Reflections took 17 ms to scan 1 urls, producing 3 keys and 6 values 
10:57:39.974 [main] INFO  o.r.Reflections - [scan,232] - Reflections took 8 ms to scan 1 urls, producing 4 keys and 9 values 
10:57:39.981 [main] INFO  o.r.Reflections - [scan,232] - Reflections took 6 ms to scan 1 urls, producing 3 keys and 10 values 
10:57:40.090 [main] INFO  o.r.Reflections - [scan,232] - Reflections took 108 ms to scan 223 urls, producing 0 keys and 0 values 
10:57:40.098 [main] INFO  o.r.Reflections - [scan,232] - Reflections took 7 ms to scan 1 urls, producing 1 keys and 5 values 
10:57:40.107 [main] INFO  o.r.Reflections - [scan,232] - Reflections took 7 ms to scan 1 urls, producing 1 keys and 7 values 
10:57:40.119 [main] INFO  o.r.Reflections - [scan,232] - Reflections took 10 ms to scan 1 urls, producing 2 keys and 8 values 
10:57:40.211 [main] INFO  o.r.Reflections - [scan,232] - Reflections took 90 ms to scan 223 urls, producing 0 keys and 0 values 
10:57:40.213 [main] INFO  c.a.n.c.r.client - [printIfInfoEnabled,60] - [config-0-30de7fe1-6fd3-4524-90ee-75c5aed9c502]RpcClient init label, labels={module=config, Vipserver-Tag=null, source=sdk, Amory-Tag=null, Location-Tag=null, taskId=0, AppName=unknown}
10:57:40.214 [main] INFO  c.a.n.c.r.client - [printIfInfoEnabled,60] - [config-0-30de7fe1-6fd3-4524-90ee-75c5aed9c502]Register server push request handler:com.alibaba.nacos.client.config.impl.ClientWorker$ConfigRpcTransportClient$$Lambda$324/1846982837
10:57:40.214 [main] INFO  c.a.n.c.r.client - [printIfInfoEnabled,60] - [config-0-30de7fe1-6fd3-4524-90ee-75c5aed9c502]Register server push request handler:com.alibaba.nacos.client.config.impl.ClientWorker$ConfigRpcTransportClient$$Lambda$325/1135935001
10:57:40.214 [main] INFO  c.a.n.c.r.client - [printIfInfoEnabled,60] - [config-0-30de7fe1-6fd3-4524-90ee-75c5aed9c502]Registry connection listener to current client:com.alibaba.nacos.client.config.impl.ClientWorker$ConfigRpcTransportClient$1
10:57:40.215 [main] INFO  c.a.n.c.r.client - [printIfInfoEnabled,60] - [config-0-30de7fe1-6fd3-4524-90ee-75c5aed9c502]RpcClient init, ServerListFactory =com.alibaba.nacos.client.config.impl.ClientWorker$ConfigRpcTransportClient$2
10:57:40.216 [main] INFO  c.a.n.c.r.client - [printIfInfoEnabled,60] - [config-0-30de7fe1-6fd3-4524-90ee-75c5aed9c502] Try to connect to server on start up, server: {serverIp='127.0.0.1', server main port=8848}
10:57:41.150 [main] INFO  c.a.n.c.r.client - [printIfInfoEnabled,60] - [config-0-30de7fe1-6fd3-4524-90ee-75c5aed9c502] Success to connect to server [127.0.0.1:8848] on start up,connectionId=1688093860962_127.0.0.1_54430
10:57:41.152 [com.alibaba.nacos.client.remote.worker] INFO  c.a.n.c.r.client - [printIfInfoEnabled,60] - [config-0-30de7fe1-6fd3-4524-90ee-75c5aed9c502]Notify connected event to listeners.
10:57:41.152 [main] INFO  c.a.n.c.r.client - [printIfInfoEnabled,60] - [config-0-30de7fe1-6fd3-4524-90ee-75c5aed9c502]Register server push request handler:com.alibaba.nacos.common.remote.client.RpcClient$ConnectResetRequestHandler
10:57:41.152 [com.alibaba.nacos.client.remote.worker] INFO  c.a.n.c.c.i.ClientWorker - [onConnected,625] - [config-0-30de7fe1-6fd3-4524-90ee-75c5aed9c502] Connected,notify listen context...
10:57:41.153 [main] INFO  c.a.n.c.r.client - [printIfInfoEnabled,60] - [config-0-30de7fe1-6fd3-4524-90ee-75c5aed9c502]Register server push request handler:com.alibaba.nacos.common.remote.client.RpcClient$4
10:57:41.178 [main] INFO  c.a.n.c.c.i.Limiter - [<clinit>,54] - limitTime:5.0
10:57:41.188 [main] INFO  c.a.n.c.c.u.JvmUtil - [<clinit>,49] - isMultiInstance:false
10:57:41.206 [main] INFO  c.r.s.JzPageApplication - [logStartupProfileInfo,667] - The following profiles are active: dev
10:57:42.617 [main] INFO  o.a.c.h.Http11NioProtocol - [log,173] - Initializing ProtocolHandler ["http-nio-9204"]
10:57:42.618 [main] INFO  o.a.c.c.StandardService - [log,173] - Starting service [Tomcat]
10:57:42.618 [main] INFO  o.a.c.c.StandardEngine - [log,173] - Starting Servlet engine: [Apache Tomcat/9.0.46]
10:57:42.704 [main] INFO  o.a.c.c.C.[.[.[/] - [log,173] - Initializing Spring embedded WebApplicationContext
10:57:42.931 [main] INFO  c.a.d.p.DruidDataSource - [init,990] - {dataSource-1,master} inited
10:57:42.933 [main] INFO  c.b.d.d.DynamicRoutingDataSource - [addDataSource,144] - dynamic-datasource - add a datasource named [master] success
10:57:42.933 [main] INFO  c.b.d.d.DynamicRoutingDataSource - [afterPropertiesSet,235] - dynamic-datasource initial loaded [1] datasource,primary datasource named [master]
10:57:44.171 [main] INFO  c.a.c.s.SentinelWebAutoConfiguration - [addInterceptors,80] - [Sentinel Starter] register SentinelWebInterceptor with urlPatterns: [/**].
10:57:44.501 [main] INFO  c.a.n.client.naming - [call,65] - initializer namespace from System Property :null
10:57:44.502 [main] INFO  c.a.n.client.naming - [call,74] - initializer namespace from System Environment :null
10:57:44.502 [main] INFO  c.a.n.client.naming - [call,84] - initializer namespace from System Property :null
10:57:44.515 [main] INFO  c.a.n.c.r.client - [printIfInfoEnabled,60] - [1540aa6e-a081-4d67-9fa7-5c30313b6ad7]RpcClient init label, labels={module=naming, source=sdk}
10:57:44.516 [main] INFO  c.a.n.c.r.client - [printIfInfoEnabled,60] - [1540aa6e-a081-4d67-9fa7-5c30313b6ad7]RpcClient init, ServerListFactory =com.alibaba.nacos.client.naming.core.ServerListManager
10:57:44.516 [main] INFO  c.a.n.c.r.client - [printIfInfoEnabled,60] - [1540aa6e-a081-4d67-9fa7-5c30313b6ad7] Try to connect to server on start up, server: {serverIp='127.0.0.1', server main port=8848}
10:57:44.638 [main] INFO  c.a.n.c.r.client - [printIfInfoEnabled,60] - [1540aa6e-a081-4d67-9fa7-5c30313b6ad7] Success to connect to server [127.0.0.1:8848] on start up,connectionId=1688093864521_127.0.0.1_54442
10:57:44.639 [main] INFO  c.a.n.c.r.client - [printIfInfoEnabled,60] - [1540aa6e-a081-4d67-9fa7-5c30313b6ad7]Register server push request handler:com.alibaba.nacos.common.remote.client.RpcClient$ConnectResetRequestHandler
10:57:44.640 [main] INFO  c.a.n.c.r.client - [printIfInfoEnabled,60] - [1540aa6e-a081-4d67-9fa7-5c30313b6ad7]Register server push request handler:com.alibaba.nacos.common.remote.client.RpcClient$4
10:57:44.642 [main] INFO  c.a.n.c.r.client - [printIfInfoEnabled,60] - [1540aa6e-a081-4d67-9fa7-5c30313b6ad7]Register server push request handler:com.alibaba.nacos.client.naming.remote.gprc.NamingPushRequestHandler
10:57:44.642 [main] INFO  c.a.n.c.r.client - [printIfInfoEnabled,60] - [1540aa6e-a081-4d67-9fa7-5c30313b6ad7]Registry connection listener to current client:com.alibaba.nacos.client.naming.remote.gprc.NamingGrpcConnectionEventListener
10:57:44.771 [main] INFO  org.redisson.Version - [logVersion,41] - Redisson 3.13.3
10:57:45.337 [redisson-netty-2-14] INFO  o.r.c.p.MasterPubSubConnectionPool - [lambda$run$0,167] - 1 connections initialized for localhost/127.0.0.1:6379
10:57:45.349 [redisson-netty-2-19] INFO  o.r.c.p.MasterConnectionPool - [lambda$run$0,167] - 24 connections initialized for localhost/127.0.0.1:6379
10:57:45.541 [main] INFO  s.d.s.w.PropertySourcedRequestMappingHandlerMapping - [initHandlerMethods,69] - Mapped URL path [/v2/api-docs] onto method [springfox.documentation.swagger2.web.Swagger2Controller#getDocumentation(String, HttpServletRequest)]
10:57:46.521 [main] INFO  c.a.n.c.i.CredentialWatcher - [loadCredential,165] - null No credential found
10:57:46.533 [main] INFO  c.a.n.client.naming - [isChangedServiceInfo,167] - init new ips(0) service: DEFAULT_GROUP@@jz-page@@DEFAULT -> []
10:57:46.540 [main] INFO  c.a.n.client.naming - [processServiceInfo,152] - current ips:(0) service: DEFAULT_GROUP@@jz-page@@DEFAULT -> []
10:57:46.545 [main] INFO  o.a.c.h.Http11NioProtocol - [log,173] - Starting ProtocolHandler ["http-nio-9204"]
10:57:46.556 [main] INFO  c.a.n.client.naming - [registerService,97] - [REGISTER-SERVICE] public registering service jz-page with instance Instance{instanceId='null', ip='192.168.145.1', port=9204, weight=1.0, healthy=true, enabled=true, ephemeral=true, clusterName='DEFAULT', serviceName='null', metadata={preserved.register.source=SPRING_CLOUD}}
10:57:46.567 [main] INFO  c.a.c.n.r.NacosServiceRegistry - [register,75] - nacos registry, DEFAULT_GROUP jz-page 192.168.145.1:9204 register finished
10:57:46.810 [main] INFO  s.d.s.w.p.DocumentationPluginsBootstrapper - [start,160] - Context refreshed
10:57:46.821 [main] INFO  s.d.s.w.p.DocumentationPluginsBootstrapper - [start,163] - Found 1 custom documentation plugin(s)
10:57:46.843 [main] INFO  s.d.s.w.s.ApiListingReferenceScanner - [scan,41] - Scanning for api listing references
10:57:46.894 [main] INFO  c.r.s.JzPageApplication - [logStarted,61] - Started JzPageApplication in 8.122 seconds (JVM running for 8.995)
10:57:46.902 [main] INFO  c.a.n.c.c.i.ClientWorker - [addCacheDataIfAbsent,346] - [config_rpc_client] [subscribe] jz-page+DEFAULT_GROUP
10:57:46.903 [main] INFO  c.a.n.c.c.i.CacheData - [addListener,128] - [config_rpc_client] [add-listener] ok, tenant=, dataId=jz-page, group=DEFAULT_GROUP, cnt=1
10:57:46.903 [main] INFO  c.a.n.c.c.i.ClientWorker - [addCacheDataIfAbsent,346] - [config_rpc_client] [subscribe] jz-page.yml+DEFAULT_GROUP
10:57:46.903 [main] INFO  c.a.n.c.c.i.CacheData - [addListener,128] - [config_rpc_client] [add-listener] ok, tenant=, dataId=jz-page.yml, group=DEFAULT_GROUP, cnt=1
10:57:46.903 [main] INFO  c.a.n.c.c.i.ClientWorker - [addCacheDataIfAbsent,346] - [config_rpc_client] [subscribe] jz-page-dev.yml+DEFAULT_GROUP
10:57:46.904 [main] INFO  c.a.n.c.c.i.CacheData - [addListener,128] - [config_rpc_client] [add-listener] ok, tenant=, dataId=jz-page-dev.yml, group=DEFAULT_GROUP, cnt=1
10:57:47.092 [nacos-grpc-client-executor-6] INFO  c.a.n.c.r.client - [printIfInfoEnabled,60] - [1540aa6e-a081-4d67-9fa7-5c30313b6ad7]receive server push request,request=NotifySubscriberRequest,requestId=57
10:57:47.094 [nacos-grpc-client-executor-6] INFO  c.a.n.client.naming - [isChangedServiceInfo,167] - init new ips(1) service: DEFAULT_GROUP@@jz-page -> [{"ip":"192.168.145.1","port":9204,"weight":1.0,"healthy":true,"enabled":true,"ephemeral":true,"clusterName":"DEFAULT","serviceName":"DEFAULT_GROUP@@jz-page","metadata":{"preserved.register.source":"SPRING_CLOUD"},"ipDeleteTimeout":30000,"instanceHeartBeatInterval":5000,"instanceHeartBeatTimeOut":15000}]
10:57:47.094 [nacos-grpc-client-executor-6] INFO  c.a.n.client.naming - [processServiceInfo,152] - current ips:(1) service: DEFAULT_GROUP@@jz-page -> [{"ip":"192.168.145.1","port":9204,"weight":1.0,"healthy":true,"enabled":true,"ephemeral":true,"clusterName":"DEFAULT","serviceName":"DEFAULT_GROUP@@jz-page","metadata":{"preserved.register.source":"SPRING_CLOUD"},"ipDeleteTimeout":30000,"instanceHeartBeatInterval":5000,"instanceHeartBeatTimeOut":15000}]
10:57:47.096 [nacos-grpc-client-executor-6] INFO  c.a.n.c.r.client - [printIfInfoEnabled,60] - [1540aa6e-a081-4d67-9fa7-5c30313b6ad7]ack server push request,request=NotifySubscriberRequest,requestId=57
10:57:47.258 [RMI TCP Connection(4)-192.168.3.237] INFO  o.a.c.c.C.[.[.[/] - [log,173] - Initializing Spring DispatcherServlet 'dispatcherServlet'
10:57:47.556 [com.alibaba.nacos.client.naming.updater.0] INFO  c.a.n.client.naming - [isChangedServiceInfo,221] - new ips(1) service: DEFAULT_GROUP@@jz-page@@DEFAULT -> [{"ip":"192.168.145.1","port":9204,"weight":1.0,"healthy":true,"enabled":true,"ephemeral":true,"clusterName":"DEFAULT","serviceName":"DEFAULT_GROUP@@jz-page","metadata":{"preserved.register.source":"SPRING_CLOUD"},"ipDeleteTimeout":30000,"instanceHeartBeatInterval":5000,"instanceHeartBeatTimeOut":15000}]
10:57:47.556 [com.alibaba.nacos.client.naming.updater.0] INFO  c.a.n.client.naming - [processServiceInfo,152] - current ips:(1) service: DEFAULT_GROUP@@jz-page@@DEFAULT -> [{"ip":"192.168.145.1","port":9204,"weight":1.0,"healthy":true,"enabled":true,"ephemeral":true,"clusterName":"DEFAULT","serviceName":"DEFAULT_GROUP@@jz-page","metadata":{"preserved.register.source":"SPRING_CLOUD"},"ipDeleteTimeout":30000,"instanceHeartBeatInterval":5000,"instanceHeartBeatTimeOut":15000}]
11:13:03.857 [background-preinit] INFO  o.h.v.i.util.Version - [<clinit>,21] - HV000001: Hibernate Validator 6.2.0.Final
11:13:04.466 [main] INFO  c.a.n.c.c.i.LocalConfigInfoProcessor - [<clinit>,212] - LOCAL_SNAPSHOT_PATH:C:\Users\jzgar\nacos\config
11:13:04.496 [main] INFO  o.r.Reflections - [scan,232] - Reflections took 17 ms to scan 1 urls, producing 3 keys and 6 values 
11:13:04.513 [main] INFO  o.r.Reflections - [scan,232] - Reflections took 8 ms to scan 1 urls, producing 4 keys and 9 values 
11:13:04.520 [main] INFO  o.r.Reflections - [scan,232] - Reflections took 6 ms to scan 1 urls, producing 3 keys and 10 values 
11:13:04.632 [main] INFO  o.r.Reflections - [scan,232] - Reflections took 109 ms to scan 223 urls, producing 0 keys and 0 values 
11:13:04.639 [main] INFO  o.r.Reflections - [scan,232] - Reflections took 6 ms to scan 1 urls, producing 1 keys and 5 values 
11:13:04.646 [main] INFO  o.r.Reflections - [scan,232] - Reflections took 6 ms to scan 1 urls, producing 1 keys and 7 values 
11:13:04.654 [main] INFO  o.r.Reflections - [scan,232] - Reflections took 7 ms to scan 1 urls, producing 2 keys and 8 values 
11:13:04.748 [main] INFO  o.r.Reflections - [scan,232] - Reflections took 93 ms to scan 223 urls, producing 0 keys and 0 values 
11:13:04.750 [main] INFO  c.a.n.c.r.client - [printIfInfoEnabled,60] - [config-0-2ce4cc5f-e9d5-4e21-83d1-cac4fc90f468]RpcClient init label, labels={module=config, Vipserver-Tag=null, source=sdk, Amory-Tag=null, Location-Tag=null, taskId=0, AppName=unknown}
11:13:04.751 [main] INFO  c.a.n.c.r.client - [printIfInfoEnabled,60] - [config-0-2ce4cc5f-e9d5-4e21-83d1-cac4fc90f468]Register server push request handler:com.alibaba.nacos.client.config.impl.ClientWorker$ConfigRpcTransportClient$$Lambda$324/488600086
11:13:04.751 [main] INFO  c.a.n.c.r.client - [printIfInfoEnabled,60] - [config-0-2ce4cc5f-e9d5-4e21-83d1-cac4fc90f468]Register server push request handler:com.alibaba.nacos.client.config.impl.ClientWorker$ConfigRpcTransportClient$$Lambda$325/1111379131
11:13:04.751 [main] INFO  c.a.n.c.r.client - [printIfInfoEnabled,60] - [config-0-2ce4cc5f-e9d5-4e21-83d1-cac4fc90f468]Registry connection listener to current client:com.alibaba.nacos.client.config.impl.ClientWorker$ConfigRpcTransportClient$1
11:13:04.751 [main] INFO  c.a.n.c.r.client - [printIfInfoEnabled,60] - [config-0-2ce4cc5f-e9d5-4e21-83d1-cac4fc90f468]RpcClient init, ServerListFactory =com.alibaba.nacos.client.config.impl.ClientWorker$ConfigRpcTransportClient$2
11:13:04.752 [main] INFO  c.a.n.c.r.client - [printIfInfoEnabled,60] - [config-0-2ce4cc5f-e9d5-4e21-83d1-cac4fc90f468] Try to connect to server on start up, server: {serverIp='127.0.0.1', server main port=8848}
11:13:05.683 [main] INFO  c.a.n.c.r.client - [printIfInfoEnabled,60] - [config-0-2ce4cc5f-e9d5-4e21-83d1-cac4fc90f468] Success to connect to server [127.0.0.1:8848] on start up,connectionId=1688094785495_127.0.0.1_56973
11:13:05.683 [com.alibaba.nacos.client.remote.worker] INFO  c.a.n.c.r.client - [printIfInfoEnabled,60] - [config-0-2ce4cc5f-e9d5-4e21-83d1-cac4fc90f468]Notify connected event to listeners.
11:13:05.684 [com.alibaba.nacos.client.remote.worker] INFO  c.a.n.c.c.i.ClientWorker - [onConnected,625] - [config-0-2ce4cc5f-e9d5-4e21-83d1-cac4fc90f468] Connected,notify listen context...
11:13:05.684 [main] INFO  c.a.n.c.r.client - [printIfInfoEnabled,60] - [config-0-2ce4cc5f-e9d5-4e21-83d1-cac4fc90f468]Register server push request handler:com.alibaba.nacos.common.remote.client.RpcClient$ConnectResetRequestHandler
11:13:05.684 [main] INFO  c.a.n.c.r.client - [printIfInfoEnabled,60] - [config-0-2ce4cc5f-e9d5-4e21-83d1-cac4fc90f468]Register server push request handler:com.alibaba.nacos.common.remote.client.RpcClient$4
11:13:05.708 [main] INFO  c.a.n.c.c.i.Limiter - [<clinit>,54] - limitTime:5.0
11:13:05.718 [main] INFO  c.a.n.c.c.u.JvmUtil - [<clinit>,49] - isMultiInstance:false
11:13:05.740 [main] INFO  c.r.s.JzPageApplication - [logStartupProfileInfo,667] - The following profiles are active: dev
11:13:07.014 [main] INFO  o.a.c.h.Http11NioProtocol - [log,173] - Initializing ProtocolHandler ["http-nio-9204"]
11:13:07.014 [main] INFO  o.a.c.c.StandardService - [log,173] - Starting service [Tomcat]
11:13:07.014 [main] INFO  o.a.c.c.StandardEngine - [log,173] - Starting Servlet engine: [Apache Tomcat/9.0.46]
11:13:07.120 [main] INFO  o.a.c.c.C.[.[.[/] - [log,173] - Initializing Spring embedded WebApplicationContext
11:13:07.337 [main] INFO  c.a.d.p.DruidDataSource - [init,990] - {dataSource-1,master} inited
11:13:07.338 [main] INFO  c.b.d.d.DynamicRoutingDataSource - [addDataSource,144] - dynamic-datasource - add a datasource named [master] success
11:13:07.338 [main] INFO  c.b.d.d.DynamicRoutingDataSource - [afterPropertiesSet,235] - dynamic-datasource initial loaded [1] datasource,primary datasource named [master]
11:13:08.617 [main] INFO  c.a.c.s.SentinelWebAutoConfiguration - [addInterceptors,80] - [Sentinel Starter] register SentinelWebInterceptor with urlPatterns: [/**].
11:13:08.951 [main] INFO  c.a.n.client.naming - [call,65] - initializer namespace from System Property :null
11:13:08.952 [main] INFO  c.a.n.client.naming - [call,74] - initializer namespace from System Environment :null
11:13:08.952 [main] INFO  c.a.n.client.naming - [call,84] - initializer namespace from System Property :null
11:13:08.969 [main] INFO  c.a.n.c.r.client - [printIfInfoEnabled,60] - [cc98b223-f766-4560-a7a3-19d4de9a30df]RpcClient init label, labels={module=naming, source=sdk}
11:13:08.971 [main] INFO  c.a.n.c.r.client - [printIfInfoEnabled,60] - [cc98b223-f766-4560-a7a3-19d4de9a30df]RpcClient init, ServerListFactory =com.alibaba.nacos.client.naming.core.ServerListManager
11:13:08.971 [main] INFO  c.a.n.c.r.client - [printIfInfoEnabled,60] - [cc98b223-f766-4560-a7a3-19d4de9a30df] Try to connect to server on start up, server: {serverIp='127.0.0.1', server main port=8848}
11:13:09.094 [main] INFO  c.a.n.c.r.client - [printIfInfoEnabled,60] - [cc98b223-f766-4560-a7a3-19d4de9a30df] Success to connect to server [127.0.0.1:8848] on start up,connectionId=1688094788984_127.0.0.1_56989
11:13:09.094 [main] INFO  c.a.n.c.r.client - [printIfInfoEnabled,60] - [cc98b223-f766-4560-a7a3-19d4de9a30df]Register server push request handler:com.alibaba.nacos.common.remote.client.RpcClient$ConnectResetRequestHandler
11:13:09.094 [main] INFO  c.a.n.c.r.client - [printIfInfoEnabled,60] - [cc98b223-f766-4560-a7a3-19d4de9a30df]Register server push request handler:com.alibaba.nacos.common.remote.client.RpcClient$4
11:13:09.095 [main] INFO  c.a.n.c.r.client - [printIfInfoEnabled,60] - [cc98b223-f766-4560-a7a3-19d4de9a30df]Register server push request handler:com.alibaba.nacos.client.naming.remote.gprc.NamingPushRequestHandler
11:13:09.096 [main] INFO  c.a.n.c.r.client - [printIfInfoEnabled,60] - [cc98b223-f766-4560-a7a3-19d4de9a30df]Registry connection listener to current client:com.alibaba.nacos.client.naming.remote.gprc.NamingGrpcConnectionEventListener
11:13:09.206 [main] INFO  org.redisson.Version - [logVersion,41] - Redisson 3.13.3
11:13:09.730 [redisson-netty-2-22] INFO  o.r.c.p.MasterPubSubConnectionPool - [lambda$run$0,167] - 1 connections initialized for localhost/127.0.0.1:6379
11:13:09.742 [redisson-netty-2-20] INFO  o.r.c.p.MasterConnectionPool - [lambda$run$0,167] - 24 connections initialized for localhost/127.0.0.1:6379
11:13:09.922 [main] INFO  s.d.s.w.PropertySourcedRequestMappingHandlerMapping - [initHandlerMethods,69] - Mapped URL path [/v2/api-docs] onto method [springfox.documentation.swagger2.web.Swagger2Controller#getDocumentation(String, HttpServletRequest)]
11:13:10.907 [main] INFO  c.a.n.c.i.CredentialWatcher - [loadCredential,165] - null No credential found
11:13:10.918 [main] INFO  c.a.n.client.naming - [isChangedServiceInfo,167] - init new ips(0) service: DEFAULT_GROUP@@jz-page@@DEFAULT -> []
11:13:10.923 [main] INFO  c.a.n.client.naming - [processServiceInfo,152] - current ips:(0) service: DEFAULT_GROUP@@jz-page@@DEFAULT -> []
11:13:10.927 [main] INFO  o.a.c.h.Http11NioProtocol - [log,173] - Starting ProtocolHandler ["http-nio-9204"]
11:13:10.937 [main] INFO  c.a.n.client.naming - [registerService,97] - [REGISTER-SERVICE] public registering service jz-page with instance Instance{instanceId='null', ip='192.168.145.1', port=9204, weight=1.0, healthy=true, enabled=true, ephemeral=true, clusterName='DEFAULT', serviceName='null', metadata={preserved.register.source=SPRING_CLOUD}}
11:13:10.941 [main] INFO  c.a.c.n.r.NacosServiceRegistry - [register,75] - nacos registry, DEFAULT_GROUP jz-page 192.168.145.1:9204 register finished
11:13:11.187 [main] INFO  s.d.s.w.p.DocumentationPluginsBootstrapper - [start,160] - Context refreshed
11:13:11.196 [main] INFO  s.d.s.w.p.DocumentationPluginsBootstrapper - [start,163] - Found 1 custom documentation plugin(s)
11:13:11.216 [main] INFO  s.d.s.w.s.ApiListingReferenceScanner - [scan,41] - Scanning for api listing references
11:13:11.264 [main] INFO  c.r.s.JzPageApplication - [logStarted,61] - Started JzPageApplication in 8.075 seconds (JVM running for 8.962)
11:13:11.271 [main] INFO  c.a.n.c.c.i.ClientWorker - [addCacheDataIfAbsent,346] - [config_rpc_client] [subscribe] jz-page+DEFAULT_GROUP
11:13:11.272 [main] INFO  c.a.n.c.c.i.CacheData - [addListener,128] - [config_rpc_client] [add-listener] ok, tenant=, dataId=jz-page, group=DEFAULT_GROUP, cnt=1
11:13:11.272 [main] INFO  c.a.n.c.c.i.ClientWorker - [addCacheDataIfAbsent,346] - [config_rpc_client] [subscribe] jz-page.yml+DEFAULT_GROUP
11:13:11.272 [main] INFO  c.a.n.c.c.i.CacheData - [addListener,128] - [config_rpc_client] [add-listener] ok, tenant=, dataId=jz-page.yml, group=DEFAULT_GROUP, cnt=1
11:13:11.273 [main] INFO  c.a.n.c.c.i.ClientWorker - [addCacheDataIfAbsent,346] - [config_rpc_client] [subscribe] jz-page-dev.yml+DEFAULT_GROUP
11:13:11.273 [main] INFO  c.a.n.c.c.i.CacheData - [addListener,128] - [config_rpc_client] [add-listener] ok, tenant=, dataId=jz-page-dev.yml, group=DEFAULT_GROUP, cnt=1
11:13:11.422 [nacos-grpc-client-executor-6] INFO  c.a.n.c.r.client - [printIfInfoEnabled,60] - [cc98b223-f766-4560-a7a3-19d4de9a30df]receive server push request,request=NotifySubscriberRequest,requestId=78
11:13:11.423 [nacos-grpc-client-executor-6] INFO  c.a.n.client.naming - [isChangedServiceInfo,167] - init new ips(1) service: DEFAULT_GROUP@@jz-page -> [{"ip":"192.168.145.1","port":9204,"weight":1.0,"healthy":true,"enabled":true,"ephemeral":true,"clusterName":"DEFAULT","serviceName":"DEFAULT_GROUP@@jz-page","metadata":{"preserved.register.source":"SPRING_CLOUD"},"ipDeleteTimeout":30000,"instanceHeartBeatInterval":5000,"instanceHeartBeatTimeOut":15000}]
11:13:11.424 [nacos-grpc-client-executor-6] INFO  c.a.n.client.naming - [processServiceInfo,152] - current ips:(1) service: DEFAULT_GROUP@@jz-page -> [{"ip":"192.168.145.1","port":9204,"weight":1.0,"healthy":true,"enabled":true,"ephemeral":true,"clusterName":"DEFAULT","serviceName":"DEFAULT_GROUP@@jz-page","metadata":{"preserved.register.source":"SPRING_CLOUD"},"ipDeleteTimeout":30000,"instanceHeartBeatInterval":5000,"instanceHeartBeatTimeOut":15000}]
11:13:11.424 [nacos-grpc-client-executor-6] INFO  c.a.n.c.r.client - [printIfInfoEnabled,60] - [cc98b223-f766-4560-a7a3-19d4de9a30df]ack server push request,request=NotifySubscriberRequest,requestId=78
11:13:11.840 [RMI TCP Connection(5)-192.168.3.237] INFO  o.a.c.c.C.[.[.[/] - [log,173] - Initializing Spring DispatcherServlet 'dispatcherServlet'
11:13:11.933 [com.alibaba.nacos.client.naming.updater.0] INFO  c.a.n.client.naming - [isChangedServiceInfo,221] - new ips(1) service: DEFAULT_GROUP@@jz-page@@DEFAULT -> [{"ip":"192.168.145.1","port":9204,"weight":1.0,"healthy":true,"enabled":true,"ephemeral":true,"clusterName":"DEFAULT","serviceName":"DEFAULT_GROUP@@jz-page","metadata":{"preserved.register.source":"SPRING_CLOUD"},"ipDeleteTimeout":30000,"instanceHeartBeatInterval":5000,"instanceHeartBeatTimeOut":15000}]
11:13:11.934 [com.alibaba.nacos.client.naming.updater.0] INFO  c.a.n.client.naming - [processServiceInfo,152] - current ips:(1) service: DEFAULT_GROUP@@jz-page@@DEFAULT -> [{"ip":"192.168.145.1","port":9204,"weight":1.0,"healthy":true,"enabled":true,"ephemeral":true,"clusterName":"DEFAULT","serviceName":"DEFAULT_GROUP@@jz-page","metadata":{"preserved.register.source":"SPRING_CLOUD"},"ipDeleteTimeout":30000,"instanceHeartBeatInterval":5000,"instanceHeartBeatTimeOut":15000}]
14:01:07.974 [nacos-grpc-client-executor-2861] INFO  c.a.n.c.r.client - [printIfInfoEnabled,60] - [config-0-be5cf16e-fbd7-48de-b9bd-e6644d1c536d]receive server push request,request=ClientDetectionRequest,requestId=95
14:01:07.981 [nacos-grpc-client-executor-2861] INFO  c.a.n.c.r.client - [printIfInfoEnabled,60] - [config-0-be5cf16e-fbd7-48de-b9bd-e6644d1c536d]ack server push request,request=ClientDetectionRequest,requestId=95
15:00:52.755 [background-preinit] INFO  o.h.v.i.util.Version - [<clinit>,21] - HV000001: Hibernate Validator 6.2.0.Final
15:00:53.543 [main] INFO  c.a.n.c.c.i.LocalConfigInfoProcessor - [<clinit>,212] - LOCAL_SNAPSHOT_PATH:C:\Users\jzgar\nacos\config
15:00:53.578 [main] INFO  o.r.Reflections - [scan,232] - Reflections took 21 ms to scan 1 urls, producing 3 keys and 6 values 
15:00:53.600 [main] INFO  o.r.Reflections - [scan,232] - Reflections took 11 ms to scan 1 urls, producing 4 keys and 9 values 
15:00:53.612 [main] INFO  o.r.Reflections - [scan,232] - Reflections took 9 ms to scan 1 urls, producing 3 keys and 10 values 
15:00:53.772 [main] INFO  o.r.Reflections - [scan,232] - Reflections took 158 ms to scan 223 urls, producing 0 keys and 0 values 
15:00:53.780 [main] INFO  o.r.Reflections - [scan,232] - Reflections took 7 ms to scan 1 urls, producing 1 keys and 5 values 
15:00:53.790 [main] INFO  o.r.Reflections - [scan,232] - Reflections took 8 ms to scan 1 urls, producing 1 keys and 7 values 
15:00:53.801 [main] INFO  o.r.Reflections - [scan,232] - Reflections took 9 ms to scan 1 urls, producing 2 keys and 8 values 
15:00:53.932 [main] INFO  o.r.Reflections - [scan,232] - Reflections took 129 ms to scan 223 urls, producing 0 keys and 0 values 
15:00:53.933 [main] INFO  c.a.n.c.r.client - [printIfInfoEnabled,60] - [config-0-07cdb20f-6561-4c01-9499-1662b3801a23]RpcClient init label, labels={module=config, Vipserver-Tag=null, source=sdk, Amory-Tag=null, Location-Tag=null, taskId=0, AppName=unknown}
15:00:53.934 [main] INFO  c.a.n.c.r.client - [printIfInfoEnabled,60] - [config-0-07cdb20f-6561-4c01-9499-1662b3801a23]Register server push request handler:com.alibaba.nacos.client.config.impl.ClientWorker$ConfigRpcTransportClient$$Lambda$324/1846982837
15:00:53.934 [main] INFO  c.a.n.c.r.client - [printIfInfoEnabled,60] - [config-0-07cdb20f-6561-4c01-9499-1662b3801a23]Register server push request handler:com.alibaba.nacos.client.config.impl.ClientWorker$ConfigRpcTransportClient$$Lambda$325/1135935001
15:00:53.935 [main] INFO  c.a.n.c.r.client - [printIfInfoEnabled,60] - [config-0-07cdb20f-6561-4c01-9499-1662b3801a23]Registry connection listener to current client:com.alibaba.nacos.client.config.impl.ClientWorker$ConfigRpcTransportClient$1
15:00:53.935 [main] INFO  c.a.n.c.r.client - [printIfInfoEnabled,60] - [config-0-07cdb20f-6561-4c01-9499-1662b3801a23]RpcClient init, ServerListFactory =com.alibaba.nacos.client.config.impl.ClientWorker$ConfigRpcTransportClient$2
15:00:53.937 [main] INFO  c.a.n.c.r.client - [printIfInfoEnabled,60] - [config-0-07cdb20f-6561-4c01-9499-1662b3801a23] Try to connect to server on start up, server: {serverIp='127.0.0.1', server main port=8848}
15:00:55.542 [main] INFO  c.a.n.c.r.client - [printIfInfoEnabled,60] - [config-0-07cdb20f-6561-4c01-9499-1662b3801a23] Success to connect to server [127.0.0.1:8848] on start up,connectionId=1688108455324_127.0.0.1_59070
15:00:55.542 [com.alibaba.nacos.client.remote.worker] INFO  c.a.n.c.r.client - [printIfInfoEnabled,60] - [config-0-07cdb20f-6561-4c01-9499-1662b3801a23]Notify connected event to listeners.
15:00:55.542 [main] INFO  c.a.n.c.r.client - [printIfInfoEnabled,60] - [config-0-07cdb20f-6561-4c01-9499-1662b3801a23]Register server push request handler:com.alibaba.nacos.common.remote.client.RpcClient$ConnectResetRequestHandler
15:00:55.543 [com.alibaba.nacos.client.remote.worker] INFO  c.a.n.c.c.i.ClientWorker - [onConnected,625] - [config-0-07cdb20f-6561-4c01-9499-1662b3801a23] Connected,notify listen context...
15:00:55.543 [main] INFO  c.a.n.c.r.client - [printIfInfoEnabled,60] - [config-0-07cdb20f-6561-4c01-9499-1662b3801a23]Register server push request handler:com.alibaba.nacos.common.remote.client.RpcClient$4
15:00:55.568 [main] INFO  c.a.n.c.c.i.Limiter - [<clinit>,54] - limitTime:5.0
15:00:55.581 [main] INFO  c.a.n.c.c.u.JvmUtil - [<clinit>,49] - isMultiInstance:false
15:00:55.612 [main] INFO  c.r.s.JzSystemApplication - [logStartupProfileInfo,667] - The following profiles are active: dev
15:00:58.001 [main] INFO  o.a.c.h.Http11NioProtocol - [log,173] - Initializing ProtocolHandler ["http-nio-9201"]
15:00:58.001 [main] INFO  o.a.c.c.StandardService - [log,173] - Starting service [Tomcat]
15:00:58.001 [main] INFO  o.a.c.c.StandardEngine - [log,173] - Starting Servlet engine: [Apache Tomcat/9.0.46]
15:00:58.155 [main] INFO  o.a.c.c.C.[.[.[/] - [log,173] - Initializing Spring embedded WebApplicationContext
15:00:58.534 [main] INFO  c.a.d.p.DruidDataSource - [init,990] - {dataSource-1,master} inited
15:00:58.536 [main] INFO  c.b.d.d.DynamicRoutingDataSource - [addDataSource,144] - dynamic-datasource - add a datasource named [master] success
15:00:58.536 [main] INFO  c.b.d.d.DynamicRoutingDataSource - [afterPropertiesSet,235] - dynamic-datasource initial loaded [1] datasource,primary datasource named [master]
15:01:01.197 [main] INFO  org.redisson.Version - [logVersion,41] - Redisson 3.13.3
15:01:03.039 [redisson-netty-2-24] INFO  o.r.c.p.MasterPubSubConnectionPool - [lambda$run$0,167] - 1 connections initialized for localhost/127.0.0.1:6379
15:01:03.056 [redisson-netty-2-20] INFO  o.r.c.p.MasterConnectionPool - [lambda$run$0,167] - 24 connections initialized for localhost/127.0.0.1:6379
15:01:04.876 [main] INFO  c.a.c.s.SentinelWebAutoConfiguration - [addInterceptors,80] - [Sentinel Starter] register SentinelWebInterceptor with urlPatterns: [/**].
15:01:06.623 [main] INFO  c.a.n.client.naming - [call,65] - initializer namespace from System Property :null
15:01:06.624 [main] INFO  c.a.n.client.naming - [call,74] - initializer namespace from System Environment :null
15:01:06.624 [main] INFO  c.a.n.client.naming - [call,84] - initializer namespace from System Property :null
15:01:06.643 [main] INFO  c.a.n.c.r.client - [printIfInfoEnabled,60] - [6d21b6ac-7a00-4108-884a-650213c0b228]RpcClient init label, labels={module=naming, source=sdk}
15:01:06.644 [main] INFO  c.a.n.c.r.client - [printIfInfoEnabled,60] - [6d21b6ac-7a00-4108-884a-650213c0b228]RpcClient init, ServerListFactory =com.alibaba.nacos.client.naming.core.ServerListManager
15:01:06.644 [main] INFO  c.a.n.c.r.client - [printIfInfoEnabled,60] - [6d21b6ac-7a00-4108-884a-650213c0b228] Try to connect to server on start up, server: {serverIp='127.0.0.1', server main port=8848}
15:01:06.769 [main] INFO  c.a.n.c.r.client - [printIfInfoEnabled,60] - [6d21b6ac-7a00-4108-884a-650213c0b228] Success to connect to server [127.0.0.1:8848] on start up,connectionId=1688108466652_127.0.0.1_59729
15:01:06.769 [main] INFO  c.a.n.c.r.client - [printIfInfoEnabled,60] - [6d21b6ac-7a00-4108-884a-650213c0b228]Register server push request handler:com.alibaba.nacos.common.remote.client.RpcClient$ConnectResetRequestHandler
15:01:06.770 [main] INFO  c.a.n.c.r.client - [printIfInfoEnabled,60] - [6d21b6ac-7a00-4108-884a-650213c0b228]Register server push request handler:com.alibaba.nacos.common.remote.client.RpcClient$4
15:01:06.770 [main] INFO  c.a.n.c.r.client - [printIfInfoEnabled,60] - [6d21b6ac-7a00-4108-884a-650213c0b228]Register server push request handler:com.alibaba.nacos.client.naming.remote.gprc.NamingPushRequestHandler
15:01:06.771 [main] INFO  c.a.n.c.r.client - [printIfInfoEnabled,60] - [6d21b6ac-7a00-4108-884a-650213c0b228]Registry connection listener to current client:com.alibaba.nacos.client.naming.remote.gprc.NamingGrpcConnectionEventListener
15:01:07.110 [main] INFO  s.d.s.w.PropertySourcedRequestMappingHandlerMapping - [initHandlerMethods,69] - Mapped URL path [/v2/api-docs] onto method [springfox.documentation.swagger2.web.Swagger2Controller#getDocumentation(String, HttpServletRequest)]
15:01:09.962 [background-preinit] INFO  o.h.v.i.util.Version - [<clinit>,21] - HV000001: Hibernate Validator 6.2.0.Final
15:01:10.108 [main] INFO  c.a.n.c.i.CredentialWatcher - [loadCredential,165] - null No credential found
15:01:10.139 [main] INFO  c.a.n.client.naming - [isChangedServiceInfo,167] - init new ips(0) service: DEFAULT_GROUP@@ruoyi-system@@DEFAULT -> []
15:01:10.149 [main] INFO  c.a.n.client.naming - [processServiceInfo,152] - current ips:(0) service: DEFAULT_GROUP@@ruoyi-system@@DEFAULT -> []
15:01:10.157 [main] INFO  o.a.c.h.Http11NioProtocol - [log,173] - Starting ProtocolHandler ["http-nio-9201"]
15:01:10.185 [main] INFO  c.a.n.client.naming - [registerService,97] - [REGISTER-SERVICE] public registering service ruoyi-system with instance Instance{instanceId='null', ip='192.168.145.1', port=9201, weight=1.0, healthy=true, enabled=true, ephemeral=true, clusterName='DEFAULT', serviceName='null', metadata={preserved.register.source=SPRING_CLOUD}}
15:01:10.194 [main] INFO  c.a.c.n.r.NacosServiceRegistry - [register,75] - nacos registry, DEFAULT_GROUP ruoyi-system 192.168.145.1:9201 register finished
15:01:10.705 [nacos-grpc-client-executor-6] INFO  c.a.n.c.r.client - [printIfInfoEnabled,60] - [6d21b6ac-7a00-4108-884a-650213c0b228]receive server push request,request=NotifySubscriberRequest,requestId=120
15:01:10.708 [nacos-grpc-client-executor-6] INFO  c.a.n.client.naming - [isChangedServiceInfo,167] - init new ips(1) service: DEFAULT_GROUP@@ruoyi-system -> [{"ip":"192.168.145.1","port":9201,"weight":1.0,"healthy":true,"enabled":true,"ephemeral":true,"clusterName":"DEFAULT","serviceName":"DEFAULT_GROUP@@ruoyi-system","metadata":{"preserved.register.source":"SPRING_CLOUD"},"ipDeleteTimeout":30000,"instanceHeartBeatInterval":5000,"instanceHeartBeatTimeOut":15000}]
15:01:10.708 [nacos-grpc-client-executor-6] INFO  c.a.n.client.naming - [processServiceInfo,152] - current ips:(1) service: DEFAULT_GROUP@@ruoyi-system -> [{"ip":"192.168.145.1","port":9201,"weight":1.0,"healthy":true,"enabled":true,"ephemeral":true,"clusterName":"DEFAULT","serviceName":"DEFAULT_GROUP@@ruoyi-system","metadata":{"preserved.register.source":"SPRING_CLOUD"},"ipDeleteTimeout":30000,"instanceHeartBeatInterval":5000,"instanceHeartBeatTimeOut":15000}]
15:01:10.709 [nacos-grpc-client-executor-6] INFO  c.a.n.c.r.client - [printIfInfoEnabled,60] - [6d21b6ac-7a00-4108-884a-650213c0b228]ack server push request,request=NotifySubscriberRequest,requestId=120
15:01:11.145 [com.alibaba.nacos.client.naming.updater.0] INFO  c.a.n.client.naming - [isChangedServiceInfo,221] - new ips(1) service: DEFAULT_GROUP@@ruoyi-system@@DEFAULT -> [{"ip":"192.168.145.1","port":9201,"weight":1.0,"healthy":true,"enabled":true,"ephemeral":true,"clusterName":"DEFAULT","serviceName":"DEFAULT_GROUP@@ruoyi-system","metadata":{"preserved.register.source":"SPRING_CLOUD"},"ipDeleteTimeout":30000,"instanceHeartBeatInterval":5000,"instanceHeartBeatTimeOut":15000}]
15:01:11.145 [com.alibaba.nacos.client.naming.updater.0] INFO  c.a.n.client.naming - [processServiceInfo,152] - current ips:(1) service: DEFAULT_GROUP@@ruoyi-system@@DEFAULT -> [{"ip":"192.168.145.1","port":9201,"weight":1.0,"healthy":true,"enabled":true,"ephemeral":true,"clusterName":"DEFAULT","serviceName":"DEFAULT_GROUP@@ruoyi-system","metadata":{"preserved.register.source":"SPRING_CLOUD"},"ipDeleteTimeout":30000,"instanceHeartBeatInterval":5000,"instanceHeartBeatTimeOut":15000}]
15:01:11.259 [main] INFO  s.d.s.w.p.DocumentationPluginsBootstrapper - [start,160] - Context refreshed
15:01:11.272 [main] INFO  c.a.n.c.c.i.LocalConfigInfoProcessor - [<clinit>,212] - LOCAL_SNAPSHOT_PATH:C:\Users\jzgar\nacos\config
15:01:11.277 [main] INFO  s.d.s.w.p.DocumentationPluginsBootstrapper - [start,163] - Found 1 custom documentation plugin(s)
15:01:11.333 [main] INFO  o.r.Reflections - [scan,232] - Reflections took 32 ms to scan 1 urls, producing 3 keys and 6 values 
15:01:11.354 [main] INFO  s.d.s.w.s.ApiListingReferenceScanner - [scan,41] - Scanning for api listing references
15:01:11.387 [main] INFO  o.r.Reflections - [scan,232] - Reflections took 31 ms to scan 1 urls, producing 4 keys and 9 values 
15:01:11.417 [main] INFO  o.r.Reflections - [scan,232] - Reflections took 20 ms to scan 1 urls, producing 3 keys and 10 values 
15:01:11.562 [main] INFO  s.d.s.w.r.o.CachingOperationNameGenerator - [startingWith,40] - Generating unique operation named: addUsingPOST_1
15:01:11.563 [main] INFO  s.d.s.w.r.o.CachingOperationNameGenerator - [startingWith,40] - Generating unique operation named: editUsingPUT_1
15:01:11.570 [main] INFO  s.d.s.w.r.o.CachingOperationNameGenerator - [startingWith,40] - Generating unique operation named: getInfoUsingGET_1
15:01:11.580 [main] INFO  s.d.s.w.r.o.CachingOperationNameGenerator - [startingWith,40] - Generating unique operation named: listUsingGET_1
15:01:11.581 [main] INFO  s.d.s.w.r.o.CachingOperationNameGenerator - [startingWith,40] - Generating unique operation named: removeUsingDELETE_1
15:01:11.594 [main] INFO  s.d.s.w.r.o.CachingOperationNameGenerator - [startingWith,40] - Generating unique operation named: addUsingPOST_2
15:01:11.596 [main] INFO  s.d.s.w.r.o.CachingOperationNameGenerator - [startingWith,40] - Generating unique operation named: editUsingPUT_2
15:01:11.602 [main] INFO  s.d.s.w.r.o.CachingOperationNameGenerator - [startingWith,40] - Generating unique operation named: exportUsingPOST_1
15:01:11.603 [main] INFO  s.d.s.w.r.o.CachingOperationNameGenerator - [startingWith,40] - Generating unique operation named: getInfoUsingGET_2
15:01:11.606 [main] INFO  s.d.s.w.r.o.CachingOperationNameGenerator - [startingWith,40] - Generating unique operation named: listUsingGET_2
15:01:11.609 [main] INFO  s.d.s.w.r.o.CachingOperationNameGenerator - [startingWith,40] - Generating unique operation named: removeUsingDELETE_2
15:01:11.616 [main] INFO  s.d.s.w.r.o.CachingOperationNameGenerator - [startingWith,40] - Generating unique operation named: addUsingPOST_3
15:01:11.618 [main] INFO  s.d.s.w.r.o.CachingOperationNameGenerator - [startingWith,40] - Generating unique operation named: editUsingPUT_3
15:01:11.624 [main] INFO  s.d.s.w.r.o.CachingOperationNameGenerator - [startingWith,40] - Generating unique operation named: exportUsingPOST_2
15:01:11.626 [main] INFO  s.d.s.w.r.o.CachingOperationNameGenerator - [startingWith,40] - Generating unique operation named: getInfoUsingGET_3
15:01:11.628 [main] INFO  s.d.s.w.r.o.CachingOperationNameGenerator - [startingWith,40] - Generating unique operation named: listUsingGET_3
15:01:11.634 [main] INFO  s.d.s.w.r.o.CachingOperationNameGenerator - [startingWith,40] - Generating unique operation named: refreshCacheUsingDELETE_1
15:01:11.637 [main] INFO  s.d.s.w.r.o.CachingOperationNameGenerator - [startingWith,40] - Generating unique operation named: removeUsingDELETE_3
15:01:11.641 [main] INFO  s.d.s.w.r.o.CachingOperationNameGenerator - [startingWith,40] - Generating unique operation named: addUsingPOST_4
15:01:11.648 [main] INFO  s.d.s.w.r.o.CachingOperationNameGenerator - [startingWith,40] - Generating unique operation named: exportUsingPOST_3
15:01:11.651 [main] INFO  s.d.s.w.r.o.CachingOperationNameGenerator - [startingWith,40] - Generating unique operation named: listUsingGET_4
15:01:11.653 [main] INFO  s.d.s.w.r.o.CachingOperationNameGenerator - [startingWith,40] - Generating unique operation named: removeUsingDELETE_4
15:01:11.665 [main] INFO  s.d.s.w.r.o.CachingOperationNameGenerator - [startingWith,40] - Generating unique operation named: addUsingPOST_5
15:01:11.667 [main] INFO  s.d.s.w.r.o.CachingOperationNameGenerator - [startingWith,40] - Generating unique operation named: editUsingPUT_4
15:01:11.669 [main] INFO  s.d.s.w.r.o.CachingOperationNameGenerator - [startingWith,40] - Generating unique operation named: getInfoUsingGET_4
15:01:11.679 [main] INFO  s.d.s.w.r.o.CachingOperationNameGenerator - [startingWith,40] - Generating unique operation named: listUsingGET_5
15:01:11.681 [main] INFO  s.d.s.w.r.o.CachingOperationNameGenerator - [startingWith,40] - Generating unique operation named: removeUsingDELETE_5
15:01:11.687 [main] INFO  s.d.s.w.r.o.CachingOperationNameGenerator - [startingWith,40] - Generating unique operation named: treeselectUsingGET_1
15:01:11.693 [main] INFO  s.d.s.w.r.o.CachingOperationNameGenerator - [startingWith,40] - Generating unique operation named: addUsingPOST_6
15:01:11.694 [main] INFO  s.d.s.w.r.o.CachingOperationNameGenerator - [startingWith,40] - Generating unique operation named: editUsingPUT_5
15:01:11.697 [main] INFO  s.d.s.w.r.o.CachingOperationNameGenerator - [startingWith,40] - Generating unique operation named: getInfoUsingGET_5
15:01:11.702 [main] INFO  s.d.s.w.r.o.CachingOperationNameGenerator - [startingWith,40] - Generating unique operation named: listUsingGET_6
15:01:11.703 [main] INFO  o.r.Reflections - [scan,232] - Reflections took 283 ms to scan 223 urls, producing 0 keys and 0 values 
15:01:11.704 [main] INFO  s.d.s.w.r.o.CachingOperationNameGenerator - [startingWith,40] - Generating unique operation named: removeUsingDELETE_6
15:01:11.714 [main] INFO  s.d.s.w.r.o.CachingOperationNameGenerator - [startingWith,40] - Generating unique operation named: addUsingPOST_7
15:01:11.716 [main] INFO  s.d.s.w.r.o.CachingOperationNameGenerator - [startingWith,40] - Generating unique operation named: cleanUsingDELETE_1
15:01:11.718 [main] INFO  o.r.Reflections - [scan,232] - Reflections took 13 ms to scan 1 urls, producing 1 keys and 5 values 
15:01:11.721 [main] INFO  s.d.s.w.r.o.CachingOperationNameGenerator - [startingWith,40] - Generating unique operation named: exportUsingPOST_4
15:01:11.725 [main] INFO  s.d.s.w.r.o.CachingOperationNameGenerator - [startingWith,40] - Generating unique operation named: listUsingGET_7
15:01:11.726 [main] INFO  s.d.s.w.r.o.CachingOperationNameGenerator - [startingWith,40] - Generating unique operation named: removeUsingDELETE_7
15:01:11.732 [main] INFO  s.d.s.w.r.o.CachingOperationNameGenerator - [startingWith,40] - Generating unique operation named: addUsingPOST_8
15:01:11.733 [main] INFO  o.r.Reflections - [scan,232] - Reflections took 14 ms to scan 1 urls, producing 1 keys and 7 values 
15:01:11.734 [main] INFO  s.d.s.w.r.o.CachingOperationNameGenerator - [startingWith,40] - Generating unique operation named: editUsingPUT_6
15:01:11.738 [main] INFO  s.d.s.w.r.o.CachingOperationNameGenerator - [startingWith,40] - Generating unique operation named: exportUsingPOST_5
15:01:11.740 [main] INFO  s.d.s.w.r.o.CachingOperationNameGenerator - [startingWith,40] - Generating unique operation named: getInfoUsingGET_6
15:01:11.741 [main] INFO  s.d.s.w.r.o.CachingOperationNameGenerator - [startingWith,40] - Generating unique operation named: listUsingGET_8
15:01:11.743 [main] INFO  s.d.s.w.r.o.CachingOperationNameGenerator - [startingWith,40] - Generating unique operation named: optionselectUsingGET_1
15:01:11.744 [main] INFO  s.d.s.w.r.o.CachingOperationNameGenerator - [startingWith,40] - Generating unique operation named: removeUsingDELETE_8
15:01:11.745 [main] INFO  o.r.Reflections - [scan,232] - Reflections took 10 ms to scan 1 urls, producing 2 keys and 8 values 
15:01:11.761 [main] INFO  s.d.s.w.r.o.CachingOperationNameGenerator - [startingWith,40] - Generating unique operation named: addUsingPOST_9
15:01:11.764 [main] INFO  s.d.s.w.r.o.CachingOperationNameGenerator - [startingWith,40] - Generating unique operation named: editUsingPUT_7
15:01:11.769 [main] INFO  s.d.s.w.r.o.CachingOperationNameGenerator - [startingWith,40] - Generating unique operation named: exportUsingPOST_6
15:01:11.770 [main] INFO  s.d.s.w.r.o.CachingOperationNameGenerator - [startingWith,40] - Generating unique operation named: getInfoUsingGET_7
15:01:11.772 [main] INFO  s.d.s.w.r.o.CachingOperationNameGenerator - [startingWith,40] - Generating unique operation named: listUsingGET_9
15:01:11.774 [main] INFO  s.d.s.w.r.o.CachingOperationNameGenerator - [startingWith,40] - Generating unique operation named: optionselectUsingGET_2
15:01:11.775 [main] INFO  s.d.s.w.r.o.CachingOperationNameGenerator - [startingWith,40] - Generating unique operation named: removeUsingDELETE_9
15:01:11.778 [main] INFO  s.d.s.w.r.o.CachingOperationNameGenerator - [startingWith,40] - Generating unique operation named: addUsingPOST_10
15:01:11.780 [main] INFO  s.d.s.w.r.o.CachingOperationNameGenerator - [startingWith,40] - Generating unique operation named: changeStatusUsingPUT_1
15:01:11.781 [main] INFO  s.d.s.w.r.o.CachingOperationNameGenerator - [startingWith,40] - Generating unique operation named: editUsingPUT_8
15:01:11.790 [main] INFO  s.d.s.w.r.o.CachingOperationNameGenerator - [startingWith,40] - Generating unique operation named: exportUsingPOST_7
15:01:11.793 [main] INFO  s.d.s.w.r.o.CachingOperationNameGenerator - [startingWith,40] - Generating unique operation named: getInfoUsingGET_8
15:01:11.794 [main] INFO  s.d.s.w.r.o.CachingOperationNameGenerator - [startingWith,40] - Generating unique operation named: getInfoUsingGET_9
15:01:11.795 [main] INFO  s.d.s.w.r.o.CachingOperationNameGenerator - [startingWith,40] - Generating unique operation named: getInfoUsingGET_10
15:01:11.813 [main] INFO  s.d.s.w.r.o.CachingOperationNameGenerator - [startingWith,40] - Generating unique operation named: listUsingGET_10
15:01:11.815 [main] INFO  s.d.s.w.r.o.CachingOperationNameGenerator - [startingWith,40] - Generating unique operation named: removeUsingDELETE_10
15:01:11.820 [main] INFO  s.d.s.w.r.o.CachingOperationNameGenerator - [startingWith,40] - Generating unique operation named: listUsingGET_11
15:01:11.853 [main] INFO  c.r.s.JzSystemApplication - [logStarted,61] - Started JzSystemApplication in 19.939 seconds (JVM running for 20.751)
15:01:11.875 [main] INFO  c.a.n.c.c.i.ClientWorker - [addCacheDataIfAbsent,346] - [config_rpc_client] [subscribe] ruoyi-system+DEFAULT_GROUP
15:01:11.877 [main] INFO  c.a.n.c.c.i.CacheData - [addListener,128] - [config_rpc_client] [add-listener] ok, tenant=, dataId=ruoyi-system, group=DEFAULT_GROUP, cnt=1
15:01:11.877 [main] INFO  c.a.n.c.c.i.ClientWorker - [addCacheDataIfAbsent,346] - [config_rpc_client] [subscribe] ruoyi-system.yml+DEFAULT_GROUP
15:01:11.878 [main] INFO  c.a.n.c.c.i.CacheData - [addListener,128] - [config_rpc_client] [add-listener] ok, tenant=, dataId=ruoyi-system.yml, group=DEFAULT_GROUP, cnt=1
15:01:11.879 [main] INFO  c.a.n.c.c.i.ClientWorker - [addCacheDataIfAbsent,346] - [config_rpc_client] [subscribe] ruoyi-system-dev.yml+DEFAULT_GROUP
15:01:11.879 [main] INFO  c.a.n.c.c.i.CacheData - [addListener,128] - [config_rpc_client] [add-listener] ok, tenant=, dataId=ruoyi-system-dev.yml, group=DEFAULT_GROUP, cnt=1
15:01:11.935 [main] INFO  o.r.Reflections - [scan,232] - Reflections took 188 ms to scan 223 urls, producing 0 keys and 0 values 
15:01:11.936 [main] INFO  c.a.n.c.r.client - [printIfInfoEnabled,60] - [config-0-41a11723-82b1-484a-b5e5-97f2698fafc6]RpcClient init label, labels={module=config, Vipserver-Tag=null, source=sdk, Amory-Tag=null, Location-Tag=null, taskId=0, AppName=unknown}
15:01:11.937 [main] INFO  c.a.n.c.r.client - [printIfInfoEnabled,60] - [config-0-41a11723-82b1-484a-b5e5-97f2698fafc6]Register server push request handler:com.alibaba.nacos.client.config.impl.ClientWorker$ConfigRpcTransportClient$$Lambda$324/1752535057
15:01:11.937 [main] INFO  c.a.n.c.r.client - [printIfInfoEnabled,60] - [config-0-41a11723-82b1-484a-b5e5-97f2698fafc6]Register server push request handler:com.alibaba.nacos.client.config.impl.ClientWorker$ConfigRpcTransportClient$$Lambda$325/2116299597
15:01:11.937 [RMI TCP Connection(5)-192.168.3.237] INFO  o.a.c.c.C.[.[.[/] - [log,173] - Initializing Spring DispatcherServlet 'dispatcherServlet'
15:01:11.938 [main] INFO  c.a.n.c.r.client - [printIfInfoEnabled,60] - [config-0-41a11723-82b1-484a-b5e5-97f2698fafc6]Registry connection listener to current client:com.alibaba.nacos.client.config.impl.ClientWorker$ConfigRpcTransportClient$1
15:01:11.939 [main] INFO  c.a.n.c.r.client - [printIfInfoEnabled,60] - [config-0-41a11723-82b1-484a-b5e5-97f2698fafc6]RpcClient init, ServerListFactory =com.alibaba.nacos.client.config.impl.ClientWorker$ConfigRpcTransportClient$2
15:01:11.941 [main] INFO  c.a.n.c.r.client - [printIfInfoEnabled,60] - [config-0-41a11723-82b1-484a-b5e5-97f2698fafc6] Try to connect to server on start up, server: {serverIp='127.0.0.1', server main port=8848}
15:01:14.231 [main] INFO  c.a.n.c.r.client - [printIfInfoEnabled,60] - [config-0-41a11723-82b1-484a-b5e5-97f2698fafc6] Success to connect to server [127.0.0.1:8848] on start up,connectionId=1688108473968_127.0.0.1_60064
15:01:14.231 [com.alibaba.nacos.client.remote.worker] INFO  c.a.n.c.r.client - [printIfInfoEnabled,60] - [config-0-41a11723-82b1-484a-b5e5-97f2698fafc6]Notify connected event to listeners.
15:01:14.231 [main] INFO  c.a.n.c.r.client - [printIfInfoEnabled,60] - [config-0-41a11723-82b1-484a-b5e5-97f2698fafc6]Register server push request handler:com.alibaba.nacos.common.remote.client.RpcClient$ConnectResetRequestHandler
15:01:14.232 [com.alibaba.nacos.client.remote.worker] INFO  c.a.n.c.c.i.ClientWorker - [onConnected,625] - [config-0-41a11723-82b1-484a-b5e5-97f2698fafc6] Connected,notify listen context...
15:01:14.232 [main] INFO  c.a.n.c.r.client - [printIfInfoEnabled,60] - [config-0-41a11723-82b1-484a-b5e5-97f2698fafc6]Register server push request handler:com.alibaba.nacos.common.remote.client.RpcClient$4
15:01:14.261 [main] INFO  c.a.n.c.c.i.Limiter - [<clinit>,54] - limitTime:5.0
15:01:14.273 [main] INFO  c.a.n.c.c.u.JvmUtil - [<clinit>,49] - isMultiInstance:false
15:01:14.303 [main] INFO  c.r.s.JzPageApplication - [logStartupProfileInfo,667] - The following profiles are active: dev
15:01:16.598 [main] INFO  o.a.c.h.Http11NioProtocol - [log,173] - Initializing ProtocolHandler ["http-nio-9204"]
15:01:16.599 [main] INFO  o.a.c.c.StandardService - [log,173] - Starting service [Tomcat]
15:01:16.599 [main] INFO  o.a.c.c.StandardEngine - [log,173] - Starting Servlet engine: [Apache Tomcat/9.0.46]
15:01:16.740 [main] INFO  o.a.c.c.C.[.[.[/] - [log,173] - Initializing Spring embedded WebApplicationContext
15:01:17.187 [main] INFO  c.a.d.p.DruidDataSource - [init,990] - {dataSource-1,master} inited
15:01:17.188 [main] INFO  c.b.d.d.DynamicRoutingDataSource - [addDataSource,144] - dynamic-datasource - add a datasource named [master] success
15:01:17.188 [main] INFO  c.b.d.d.DynamicRoutingDataSource - [afterPropertiesSet,235] - dynamic-datasource initial loaded [1] datasource,primary datasource named [master]
15:01:19.371 [main] INFO  c.a.c.s.SentinelWebAutoConfiguration - [addInterceptors,80] - [Sentinel Starter] register SentinelWebInterceptor with urlPatterns: [/**].
15:01:19.783 [main] INFO  c.a.n.client.naming - [call,65] - initializer namespace from System Property :null
15:01:19.784 [main] INFO  c.a.n.client.naming - [call,74] - initializer namespace from System Environment :null
15:01:19.784 [main] INFO  c.a.n.client.naming - [call,84] - initializer namespace from System Property :null
15:01:19.797 [main] INFO  c.a.n.c.r.client - [printIfInfoEnabled,60] - [a942ef09-6577-4e7b-bd86-be27626cd408]RpcClient init label, labels={module=naming, source=sdk}
15:01:19.797 [main] INFO  c.a.n.c.r.client - [printIfInfoEnabled,60] - [a942ef09-6577-4e7b-bd86-be27626cd408]RpcClient init, ServerListFactory =com.alibaba.nacos.client.naming.core.ServerListManager
15:01:19.798 [main] INFO  c.a.n.c.r.client - [printIfInfoEnabled,60] - [a942ef09-6577-4e7b-bd86-be27626cd408] Try to connect to server on start up, server: {serverIp='127.0.0.1', server main port=8848}
15:01:19.914 [main] INFO  c.a.n.c.r.client - [printIfInfoEnabled,60] - [a942ef09-6577-4e7b-bd86-be27626cd408] Success to connect to server [127.0.0.1:8848] on start up,connectionId=1688108479802_127.0.0.1_60338
15:01:19.914 [main] INFO  c.a.n.c.r.client - [printIfInfoEnabled,60] - [a942ef09-6577-4e7b-bd86-be27626cd408]Register server push request handler:com.alibaba.nacos.common.remote.client.RpcClient$ConnectResetRequestHandler
15:01:19.914 [main] INFO  c.a.n.c.r.client - [printIfInfoEnabled,60] - [a942ef09-6577-4e7b-bd86-be27626cd408]Register server push request handler:com.alibaba.nacos.common.remote.client.RpcClient$4
15:01:19.915 [main] INFO  c.a.n.c.r.client - [printIfInfoEnabled,60] - [a942ef09-6577-4e7b-bd86-be27626cd408]Register server push request handler:com.alibaba.nacos.client.naming.remote.gprc.NamingPushRequestHandler
15:01:19.915 [main] INFO  c.a.n.c.r.client - [printIfInfoEnabled,60] - [a942ef09-6577-4e7b-bd86-be27626cd408]Registry connection listener to current client:com.alibaba.nacos.client.naming.remote.gprc.NamingGrpcConnectionEventListener
15:01:20.049 [main] INFO  org.redisson.Version - [logVersion,41] - Redisson 3.13.3
15:01:20.885 [redisson-netty-2-17] INFO  o.r.c.p.MasterPubSubConnectionPool - [lambda$run$0,167] - 1 connections initialized for localhost/127.0.0.1:6379
15:01:20.900 [redisson-netty-2-20] INFO  o.r.c.p.MasterConnectionPool - [lambda$run$0,167] - 24 connections initialized for localhost/127.0.0.1:6379
15:01:21.111 [main] INFO  s.d.s.w.PropertySourcedRequestMappingHandlerMapping - [initHandlerMethods,69] - Mapped URL path [/v2/api-docs] onto method [springfox.documentation.swagger2.web.Swagger2Controller#getDocumentation(String, HttpServletRequest)]
15:01:22.265 [main] INFO  c.a.n.c.i.CredentialWatcher - [loadCredential,165] - null No credential found
15:01:22.279 [main] INFO  c.a.n.client.naming - [isChangedServiceInfo,167] - init new ips(0) service: DEFAULT_GROUP@@jz-page@@DEFAULT -> []
15:01:22.285 [main] INFO  c.a.n.client.naming - [processServiceInfo,152] - current ips:(0) service: DEFAULT_GROUP@@jz-page@@DEFAULT -> []
15:01:22.289 [main] INFO  o.a.c.h.Http11NioProtocol - [log,173] - Starting ProtocolHandler ["http-nio-9204"]
15:01:22.301 [main] INFO  c.a.n.client.naming - [registerService,97] - [REGISTER-SERVICE] public registering service jz-page with instance Instance{instanceId='null', ip='192.168.145.1', port=9204, weight=1.0, healthy=true, enabled=true, ephemeral=true, clusterName='DEFAULT', serviceName='null', metadata={preserved.register.source=SPRING_CLOUD}}
15:01:22.308 [main] INFO  c.a.c.n.r.NacosServiceRegistry - [register,75] - nacos registry, DEFAULT_GROUP jz-page 192.168.145.1:9204 register finished
15:01:22.584 [main] INFO  s.d.s.w.p.DocumentationPluginsBootstrapper - [start,160] - Context refreshed
15:01:22.596 [main] INFO  s.d.s.w.p.DocumentationPluginsBootstrapper - [start,163] - Found 1 custom documentation plugin(s)
15:01:22.622 [main] INFO  s.d.s.w.s.ApiListingReferenceScanner - [scan,41] - Scanning for api listing references
15:01:22.673 [main] INFO  c.r.s.JzPageApplication - [logStarted,61] - Started JzPageApplication in 14.513 seconds (JVM running for 17.187)
15:01:22.681 [main] INFO  c.a.n.c.c.i.ClientWorker - [addCacheDataIfAbsent,346] - [config_rpc_client] [subscribe] jz-page+DEFAULT_GROUP
15:01:22.682 [main] INFO  c.a.n.c.c.i.CacheData - [addListener,128] - [config_rpc_client] [add-listener] ok, tenant=, dataId=jz-page, group=DEFAULT_GROUP, cnt=1
15:01:22.682 [main] INFO  c.a.n.c.c.i.ClientWorker - [addCacheDataIfAbsent,346] - [config_rpc_client] [subscribe] jz-page.yml+DEFAULT_GROUP
15:01:22.682 [main] INFO  c.a.n.c.c.i.CacheData - [addListener,128] - [config_rpc_client] [add-listener] ok, tenant=, dataId=jz-page.yml, group=DEFAULT_GROUP, cnt=1
15:01:22.683 [main] INFO  c.a.n.c.c.i.ClientWorker - [addCacheDataIfAbsent,346] - [config_rpc_client] [subscribe] jz-page-dev.yml+DEFAULT_GROUP
15:01:22.683 [main] INFO  c.a.n.c.c.i.CacheData - [addListener,128] - [config_rpc_client] [add-listener] ok, tenant=, dataId=jz-page-dev.yml, group=DEFAULT_GROUP, cnt=1
15:01:22.779 [nacos-grpc-client-executor-8] INFO  c.a.n.c.r.client - [printIfInfoEnabled,60] - [a942ef09-6577-4e7b-bd86-be27626cd408]receive server push request,request=NotifySubscriberRequest,requestId=131
15:01:22.781 [nacos-grpc-client-executor-8] INFO  c.a.n.client.naming - [isChangedServiceInfo,167] - init new ips(1) service: DEFAULT_GROUP@@jz-page -> [{"ip":"192.168.145.1","port":9204,"weight":1.0,"healthy":true,"enabled":true,"ephemeral":true,"clusterName":"DEFAULT","serviceName":"DEFAULT_GROUP@@jz-page","metadata":{"preserved.register.source":"SPRING_CLOUD"},"ipDeleteTimeout":30000,"instanceHeartBeatInterval":5000,"instanceHeartBeatTimeOut":15000}]
15:01:22.781 [nacos-grpc-client-executor-8] INFO  c.a.n.client.naming - [processServiceInfo,152] - current ips:(1) service: DEFAULT_GROUP@@jz-page -> [{"ip":"192.168.145.1","port":9204,"weight":1.0,"healthy":true,"enabled":true,"ephemeral":true,"clusterName":"DEFAULT","serviceName":"DEFAULT_GROUP@@jz-page","metadata":{"preserved.register.source":"SPRING_CLOUD"},"ipDeleteTimeout":30000,"instanceHeartBeatInterval":5000,"instanceHeartBeatTimeOut":15000}]
15:01:22.782 [nacos-grpc-client-executor-8] INFO  c.a.n.c.r.client - [printIfInfoEnabled,60] - [a942ef09-6577-4e7b-bd86-be27626cd408]ack server push request,request=NotifySubscriberRequest,requestId=131
15:01:23.171 [RMI TCP Connection(1)-192.168.3.237] INFO  o.a.c.c.C.[.[.[/] - [log,173] - Initializing Spring DispatcherServlet 'dispatcherServlet'
15:01:23.290 [com.alibaba.nacos.client.naming.updater.0] INFO  c.a.n.client.naming - [isChangedServiceInfo,221] - new ips(1) service: DEFAULT_GROUP@@jz-page@@DEFAULT -> [{"ip":"192.168.145.1","port":9204,"weight":1.0,"healthy":true,"enabled":true,"ephemeral":true,"clusterName":"DEFAULT","serviceName":"DEFAULT_GROUP@@jz-page","metadata":{"preserved.register.source":"SPRING_CLOUD"},"ipDeleteTimeout":30000,"instanceHeartBeatInterval":5000,"instanceHeartBeatTimeOut":15000}]
15:01:23.290 [com.alibaba.nacos.client.naming.updater.0] INFO  c.a.n.client.naming - [processServiceInfo,152] - current ips:(1) service: DEFAULT_GROUP@@jz-page@@DEFAULT -> [{"ip":"192.168.145.1","port":9204,"weight":1.0,"healthy":true,"enabled":true,"ephemeral":true,"clusterName":"DEFAULT","serviceName":"DEFAULT_GROUP@@jz-page","metadata":{"preserved.register.source":"SPRING_CLOUD"},"ipDeleteTimeout":30000,"instanceHeartBeatInterval":5000,"instanceHeartBeatTimeOut":15000}]
