10:36:39.809 [background-preinit] INFO  o.h.v.i.util.Version - [<clinit>,21] - HV000001: Hibernate Validator 6.2.0.Final
10:36:40.470 [main] INFO  c.a.n.c.c.i.LocalConfigInfoProcessor - [<clinit>,212] - LOCAL_SNAPSHOT_PATH:C:\Users\jzgar\nacos\config
10:36:40.502 [main] INFO  o.r.Reflections - [scan,232] - Reflections took 16 ms to scan 1 urls, producing 3 keys and 6 values 
10:36:40.519 [main] INFO  o.r.Reflections - [scan,232] - Reflections took 9 ms to scan 1 urls, producing 4 keys and 9 values 
10:36:40.527 [main] INFO  o.r.Reflections - [scan,232] - Reflections took 7 ms to scan 1 urls, producing 3 keys and 10 values 
10:36:40.680 [main] INFO  o.r.Reflections - [scan,232] - Reflections took 148 ms to scan 223 urls, producing 0 keys and 0 values 
10:36:40.687 [main] INFO  o.r.Reflections - [scan,232] - Reflections took 6 ms to scan 1 urls, producing 1 keys and 5 values 
10:36:40.696 [main] INFO  o.r.Reflections - [scan,232] - Reflections took 7 ms to scan 1 urls, producing 1 keys and 7 values 
10:36:40.705 [main] INFO  o.r.Reflections - [scan,232] - Reflections took 8 ms to scan 1 urls, producing 2 keys and 8 values 
10:36:40.812 [main] INFO  o.r.Reflections - [scan,232] - Reflections took 105 ms to scan 223 urls, producing 0 keys and 0 values 
10:36:40.813 [main] INFO  c.a.n.c.r.client - [printIfInfoEnabled,60] - [config-0-1dcb0fe5-6ac6-4765-ad12-09f5be3ddd68]RpcClient init label, labels={module=config, Vipserver-Tag=null, source=sdk, Amory-Tag=null, Location-Tag=null, taskId=0, AppName=unknown}
10:36:40.813 [main] INFO  c.a.n.c.r.client - [printIfInfoEnabled,60] - [config-0-1dcb0fe5-6ac6-4765-ad12-09f5be3ddd68]Register server push request handler:com.alibaba.nacos.client.config.impl.ClientWorker$ConfigRpcTransportClient$$Lambda$324/488600086
10:36:40.813 [main] INFO  c.a.n.c.r.client - [printIfInfoEnabled,60] - [config-0-1dcb0fe5-6ac6-4765-ad12-09f5be3ddd68]Register server push request handler:com.alibaba.nacos.client.config.impl.ClientWorker$ConfigRpcTransportClient$$Lambda$325/1111379131
10:36:40.814 [main] INFO  c.a.n.c.r.client - [printIfInfoEnabled,60] - [config-0-1dcb0fe5-6ac6-4765-ad12-09f5be3ddd68]Registry connection listener to current client:com.alibaba.nacos.client.config.impl.ClientWorker$ConfigRpcTransportClient$1
10:36:40.814 [main] INFO  c.a.n.c.r.client - [printIfInfoEnabled,60] - [config-0-1dcb0fe5-6ac6-4765-ad12-09f5be3ddd68]RpcClient init, ServerListFactory =com.alibaba.nacos.client.config.impl.ClientWorker$ConfigRpcTransportClient$2
10:36:40.815 [main] INFO  c.a.n.c.r.client - [printIfInfoEnabled,60] - [config-0-1dcb0fe5-6ac6-4765-ad12-09f5be3ddd68] Try to connect to server on start up, server: {serverIp='127.0.0.1', server main port=8848}
10:36:42.275 [main] INFO  c.a.n.c.r.client - [printIfInfoEnabled,60] - [config-0-1dcb0fe5-6ac6-4765-ad12-09f5be3ddd68] Success to connect to server [127.0.0.1:8848] on start up,connectionId=1687919802029_127.0.0.1_61803
10:36:42.275 [com.alibaba.nacos.client.remote.worker] INFO  c.a.n.c.r.client - [printIfInfoEnabled,60] - [config-0-1dcb0fe5-6ac6-4765-ad12-09f5be3ddd68]Notify connected event to listeners.
10:36:42.275 [com.alibaba.nacos.client.remote.worker] INFO  c.a.n.c.c.i.ClientWorker - [onConnected,625] - [config-0-1dcb0fe5-6ac6-4765-ad12-09f5be3ddd68] Connected,notify listen context...
10:36:42.276 [main] INFO  c.a.n.c.r.client - [printIfInfoEnabled,60] - [config-0-1dcb0fe5-6ac6-4765-ad12-09f5be3ddd68]Register server push request handler:com.alibaba.nacos.common.remote.client.RpcClient$ConnectResetRequestHandler
10:36:42.276 [main] INFO  c.a.n.c.r.client - [printIfInfoEnabled,60] - [config-0-1dcb0fe5-6ac6-4765-ad12-09f5be3ddd68]Register server push request handler:com.alibaba.nacos.common.remote.client.RpcClient$4
10:36:42.313 [main] INFO  c.a.n.c.c.i.Limiter - [<clinit>,54] - limitTime:5.0
10:36:42.328 [main] INFO  c.a.n.c.c.u.JvmUtil - [<clinit>,49] - isMultiInstance:false
10:36:42.360 [main] INFO  c.r.s.JzSystemApplication - [logStartupProfileInfo,667] - The following profiles are active: dev
10:36:44.691 [main] INFO  o.a.c.h.Http11NioProtocol - [log,173] - Initializing ProtocolHandler ["http-nio-9201"]
10:36:44.692 [main] INFO  o.a.c.c.StandardService - [log,173] - Starting service [Tomcat]
10:36:44.692 [main] INFO  o.a.c.c.StandardEngine - [log,173] - Starting Servlet engine: [Apache Tomcat/9.0.46]
10:36:44.946 [main] INFO  o.a.c.c.C.[.[.[/] - [log,173] - Initializing Spring embedded WebApplicationContext
10:36:45.414 [main] INFO  c.a.d.p.DruidDataSource - [init,990] - {dataSource-1,master} inited
10:36:45.415 [main] INFO  c.b.d.d.DynamicRoutingDataSource - [addDataSource,144] - dynamic-datasource - add a datasource named [master] success
10:36:45.415 [main] INFO  c.b.d.d.DynamicRoutingDataSource - [afterPropertiesSet,235] - dynamic-datasource initial loaded [1] datasource,primary datasource named [master]
10:36:47.722 [main] INFO  org.redisson.Version - [logVersion,41] - Redisson 3.13.3
10:36:49.918 [redisson-netty-2-18] INFO  o.r.c.p.MasterPubSubConnectionPool - [lambda$run$0,167] - 1 connections initialized for localhost/127.0.0.1:6379
10:36:49.943 [redisson-netty-2-20] INFO  o.r.c.p.MasterConnectionPool - [lambda$run$0,167] - 24 connections initialized for localhost/127.0.0.1:6379
10:36:54.659 [main] INFO  c.a.c.s.SentinelWebAutoConfiguration - [addInterceptors,80] - [Sentinel Starter] register SentinelWebInterceptor with urlPatterns: [/**].
10:36:56.060 [main] INFO  c.a.n.client.naming - [call,65] - initializer namespace from System Property :null
10:36:56.061 [main] INFO  c.a.n.client.naming - [call,74] - initializer namespace from System Environment :null
10:36:56.062 [main] INFO  c.a.n.client.naming - [call,84] - initializer namespace from System Property :null
10:36:56.094 [main] INFO  c.a.n.c.r.client - [printIfInfoEnabled,60] - [d9cf7189-0d9d-4ad7-82a7-cab9bed895de]RpcClient init label, labels={module=naming, source=sdk}
10:36:56.095 [main] INFO  c.a.n.c.r.client - [printIfInfoEnabled,60] - [d9cf7189-0d9d-4ad7-82a7-cab9bed895de]RpcClient init, ServerListFactory =com.alibaba.nacos.client.naming.core.ServerListManager
10:36:56.096 [main] INFO  c.a.n.c.r.client - [printIfInfoEnabled,60] - [d9cf7189-0d9d-4ad7-82a7-cab9bed895de] Try to connect to server on start up, server: {serverIp='127.0.0.1', server main port=8848}
10:36:56.210 [main] INFO  c.a.n.c.r.client - [printIfInfoEnabled,60] - [d9cf7189-0d9d-4ad7-82a7-cab9bed895de] Success to connect to server [127.0.0.1:8848] on start up,connectionId=1687919816102_127.0.0.1_62214
10:36:56.210 [main] INFO  c.a.n.c.r.client - [printIfInfoEnabled,60] - [d9cf7189-0d9d-4ad7-82a7-cab9bed895de]Register server push request handler:com.alibaba.nacos.common.remote.client.RpcClient$ConnectResetRequestHandler
10:36:56.210 [main] INFO  c.a.n.c.r.client - [printIfInfoEnabled,60] - [d9cf7189-0d9d-4ad7-82a7-cab9bed895de]Register server push request handler:com.alibaba.nacos.common.remote.client.RpcClient$4
10:36:56.212 [main] INFO  c.a.n.c.r.client - [printIfInfoEnabled,60] - [d9cf7189-0d9d-4ad7-82a7-cab9bed895de]Register server push request handler:com.alibaba.nacos.client.naming.remote.gprc.NamingPushRequestHandler
10:36:56.212 [main] INFO  c.a.n.c.r.client - [printIfInfoEnabled,60] - [d9cf7189-0d9d-4ad7-82a7-cab9bed895de]Registry connection listener to current client:com.alibaba.nacos.client.naming.remote.gprc.NamingGrpcConnectionEventListener
10:36:56.546 [main] INFO  s.d.s.w.PropertySourcedRequestMappingHandlerMapping - [initHandlerMethods,69] - Mapped URL path [/v2/api-docs] onto method [springfox.documentation.swagger2.web.Swagger2Controller#getDocumentation(String, HttpServletRequest)]
10:36:59.083 [main] INFO  c.a.n.c.i.CredentialWatcher - [loadCredential,165] - null No credential found
10:36:59.112 [main] INFO  c.a.n.client.naming - [isChangedServiceInfo,167] - init new ips(0) service: DEFAULT_GROUP@@ruoyi-system@@DEFAULT -> []
10:36:59.126 [main] INFO  c.a.n.client.naming - [processServiceInfo,152] - current ips:(0) service: DEFAULT_GROUP@@ruoyi-system@@DEFAULT -> []
10:36:59.137 [main] INFO  o.a.c.h.Http11NioProtocol - [log,173] - Starting ProtocolHandler ["http-nio-9201"]
10:36:59.164 [main] INFO  c.a.n.client.naming - [registerService,97] - [REGISTER-SERVICE] public registering service ruoyi-system with instance Instance{instanceId='null', ip='192.168.145.1', port=9201, weight=1.0, healthy=true, enabled=true, ephemeral=true, clusterName='DEFAULT', serviceName='null', metadata={preserved.register.source=SPRING_CLOUD}}
10:36:59.173 [main] INFO  c.a.c.n.r.NacosServiceRegistry - [register,75] - nacos registry, DEFAULT_GROUP ruoyi-system 192.168.145.1:9201 register finished
10:36:59.658 [nacos-grpc-client-executor-7] INFO  c.a.n.c.r.client - [printIfInfoEnabled,60] - [d9cf7189-0d9d-4ad7-82a7-cab9bed895de]receive server push request,request=NotifySubscriberRequest,requestId=3
10:36:59.663 [nacos-grpc-client-executor-7] INFO  c.a.n.client.naming - [isChangedServiceInfo,167] - init new ips(1) service: DEFAULT_GROUP@@ruoyi-system -> [{"ip":"192.168.145.1","port":9201,"weight":1.0,"healthy":true,"enabled":true,"ephemeral":true,"clusterName":"DEFAULT","serviceName":"DEFAULT_GROUP@@ruoyi-system","metadata":{"preserved.register.source":"SPRING_CLOUD"},"ipDeleteTimeout":30000,"instanceHeartBeatInterval":5000,"instanceHeartBeatTimeOut":15000}]
10:36:59.664 [nacos-grpc-client-executor-7] INFO  c.a.n.client.naming - [processServiceInfo,152] - current ips:(1) service: DEFAULT_GROUP@@ruoyi-system -> [{"ip":"192.168.145.1","port":9201,"weight":1.0,"healthy":true,"enabled":true,"ephemeral":true,"clusterName":"DEFAULT","serviceName":"DEFAULT_GROUP@@ruoyi-system","metadata":{"preserved.register.source":"SPRING_CLOUD"},"ipDeleteTimeout":30000,"instanceHeartBeatInterval":5000,"instanceHeartBeatTimeOut":15000}]
10:36:59.665 [nacos-grpc-client-executor-7] INFO  c.a.n.c.r.client - [printIfInfoEnabled,60] - [d9cf7189-0d9d-4ad7-82a7-cab9bed895de]ack server push request,request=NotifySubscriberRequest,requestId=3
10:36:59.855 [background-preinit] INFO  o.h.v.i.util.Version - [<clinit>,21] - HV000001: Hibernate Validator 6.2.0.Final
10:37:00.137 [com.alibaba.nacos.client.naming.updater.0] INFO  c.a.n.client.naming - [isChangedServiceInfo,221] - new ips(1) service: DEFAULT_GROUP@@ruoyi-system@@DEFAULT -> [{"ip":"192.168.145.1","port":9201,"weight":1.0,"healthy":true,"enabled":true,"ephemeral":true,"clusterName":"DEFAULT","serviceName":"DEFAULT_GROUP@@ruoyi-system","metadata":{"preserved.register.source":"SPRING_CLOUD"},"ipDeleteTimeout":30000,"instanceHeartBeatInterval":5000,"instanceHeartBeatTimeOut":15000}]
10:37:00.138 [com.alibaba.nacos.client.naming.updater.0] INFO  c.a.n.client.naming - [processServiceInfo,152] - current ips:(1) service: DEFAULT_GROUP@@ruoyi-system@@DEFAULT -> [{"ip":"192.168.145.1","port":9201,"weight":1.0,"healthy":true,"enabled":true,"ephemeral":true,"clusterName":"DEFAULT","serviceName":"DEFAULT_GROUP@@ruoyi-system","metadata":{"preserved.register.source":"SPRING_CLOUD"},"ipDeleteTimeout":30000,"instanceHeartBeatInterval":5000,"instanceHeartBeatTimeOut":15000}]
10:37:00.206 [main] INFO  s.d.s.w.p.DocumentationPluginsBootstrapper - [start,160] - Context refreshed
10:37:00.228 [main] INFO  s.d.s.w.p.DocumentationPluginsBootstrapper - [start,163] - Found 1 custom documentation plugin(s)
10:37:00.297 [main] INFO  s.d.s.w.s.ApiListingReferenceScanner - [scan,41] - Scanning for api listing references
10:37:00.455 [main] INFO  s.d.s.w.r.o.CachingOperationNameGenerator - [startingWith,40] - Generating unique operation named: addUsingPOST_1
10:37:00.457 [main] INFO  s.d.s.w.r.o.CachingOperationNameGenerator - [startingWith,40] - Generating unique operation named: editUsingPUT_1
10:37:00.461 [main] INFO  s.d.s.w.r.o.CachingOperationNameGenerator - [startingWith,40] - Generating unique operation named: getInfoUsingGET_1
10:37:00.472 [main] INFO  s.d.s.w.r.o.CachingOperationNameGenerator - [startingWith,40] - Generating unique operation named: listUsingGET_1
10:37:00.474 [main] INFO  s.d.s.w.r.o.CachingOperationNameGenerator - [startingWith,40] - Generating unique operation named: removeUsingDELETE_1
10:37:00.486 [main] INFO  s.d.s.w.r.o.CachingOperationNameGenerator - [startingWith,40] - Generating unique operation named: addUsingPOST_2
10:37:00.489 [main] INFO  s.d.s.w.r.o.CachingOperationNameGenerator - [startingWith,40] - Generating unique operation named: editUsingPUT_2
10:37:00.495 [main] INFO  s.d.s.w.r.o.CachingOperationNameGenerator - [startingWith,40] - Generating unique operation named: exportUsingPOST_1
10:37:00.496 [main] INFO  s.d.s.w.r.o.CachingOperationNameGenerator - [startingWith,40] - Generating unique operation named: getInfoUsingGET_2
10:37:00.499 [main] INFO  s.d.s.w.r.o.CachingOperationNameGenerator - [startingWith,40] - Generating unique operation named: listUsingGET_2
10:37:00.501 [main] INFO  s.d.s.w.r.o.CachingOperationNameGenerator - [startingWith,40] - Generating unique operation named: removeUsingDELETE_2
10:37:01.065 [main] INFO  c.a.n.c.c.i.LocalConfigInfoProcessor - [<clinit>,212] - LOCAL_SNAPSHOT_PATH:C:\Users\jzgar\nacos\config
10:37:01.132 [main] INFO  o.r.Reflections - [scan,232] - Reflections took 36 ms to scan 1 urls, producing 3 keys and 6 values 
10:37:01.163 [main] INFO  o.r.Reflections - [scan,232] - Reflections took 11 ms to scan 1 urls, producing 4 keys and 9 values 
10:37:01.174 [main] INFO  o.r.Reflections - [scan,232] - Reflections took 9 ms to scan 1 urls, producing 3 keys and 10 values 
10:37:01.400 [main] INFO  o.r.Reflections - [scan,232] - Reflections took 223 ms to scan 223 urls, producing 0 keys and 0 values 
10:37:01.411 [main] INFO  o.r.Reflections - [scan,232] - Reflections took 11 ms to scan 1 urls, producing 1 keys and 5 values 
10:37:01.421 [main] INFO  o.r.Reflections - [scan,232] - Reflections took 8 ms to scan 1 urls, producing 1 keys and 7 values 
10:37:01.435 [main] INFO  o.r.Reflections - [scan,232] - Reflections took 11 ms to scan 1 urls, producing 2 keys and 8 values 
10:37:01.702 [main] INFO  o.r.Reflections - [scan,232] - Reflections took 264 ms to scan 223 urls, producing 0 keys and 0 values 
10:37:01.703 [main] INFO  c.a.n.c.r.client - [printIfInfoEnabled,60] - [config-0-b25caf6c-fb0e-4493-babf-c5e38d59e86f]RpcClient init label, labels={module=config, Vipserver-Tag=null, source=sdk, Amory-Tag=null, Location-Tag=null, taskId=0, AppName=unknown}
10:37:01.704 [main] INFO  c.a.n.c.r.client - [printIfInfoEnabled,60] - [config-0-b25caf6c-fb0e-4493-babf-c5e38d59e86f]Register server push request handler:com.alibaba.nacos.client.config.impl.ClientWorker$ConfigRpcTransportClient$$Lambda$324/1752535057
10:37:01.705 [main] INFO  c.a.n.c.r.client - [printIfInfoEnabled,60] - [config-0-b25caf6c-fb0e-4493-babf-c5e38d59e86f]Register server push request handler:com.alibaba.nacos.client.config.impl.ClientWorker$ConfigRpcTransportClient$$Lambda$325/2116299597
10:37:01.706 [main] INFO  c.a.n.c.r.client - [printIfInfoEnabled,60] - [config-0-b25caf6c-fb0e-4493-babf-c5e38d59e86f]Registry connection listener to current client:com.alibaba.nacos.client.config.impl.ClientWorker$ConfigRpcTransportClient$1
10:37:01.707 [main] INFO  c.a.n.c.r.client - [printIfInfoEnabled,60] - [config-0-b25caf6c-fb0e-4493-babf-c5e38d59e86f]RpcClient init, ServerListFactory =com.alibaba.nacos.client.config.impl.ClientWorker$ConfigRpcTransportClient$2
10:37:01.709 [main] INFO  c.a.n.c.r.client - [printIfInfoEnabled,60] - [config-0-b25caf6c-fb0e-4493-babf-c5e38d59e86f] Try to connect to server on start up, server: {serverIp='127.0.0.1', server main port=8848}
10:37:04.007 [main] INFO  c.a.n.c.r.client - [printIfInfoEnabled,60] - [config-0-b25caf6c-fb0e-4493-babf-c5e38d59e86f] Success to connect to server [127.0.0.1:8848] on start up,connectionId=1687919823736_127.0.0.1_62583
10:37:04.007 [com.alibaba.nacos.client.remote.worker] INFO  c.a.n.c.r.client - [printIfInfoEnabled,60] - [config-0-b25caf6c-fb0e-4493-babf-c5e38d59e86f]Notify connected event to listeners.
10:37:04.008 [com.alibaba.nacos.client.remote.worker] INFO  c.a.n.c.c.i.ClientWorker - [onConnected,625] - [config-0-b25caf6c-fb0e-4493-babf-c5e38d59e86f] Connected,notify listen context...
10:37:04.008 [main] INFO  c.a.n.c.r.client - [printIfInfoEnabled,60] - [config-0-b25caf6c-fb0e-4493-babf-c5e38d59e86f]Register server push request handler:com.alibaba.nacos.common.remote.client.RpcClient$ConnectResetRequestHandler
10:37:00.508 [main] INFO  s.d.s.w.r.o.CachingOperationNameGenerator - [startingWith,40] - Generating unique operation named: addUsingPOST_3
10:37:04.289 [main] INFO  c.a.n.c.r.client - [printIfInfoEnabled,60] - [config-0-b25caf6c-fb0e-4493-babf-c5e38d59e86f]Register server push request handler:com.alibaba.nacos.common.remote.client.RpcClient$4
10:37:04.291 [main] INFO  s.d.s.w.r.o.CachingOperationNameGenerator - [startingWith,40] - Generating unique operation named: editUsingPUT_3
10:37:04.296 [main] INFO  s.d.s.w.r.o.CachingOperationNameGenerator - [startingWith,40] - Generating unique operation named: exportUsingPOST_2
10:37:04.297 [main] INFO  s.d.s.w.r.o.CachingOperationNameGenerator - [startingWith,40] - Generating unique operation named: getInfoUsingGET_3
10:37:04.298 [main] INFO  s.d.s.w.r.o.CachingOperationNameGenerator - [startingWith,40] - Generating unique operation named: listUsingGET_3
10:37:04.301 [main] INFO  s.d.s.w.r.o.CachingOperationNameGenerator - [startingWith,40] - Generating unique operation named: refreshCacheUsingDELETE_1
10:37:04.303 [main] INFO  s.d.s.w.r.o.CachingOperationNameGenerator - [startingWith,40] - Generating unique operation named: removeUsingDELETE_3
10:37:04.308 [main] INFO  s.d.s.w.r.o.CachingOperationNameGenerator - [startingWith,40] - Generating unique operation named: addUsingPOST_4
10:37:04.315 [main] INFO  s.d.s.w.r.o.CachingOperationNameGenerator - [startingWith,40] - Generating unique operation named: exportUsingPOST_3
10:37:04.317 [main] INFO  s.d.s.w.r.o.CachingOperationNameGenerator - [startingWith,40] - Generating unique operation named: listUsingGET_4
10:37:04.319 [main] INFO  s.d.s.w.r.o.CachingOperationNameGenerator - [startingWith,40] - Generating unique operation named: removeUsingDELETE_4
10:37:04.326 [main] INFO  s.d.s.w.r.o.CachingOperationNameGenerator - [startingWith,40] - Generating unique operation named: addUsingPOST_5
10:37:04.327 [main] INFO  s.d.s.w.r.o.CachingOperationNameGenerator - [startingWith,40] - Generating unique operation named: editUsingPUT_4
10:37:04.330 [main] INFO  s.d.s.w.r.o.CachingOperationNameGenerator - [startingWith,40] - Generating unique operation named: getInfoUsingGET_4
10:37:04.343 [main] INFO  s.d.s.w.r.o.CachingOperationNameGenerator - [startingWith,40] - Generating unique operation named: listUsingGET_5
10:37:04.345 [main] INFO  s.d.s.w.r.o.CachingOperationNameGenerator - [startingWith,40] - Generating unique operation named: removeUsingDELETE_5
10:37:04.350 [main] INFO  s.d.s.w.r.o.CachingOperationNameGenerator - [startingWith,40] - Generating unique operation named: treeselectUsingGET_1
10:37:04.356 [main] INFO  s.d.s.w.r.o.CachingOperationNameGenerator - [startingWith,40] - Generating unique operation named: addUsingPOST_6
10:37:04.358 [main] INFO  s.d.s.w.r.o.CachingOperationNameGenerator - [startingWith,40] - Generating unique operation named: editUsingPUT_5
10:37:04.359 [main] INFO  s.d.s.w.r.o.CachingOperationNameGenerator - [startingWith,40] - Generating unique operation named: getInfoUsingGET_5
10:37:04.364 [main] INFO  s.d.s.w.r.o.CachingOperationNameGenerator - [startingWith,40] - Generating unique operation named: listUsingGET_6
10:37:04.366 [main] INFO  s.d.s.w.r.o.CachingOperationNameGenerator - [startingWith,40] - Generating unique operation named: removeUsingDELETE_6
10:37:04.370 [main] INFO  c.a.n.c.c.i.Limiter - [<clinit>,54] - limitTime:5.0
10:37:04.376 [main] INFO  s.d.s.w.r.o.CachingOperationNameGenerator - [startingWith,40] - Generating unique operation named: addUsingPOST_7
10:37:04.377 [main] INFO  s.d.s.w.r.o.CachingOperationNameGenerator - [startingWith,40] - Generating unique operation named: cleanUsingDELETE_1
10:37:04.381 [main] INFO  s.d.s.w.r.o.CachingOperationNameGenerator - [startingWith,40] - Generating unique operation named: exportUsingPOST_4
10:37:04.384 [main] INFO  s.d.s.w.r.o.CachingOperationNameGenerator - [startingWith,40] - Generating unique operation named: listUsingGET_7
10:37:04.387 [main] INFO  s.d.s.w.r.o.CachingOperationNameGenerator - [startingWith,40] - Generating unique operation named: removeUsingDELETE_7
10:37:04.394 [main] INFO  s.d.s.w.r.o.CachingOperationNameGenerator - [startingWith,40] - Generating unique operation named: addUsingPOST_8
10:37:04.396 [main] INFO  s.d.s.w.r.o.CachingOperationNameGenerator - [startingWith,40] - Generating unique operation named: editUsingPUT_6
10:37:04.399 [main] INFO  c.a.n.c.c.u.JvmUtil - [<clinit>,49] - isMultiInstance:false
10:37:04.402 [main] INFO  s.d.s.w.r.o.CachingOperationNameGenerator - [startingWith,40] - Generating unique operation named: exportUsingPOST_5
10:37:04.404 [main] INFO  s.d.s.w.r.o.CachingOperationNameGenerator - [startingWith,40] - Generating unique operation named: getInfoUsingGET_6
10:37:04.406 [main] INFO  s.d.s.w.r.o.CachingOperationNameGenerator - [startingWith,40] - Generating unique operation named: listUsingGET_8
10:37:04.409 [main] INFO  s.d.s.w.r.o.CachingOperationNameGenerator - [startingWith,40] - Generating unique operation named: optionselectUsingGET_1
10:37:04.410 [main] INFO  s.d.s.w.r.o.CachingOperationNameGenerator - [startingWith,40] - Generating unique operation named: removeUsingDELETE_8
10:37:04.426 [main] INFO  s.d.s.w.r.o.CachingOperationNameGenerator - [startingWith,40] - Generating unique operation named: addUsingPOST_9
10:37:04.428 [main] INFO  s.d.s.w.r.o.CachingOperationNameGenerator - [startingWith,40] - Generating unique operation named: editUsingPUT_7
10:37:04.433 [main] INFO  s.d.s.w.r.o.CachingOperationNameGenerator - [startingWith,40] - Generating unique operation named: exportUsingPOST_6
10:37:04.434 [main] INFO  s.d.s.w.r.o.CachingOperationNameGenerator - [startingWith,40] - Generating unique operation named: getInfoUsingGET_7
10:37:04.435 [main] INFO  s.d.s.w.r.o.CachingOperationNameGenerator - [startingWith,40] - Generating unique operation named: listUsingGET_9
10:37:04.436 [main] INFO  s.d.s.w.r.o.CachingOperationNameGenerator - [startingWith,40] - Generating unique operation named: optionselectUsingGET_2
10:37:04.436 [main] INFO  s.d.s.w.r.o.CachingOperationNameGenerator - [startingWith,40] - Generating unique operation named: removeUsingDELETE_9
10:37:04.438 [main] INFO  s.d.s.w.r.o.CachingOperationNameGenerator - [startingWith,40] - Generating unique operation named: addUsingPOST_10
10:37:04.439 [main] INFO  s.d.s.w.r.o.CachingOperationNameGenerator - [startingWith,40] - Generating unique operation named: changeStatusUsingPUT_1
10:37:04.440 [main] INFO  s.d.s.w.r.o.CachingOperationNameGenerator - [startingWith,40] - Generating unique operation named: editUsingPUT_8
10:37:04.448 [main] INFO  s.d.s.w.r.o.CachingOperationNameGenerator - [startingWith,40] - Generating unique operation named: exportUsingPOST_7
10:37:04.450 [main] INFO  c.r.s.JzSystemApplication - [logStartupProfileInfo,667] - The following profiles are active: dev
10:37:04.451 [main] INFO  s.d.s.w.r.o.CachingOperationNameGenerator - [startingWith,40] - Generating unique operation named: getInfoUsingGET_8
10:37:04.452 [main] INFO  s.d.s.w.r.o.CachingOperationNameGenerator - [startingWith,40] - Generating unique operation named: getInfoUsingGET_9
10:37:04.453 [main] INFO  s.d.s.w.r.o.CachingOperationNameGenerator - [startingWith,40] - Generating unique operation named: getInfoUsingGET_10
10:37:04.471 [main] INFO  s.d.s.w.r.o.CachingOperationNameGenerator - [startingWith,40] - Generating unique operation named: listUsingGET_10
10:37:04.473 [main] INFO  s.d.s.w.r.o.CachingOperationNameGenerator - [startingWith,40] - Generating unique operation named: removeUsingDELETE_10
10:37:04.478 [main] INFO  s.d.s.w.r.o.CachingOperationNameGenerator - [startingWith,40] - Generating unique operation named: listUsingGET_11
10:37:04.504 [main] INFO  c.r.s.JzSystemApplication - [logStarted,61] - Started JzSystemApplication in 25.444 seconds (JVM running for 26.264)
10:37:04.524 [main] INFO  c.a.n.c.c.i.ClientWorker - [addCacheDataIfAbsent,346] - [config_rpc_client] [subscribe] ruoyi-system+DEFAULT_GROUP
10:37:04.525 [main] INFO  c.a.n.c.c.i.CacheData - [addListener,128] - [config_rpc_client] [add-listener] ok, tenant=, dataId=ruoyi-system, group=DEFAULT_GROUP, cnt=1
10:37:04.525 [main] INFO  c.a.n.c.c.i.ClientWorker - [addCacheDataIfAbsent,346] - [config_rpc_client] [subscribe] ruoyi-system.yml+DEFAULT_GROUP
10:37:04.526 [main] INFO  c.a.n.c.c.i.CacheData - [addListener,128] - [config_rpc_client] [add-listener] ok, tenant=, dataId=ruoyi-system.yml, group=DEFAULT_GROUP, cnt=1
10:37:04.527 [main] INFO  c.a.n.c.c.i.ClientWorker - [addCacheDataIfAbsent,346] - [config_rpc_client] [subscribe] ruoyi-system-dev.yml+DEFAULT_GROUP
10:37:04.527 [main] INFO  c.a.n.c.c.i.CacheData - [addListener,128] - [config_rpc_client] [add-listener] ok, tenant=, dataId=ruoyi-system-dev.yml, group=DEFAULT_GROUP, cnt=1
10:37:05.869 [RMI TCP Connection(6)-192.168.3.237] INFO  o.a.c.c.C.[.[.[/] - [log,173] - Initializing Spring DispatcherServlet 'dispatcherServlet'
10:37:07.192 [main] INFO  o.a.c.h.Http11NioProtocol - [log,173] - Initializing ProtocolHandler ["http-nio-9201"]
10:37:07.193 [main] INFO  o.a.c.c.StandardService - [log,173] - Starting service [Tomcat]
10:37:07.194 [main] INFO  o.a.c.c.StandardEngine - [log,173] - Starting Servlet engine: [Apache Tomcat/9.0.46]
10:37:07.334 [main] INFO  o.a.c.c.C.[.[.[/] - [log,173] - Initializing Spring embedded WebApplicationContext
10:37:07.739 [main] INFO  c.a.d.p.DruidDataSource - [init,990] - {dataSource-1,master} inited
10:37:07.740 [main] INFO  c.b.d.d.DynamicRoutingDataSource - [addDataSource,144] - dynamic-datasource - add a datasource named [master] success
10:37:07.741 [main] INFO  c.b.d.d.DynamicRoutingDataSource - [afterPropertiesSet,235] - dynamic-datasource initial loaded [1] datasource,primary datasource named [master]
10:37:09.830 [main] INFO  org.redisson.Version - [logVersion,41] - Redisson 3.13.3
10:37:10.370 [redisson-netty-2-24] INFO  o.r.c.p.MasterPubSubConnectionPool - [lambda$run$0,167] - 1 connections initialized for localhost/127.0.0.1:6379
10:37:10.379 [redisson-netty-2-20] INFO  o.r.c.p.MasterConnectionPool - [lambda$run$0,167] - 24 connections initialized for localhost/127.0.0.1:6379
10:37:11.171 [main] INFO  c.a.c.s.SentinelWebAutoConfiguration - [addInterceptors,80] - [Sentinel Starter] register SentinelWebInterceptor with urlPatterns: [/**].
10:37:11.504 [main] INFO  c.a.n.client.naming - [call,65] - initializer namespace from System Property :null
10:37:11.504 [main] INFO  c.a.n.client.naming - [call,74] - initializer namespace from System Environment :null
10:37:11.504 [main] INFO  c.a.n.client.naming - [call,84] - initializer namespace from System Property :null
10:37:11.519 [main] INFO  c.a.n.c.r.client - [printIfInfoEnabled,60] - [1ce81a4d-20da-4f34-afb6-fcb059677702]RpcClient init label, labels={module=naming, source=sdk}
10:37:11.520 [main] INFO  c.a.n.c.r.client - [printIfInfoEnabled,60] - [1ce81a4d-20da-4f34-afb6-fcb059677702]RpcClient init, ServerListFactory =com.alibaba.nacos.client.naming.core.ServerListManager
10:37:11.520 [main] INFO  c.a.n.c.r.client - [printIfInfoEnabled,60] - [1ce81a4d-20da-4f34-afb6-fcb059677702] Try to connect to server on start up, server: {serverIp='127.0.0.1', server main port=8848}
10:37:11.650 [main] INFO  c.a.n.c.r.client - [printIfInfoEnabled,60] - [1ce81a4d-20da-4f34-afb6-fcb059677702] Success to connect to server [127.0.0.1:8848] on start up,connectionId=1687919831536_127.0.0.1_62805
10:37:11.651 [main] INFO  c.a.n.c.r.client - [printIfInfoEnabled,60] - [1ce81a4d-20da-4f34-afb6-fcb059677702]Register server push request handler:com.alibaba.nacos.common.remote.client.RpcClient$ConnectResetRequestHandler
10:37:11.652 [main] INFO  c.a.n.c.r.client - [printIfInfoEnabled,60] - [1ce81a4d-20da-4f34-afb6-fcb059677702]Register server push request handler:com.alibaba.nacos.common.remote.client.RpcClient$4
10:37:11.653 [main] INFO  c.a.n.c.r.client - [printIfInfoEnabled,60] - [1ce81a4d-20da-4f34-afb6-fcb059677702]Register server push request handler:com.alibaba.nacos.client.naming.remote.gprc.NamingPushRequestHandler
10:37:11.654 [main] INFO  c.a.n.c.r.client - [printIfInfoEnabled,60] - [1ce81a4d-20da-4f34-afb6-fcb059677702]Registry connection listener to current client:com.alibaba.nacos.client.naming.remote.gprc.NamingGrpcConnectionEventListener
10:37:11.801 [main] INFO  s.d.s.w.PropertySourcedRequestMappingHandlerMapping - [initHandlerMethods,69] - Mapped URL path [/v2/api-docs] onto method [springfox.documentation.swagger2.web.Swagger2Controller#getDocumentation(String, HttpServletRequest)]
10:37:12.590 [main] INFO  c.a.n.c.i.CredentialWatcher - [loadCredential,165] - null No credential found
10:37:12.605 [main] INFO  c.a.n.client.naming - [isChangedServiceInfo,167] - init new ips(1) service: DEFAULT_GROUP@@ruoyi-system@@DEFAULT -> [{"ip":"192.168.145.1","port":9201,"weight":1.0,"healthy":true,"enabled":true,"ephemeral":true,"clusterName":"DEFAULT","serviceName":"DEFAULT_GROUP@@ruoyi-system","metadata":{"preserved.register.source":"SPRING_CLOUD"},"ipDeleteTimeout":30000,"instanceHeartBeatInterval":5000,"instanceHeartBeatTimeOut":15000}]
10:37:12.609 [main] INFO  c.a.n.client.naming - [processServiceInfo,152] - current ips:(1) service: DEFAULT_GROUP@@ruoyi-system@@DEFAULT -> [{"ip":"192.168.145.1","port":9201,"weight":1.0,"healthy":true,"enabled":true,"ephemeral":true,"clusterName":"DEFAULT","serviceName":"DEFAULT_GROUP@@ruoyi-system","metadata":{"preserved.register.source":"SPRING_CLOUD"},"ipDeleteTimeout":30000,"instanceHeartBeatInterval":5000,"instanceHeartBeatTimeOut":15000}]
10:37:12.616 [main] INFO  o.a.c.h.Http11NioProtocol - [log,173] - Starting ProtocolHandler ["http-nio-9201"]
10:37:12.625 [main] INFO  c.a.n.client.naming - [shutdown,242] - com.alibaba.nacos.client.naming.cache.ServiceInfoHolder do shutdown begin
10:37:12.625 [main] INFO  c.a.n.client.naming - [shutdown,132] - com.alibaba.nacos.client.naming.backups.FailoverReactor do shutdown begin
10:37:12.958 [main] INFO  c.a.n.client.naming - [shutdown,134] - com.alibaba.nacos.client.naming.backups.FailoverReactor do shutdown stop
10:37:12.958 [main] INFO  c.a.n.client.naming - [shutdown,244] - com.alibaba.nacos.client.naming.cache.ServiceInfoHolder do shutdown stop
10:37:12.958 [main] INFO  c.a.n.client.naming - [shutdown,176] - com.alibaba.nacos.client.naming.remote.NamingClientProxyDelegate do shutdown begin
10:37:12.958 [main] INFO  c.a.n.client.naming - [shutdown,130] - com.alibaba.nacos.client.naming.core.ServiceInfoUpdateService do shutdown begin
10:37:13.183 [nacos-grpc-client-executor-6] INFO  c.a.n.c.r.client - [printIfInfoEnabled,60] - [1ce81a4d-20da-4f34-afb6-fcb059677702]receive server push request,request=NotifySubscriberRequest,requestId=13
10:37:13.184 [nacos-grpc-client-executor-6] INFO  c.a.n.client.naming - [isChangedServiceInfo,167] - init new ips(1) service: DEFAULT_GROUP@@ruoyi-system -> [{"ip":"192.168.145.1","port":9201,"weight":1.0,"healthy":true,"enabled":true,"ephemeral":true,"clusterName":"DEFAULT","serviceName":"DEFAULT_GROUP@@ruoyi-system","metadata":{"preserved.register.source":"SPRING_CLOUD"},"ipDeleteTimeout":30000,"instanceHeartBeatInterval":5000,"instanceHeartBeatTimeOut":15000}]
10:37:13.184 [nacos-grpc-client-executor-6] INFO  c.a.n.client.naming - [processServiceInfo,152] - current ips:(1) service: DEFAULT_GROUP@@ruoyi-system -> [{"ip":"192.168.145.1","port":9201,"weight":1.0,"healthy":true,"enabled":true,"ephemeral":true,"clusterName":"DEFAULT","serviceName":"DEFAULT_GROUP@@ruoyi-system","metadata":{"preserved.register.source":"SPRING_CLOUD"},"ipDeleteTimeout":30000,"instanceHeartBeatInterval":5000,"instanceHeartBeatTimeOut":15000}]
10:37:13.184 [nacos-grpc-client-executor-6] INFO  c.a.n.c.r.client - [printIfInfoEnabled,60] - [1ce81a4d-20da-4f34-afb6-fcb059677702]ack server push request,request=NotifySubscriberRequest,requestId=13
10:37:13.281 [main] INFO  c.a.n.client.naming - [shutdown,132] - com.alibaba.nacos.client.naming.core.ServiceInfoUpdateService do shutdown stop
10:37:13.281 [main] INFO  c.a.n.client.naming - [shutdown,175] - com.alibaba.nacos.client.naming.core.ServerListManager do shutdown begin
10:37:13.282 [main] INFO  c.a.n.client.naming - [shutdown,180] - com.alibaba.nacos.client.naming.core.ServerListManager do shutdown stop
10:37:13.282 [main] INFO  c.a.n.client.naming - [shutdown,479] - com.alibaba.nacos.client.naming.remote.http.NamingHttpClientProxy do shutdown begin
10:37:13.283 [main] INFO  c.a.n.client.naming - [shutdown,160] - com.alibaba.nacos.client.naming.beat.BeatReactor do shutdown begin
10:37:13.283 [main] INFO  c.a.n.client.naming - [shutdown,162] - com.alibaba.nacos.client.naming.beat.BeatReactor do shutdown stop
10:37:13.283 [main] INFO  c.a.n.c.i.CredentialWatcher - [stop,105] - [null] CredentialWatcher is stopped
10:37:13.284 [main] INFO  c.a.n.c.i.CredentialService - [free,98] - [null] CredentialService is freed
10:37:13.284 [main] INFO  c.a.n.client.naming - [shutdown,483] - com.alibaba.nacos.client.naming.remote.http.NamingHttpClientProxy do shutdown stop
10:37:13.287 [nacos-grpc-client-executor-7] INFO  c.a.n.c.r.client - [printIfInfoEnabled,60] - [1687919831536_127.0.0.1_62805]Ignore complete event,isRunning:false,isAbandon=false
10:37:13.291 [com.alibaba.nacos.client.remote.worker] INFO  c.a.n.c.r.client - [printIfInfoEnabled,60] - [1ce81a4d-20da-4f34-afb6-fcb059677702]Notify disconnected event to listeners
10:37:13.291 [main] INFO  c.a.n.client.naming - [shutdown,182] - com.alibaba.nacos.client.naming.remote.NamingClientProxyDelegate do shutdown stop
10:37:13.307 [main] INFO  c.b.d.d.DynamicRoutingDataSource - [destroy,215] - dynamic-datasource start closing ....
10:37:13.309 [main] INFO  c.a.d.p.DruidDataSource - [close,2043] - {dataSource-1} closing ...
10:37:13.313 [main] INFO  c.a.d.p.DruidDataSource - [close,2116] - {dataSource-1} closed
10:37:13.313 [main] INFO  c.b.d.d.DynamicRoutingDataSource - [destroy,219] - dynamic-datasource all closed success,bye
10:37:13.314 [main] INFO  o.a.c.h.Http11NioProtocol - [log,173] - Pausing ProtocolHandler ["http-nio-9201"]
10:37:13.314 [main] INFO  o.a.c.c.StandardService - [log,173] - Stopping service [Tomcat]
10:37:13.317 [main] INFO  o.a.c.h.Http11NioProtocol - [log,173] - Stopping ProtocolHandler ["http-nio-9201"]
10:37:13.318 [main] INFO  o.a.c.h.Http11NioProtocol - [log,173] - Destroying ProtocolHandler ["http-nio-9201"]
10:37:17.370 [background-preinit] INFO  o.h.v.i.util.Version - [<clinit>,21] - HV000001: Hibernate Validator 6.2.0.Final
10:37:17.908 [main] INFO  c.a.n.c.c.i.LocalConfigInfoProcessor - [<clinit>,212] - LOCAL_SNAPSHOT_PATH:C:\Users\jzgar\nacos\config
10:37:17.936 [main] INFO  o.r.Reflections - [scan,232] - Reflections took 14 ms to scan 1 urls, producing 3 keys and 6 values 
10:37:17.952 [main] INFO  o.r.Reflections - [scan,232] - Reflections took 6 ms to scan 1 urls, producing 4 keys and 9 values 
10:37:17.960 [main] INFO  o.r.Reflections - [scan,232] - Reflections took 6 ms to scan 1 urls, producing 3 keys and 10 values 
10:37:18.075 [main] INFO  o.r.Reflections - [scan,232] - Reflections took 113 ms to scan 223 urls, producing 0 keys and 0 values 
10:37:18.082 [main] INFO  o.r.Reflections - [scan,232] - Reflections took 6 ms to scan 1 urls, producing 1 keys and 5 values 
10:37:18.091 [main] INFO  o.r.Reflections - [scan,232] - Reflections took 8 ms to scan 1 urls, producing 1 keys and 7 values 
10:37:18.102 [main] INFO  o.r.Reflections - [scan,232] - Reflections took 10 ms to scan 1 urls, producing 2 keys and 8 values 
10:37:18.199 [main] INFO  o.r.Reflections - [scan,232] - Reflections took 95 ms to scan 223 urls, producing 0 keys and 0 values 
10:37:18.200 [main] INFO  c.a.n.c.r.client - [printIfInfoEnabled,60] - [config-0-947d440f-c61e-4123-9777-b93c7a9f93cc]RpcClient init label, labels={module=config, Vipserver-Tag=null, source=sdk, Amory-Tag=null, Location-Tag=null, taskId=0, AppName=unknown}
10:37:18.200 [main] INFO  c.a.n.c.r.client - [printIfInfoEnabled,60] - [config-0-947d440f-c61e-4123-9777-b93c7a9f93cc]Register server push request handler:com.alibaba.nacos.client.config.impl.ClientWorker$ConfigRpcTransportClient$$Lambda$324/1846982837
10:37:18.200 [main] INFO  c.a.n.c.r.client - [printIfInfoEnabled,60] - [config-0-947d440f-c61e-4123-9777-b93c7a9f93cc]Register server push request handler:com.alibaba.nacos.client.config.impl.ClientWorker$ConfigRpcTransportClient$$Lambda$325/1135935001
10:37:18.201 [main] INFO  c.a.n.c.r.client - [printIfInfoEnabled,60] - [config-0-947d440f-c61e-4123-9777-b93c7a9f93cc]Registry connection listener to current client:com.alibaba.nacos.client.config.impl.ClientWorker$ConfigRpcTransportClient$1
10:37:18.201 [main] INFO  c.a.n.c.r.client - [printIfInfoEnabled,60] - [config-0-947d440f-c61e-4123-9777-b93c7a9f93cc]RpcClient init, ServerListFactory =com.alibaba.nacos.client.config.impl.ClientWorker$ConfigRpcTransportClient$2
10:37:18.203 [main] INFO  c.a.n.c.r.client - [printIfInfoEnabled,60] - [config-0-947d440f-c61e-4123-9777-b93c7a9f93cc] Try to connect to server on start up, server: {serverIp='127.0.0.1', server main port=8848}
10:37:19.265 [main] INFO  c.a.n.c.r.client - [printIfInfoEnabled,60] - [config-0-947d440f-c61e-4123-9777-b93c7a9f93cc] Success to connect to server [127.0.0.1:8848] on start up,connectionId=1687919839054_127.0.0.1_62909
10:37:19.267 [com.alibaba.nacos.client.remote.worker] INFO  c.a.n.c.r.client - [printIfInfoEnabled,60] - [config-0-947d440f-c61e-4123-9777-b93c7a9f93cc]Notify connected event to listeners.
10:37:19.268 [com.alibaba.nacos.client.remote.worker] INFO  c.a.n.c.c.i.ClientWorker - [onConnected,625] - [config-0-947d440f-c61e-4123-9777-b93c7a9f93cc] Connected,notify listen context...
10:37:19.268 [main] INFO  c.a.n.c.r.client - [printIfInfoEnabled,60] - [config-0-947d440f-c61e-4123-9777-b93c7a9f93cc]Register server push request handler:com.alibaba.nacos.common.remote.client.RpcClient$ConnectResetRequestHandler
10:37:19.269 [main] INFO  c.a.n.c.r.client - [printIfInfoEnabled,60] - [config-0-947d440f-c61e-4123-9777-b93c7a9f93cc]Register server push request handler:com.alibaba.nacos.common.remote.client.RpcClient$4
10:37:19.296 [main] INFO  c.a.n.c.c.i.Limiter - [<clinit>,54] - limitTime:5.0
10:37:19.308 [main] INFO  c.a.n.c.c.u.JvmUtil - [<clinit>,49] - isMultiInstance:false
10:37:19.329 [main] INFO  c.r.s.JzPageApplication - [logStartupProfileInfo,667] - The following profiles are active: dev
10:37:20.643 [main] INFO  o.a.c.h.Http11NioProtocol - [log,173] - Initializing ProtocolHandler ["http-nio-9204"]
10:37:20.643 [main] INFO  o.a.c.c.StandardService - [log,173] - Starting service [Tomcat]
10:37:20.644 [main] INFO  o.a.c.c.StandardEngine - [log,173] - Starting Servlet engine: [Apache Tomcat/9.0.46]
10:37:20.740 [main] INFO  o.a.c.c.C.[.[.[/] - [log,173] - Initializing Spring embedded WebApplicationContext
10:37:21.046 [main] INFO  c.a.d.p.DruidDataSource - [init,990] - {dataSource-1,master} inited
10:37:21.047 [main] INFO  c.b.d.d.DynamicRoutingDataSource - [addDataSource,144] - dynamic-datasource - add a datasource named [master] success
10:37:21.048 [main] INFO  c.b.d.d.DynamicRoutingDataSource - [afterPropertiesSet,235] - dynamic-datasource initial loaded [1] datasource,primary datasource named [master]
10:37:22.636 [main] INFO  c.a.c.s.SentinelWebAutoConfiguration - [addInterceptors,80] - [Sentinel Starter] register SentinelWebInterceptor with urlPatterns: [/**].
10:37:23.055 [main] INFO  c.a.n.client.naming - [call,65] - initializer namespace from System Property :null
10:37:23.055 [main] INFO  c.a.n.client.naming - [call,74] - initializer namespace from System Environment :null
10:37:23.056 [main] INFO  c.a.n.client.naming - [call,84] - initializer namespace from System Property :null
10:37:23.072 [main] INFO  c.a.n.c.r.client - [printIfInfoEnabled,60] - [50555b71-3b0e-4f4f-8eae-89dfdb0da94e]RpcClient init label, labels={module=naming, source=sdk}
10:37:23.072 [main] INFO  c.a.n.c.r.client - [printIfInfoEnabled,60] - [50555b71-3b0e-4f4f-8eae-89dfdb0da94e]RpcClient init, ServerListFactory =com.alibaba.nacos.client.naming.core.ServerListManager
10:37:23.073 [main] INFO  c.a.n.c.r.client - [printIfInfoEnabled,60] - [50555b71-3b0e-4f4f-8eae-89dfdb0da94e] Try to connect to server on start up, server: {serverIp='127.0.0.1', server main port=8848}
10:37:23.193 [main] INFO  c.a.n.c.r.client - [printIfInfoEnabled,60] - [50555b71-3b0e-4f4f-8eae-89dfdb0da94e] Success to connect to server [127.0.0.1:8848] on start up,connectionId=1687919843077_127.0.0.1_62920
10:37:23.194 [main] INFO  c.a.n.c.r.client - [printIfInfoEnabled,60] - [50555b71-3b0e-4f4f-8eae-89dfdb0da94e]Register server push request handler:com.alibaba.nacos.common.remote.client.RpcClient$ConnectResetRequestHandler
10:37:23.194 [main] INFO  c.a.n.c.r.client - [printIfInfoEnabled,60] - [50555b71-3b0e-4f4f-8eae-89dfdb0da94e]Register server push request handler:com.alibaba.nacos.common.remote.client.RpcClient$4
10:37:23.195 [main] INFO  c.a.n.c.r.client - [printIfInfoEnabled,60] - [50555b71-3b0e-4f4f-8eae-89dfdb0da94e]Register server push request handler:com.alibaba.nacos.client.naming.remote.gprc.NamingPushRequestHandler
10:37:23.196 [main] INFO  c.a.n.c.r.client - [printIfInfoEnabled,60] - [50555b71-3b0e-4f4f-8eae-89dfdb0da94e]Registry connection listener to current client:com.alibaba.nacos.client.naming.remote.gprc.NamingGrpcConnectionEventListener
10:37:23.310 [main] INFO  org.redisson.Version - [logVersion,41] - Redisson 3.13.3
10:37:23.855 [redisson-netty-2-22] INFO  o.r.c.p.MasterPubSubConnectionPool - [lambda$run$0,167] - 1 connections initialized for localhost/127.0.0.1:6379
10:37:23.868 [redisson-netty-2-20] INFO  o.r.c.p.MasterConnectionPool - [lambda$run$0,167] - 24 connections initialized for localhost/127.0.0.1:6379
10:37:24.060 [main] INFO  s.d.s.w.PropertySourcedRequestMappingHandlerMapping - [initHandlerMethods,69] - Mapped URL path [/v2/api-docs] onto method [springfox.documentation.swagger2.web.Swagger2Controller#getDocumentation(String, HttpServletRequest)]
10:37:25.115 [main] INFO  c.a.n.c.i.CredentialWatcher - [loadCredential,165] - null No credential found
10:37:25.126 [main] INFO  c.a.n.client.naming - [isChangedServiceInfo,167] - init new ips(0) service: DEFAULT_GROUP@@jz-page@@DEFAULT -> []
10:37:25.131 [main] INFO  c.a.n.client.naming - [processServiceInfo,152] - current ips:(0) service: DEFAULT_GROUP@@jz-page@@DEFAULT -> []
10:37:25.135 [main] INFO  o.a.c.h.Http11NioProtocol - [log,173] - Starting ProtocolHandler ["http-nio-9204"]
10:37:25.146 [main] INFO  c.a.n.client.naming - [registerService,97] - [REGISTER-SERVICE] public registering service jz-page with instance Instance{instanceId='null', ip='192.168.145.1', port=9204, weight=1.0, healthy=true, enabled=true, ephemeral=true, clusterName='DEFAULT', serviceName='null', metadata={preserved.register.source=SPRING_CLOUD}}
10:37:25.151 [main] INFO  c.a.c.n.r.NacosServiceRegistry - [register,75] - nacos registry, DEFAULT_GROUP jz-page 192.168.145.1:9204 register finished
10:37:25.408 [main] INFO  s.d.s.w.p.DocumentationPluginsBootstrapper - [start,160] - Context refreshed
10:37:25.420 [main] INFO  s.d.s.w.p.DocumentationPluginsBootstrapper - [start,163] - Found 1 custom documentation plugin(s)
10:37:25.440 [main] INFO  s.d.s.w.s.ApiListingReferenceScanner - [scan,41] - Scanning for api listing references
10:37:25.490 [main] INFO  c.r.s.JzPageApplication - [logStarted,61] - Started JzPageApplication in 8.926 seconds (JVM running for 9.675)
10:37:25.497 [main] INFO  c.a.n.c.c.i.ClientWorker - [addCacheDataIfAbsent,346] - [config_rpc_client] [subscribe] jz-page+DEFAULT_GROUP
10:37:25.498 [main] INFO  c.a.n.c.c.i.CacheData - [addListener,128] - [config_rpc_client] [add-listener] ok, tenant=, dataId=jz-page, group=DEFAULT_GROUP, cnt=1
10:37:25.498 [main] INFO  c.a.n.c.c.i.ClientWorker - [addCacheDataIfAbsent,346] - [config_rpc_client] [subscribe] jz-page.yml+DEFAULT_GROUP
10:37:25.498 [main] INFO  c.a.n.c.c.i.CacheData - [addListener,128] - [config_rpc_client] [add-listener] ok, tenant=, dataId=jz-page.yml, group=DEFAULT_GROUP, cnt=1
10:37:25.498 [main] INFO  c.a.n.c.c.i.ClientWorker - [addCacheDataIfAbsent,346] - [config_rpc_client] [subscribe] jz-page-dev.yml+DEFAULT_GROUP
10:37:25.498 [main] INFO  c.a.n.c.c.i.CacheData - [addListener,128] - [config_rpc_client] [add-listener] ok, tenant=, dataId=jz-page-dev.yml, group=DEFAULT_GROUP, cnt=1
10:37:25.731 [nacos-grpc-client-executor-8] INFO  c.a.n.c.r.client - [printIfInfoEnabled,60] - [50555b71-3b0e-4f4f-8eae-89dfdb0da94e]receive server push request,request=NotifySubscriberRequest,requestId=19
10:37:25.733 [nacos-grpc-client-executor-8] INFO  c.a.n.client.naming - [isChangedServiceInfo,167] - init new ips(1) service: DEFAULT_GROUP@@jz-page -> [{"ip":"192.168.145.1","port":9204,"weight":1.0,"healthy":true,"enabled":true,"ephemeral":true,"clusterName":"DEFAULT","serviceName":"DEFAULT_GROUP@@jz-page","metadata":{"preserved.register.source":"SPRING_CLOUD"},"ipDeleteTimeout":30000,"instanceHeartBeatInterval":5000,"instanceHeartBeatTimeOut":15000}]
10:37:25.734 [nacos-grpc-client-executor-8] INFO  c.a.n.client.naming - [processServiceInfo,152] - current ips:(1) service: DEFAULT_GROUP@@jz-page -> [{"ip":"192.168.145.1","port":9204,"weight":1.0,"healthy":true,"enabled":true,"ephemeral":true,"clusterName":"DEFAULT","serviceName":"DEFAULT_GROUP@@jz-page","metadata":{"preserved.register.source":"SPRING_CLOUD"},"ipDeleteTimeout":30000,"instanceHeartBeatInterval":5000,"instanceHeartBeatTimeOut":15000}]
10:37:25.735 [nacos-grpc-client-executor-8] INFO  c.a.n.c.r.client - [printIfInfoEnabled,60] - [50555b71-3b0e-4f4f-8eae-89dfdb0da94e]ack server push request,request=NotifySubscriberRequest,requestId=19
10:37:26.133 [com.alibaba.nacos.client.naming.updater.0] INFO  c.a.n.client.naming - [isChangedServiceInfo,221] - new ips(1) service: DEFAULT_GROUP@@jz-page@@DEFAULT -> [{"ip":"192.168.145.1","port":9204,"weight":1.0,"healthy":true,"enabled":true,"ephemeral":true,"clusterName":"DEFAULT","serviceName":"DEFAULT_GROUP@@jz-page","metadata":{"preserved.register.source":"SPRING_CLOUD"},"ipDeleteTimeout":30000,"instanceHeartBeatInterval":5000,"instanceHeartBeatTimeOut":15000}]
10:37:26.133 [com.alibaba.nacos.client.naming.updater.0] INFO  c.a.n.client.naming - [processServiceInfo,152] - current ips:(1) service: DEFAULT_GROUP@@jz-page@@DEFAULT -> [{"ip":"192.168.145.1","port":9204,"weight":1.0,"healthy":true,"enabled":true,"ephemeral":true,"clusterName":"DEFAULT","serviceName":"DEFAULT_GROUP@@jz-page","metadata":{"preserved.register.source":"SPRING_CLOUD"},"ipDeleteTimeout":30000,"instanceHeartBeatInterval":5000,"instanceHeartBeatTimeOut":15000}]
10:37:26.321 [RMI TCP Connection(2)-192.168.3.237] INFO  o.a.c.c.C.[.[.[/] - [log,173] - Initializing Spring DispatcherServlet 'dispatcherServlet'
14:02:19.179 [nacos-grpc-client-executor-2337] INFO  c.a.n.c.r.client - [printIfInfoEnabled,60] - [config-0-947d440f-c61e-4123-9777-b93c7a9f93cc]receive server push request,request=ClientDetectionRequest,requestId=29
14:02:19.187 [nacos-grpc-client-executor-2337] INFO  c.a.n.c.r.client - [printIfInfoEnabled,60] - [config-0-947d440f-c61e-4123-9777-b93c7a9f93cc]ack server push request,request=ClientDetectionRequest,requestId=29
