18:54:13.616 [background-preinit] INFO  o.h.v.i.util.Version - [<clinit>,21] - HV000001: Hibernate Validator 6.2.0.Final
18:54:14.244 [main] INFO  c.a.n.c.c.i.LocalConfigInfoProcessor - [<clinit>,212] - LOCAL_SNAPSHOT_PATH:C:\Users\jzgar\nacos\config
18:54:14.266 [main] INFO  o.r.Reflections - [scan,232] - Reflections took 14 ms to scan 1 urls, producing 3 keys and 6 values 
18:54:14.280 [main] INFO  o.r.Reflections - [scan,232] - Reflections took 8 ms to scan 1 urls, producing 4 keys and 9 values 
18:54:14.288 [main] INFO  o.r.Reflections - [scan,232] - Reflections took 6 ms to scan 1 urls, producing 3 keys and 10 values 
18:54:14.399 [main] INFO  o.r.Reflections - [scan,232] - Reflections took 110 ms to scan 223 urls, producing 0 keys and 0 values 
18:54:14.406 [main] INFO  o.r.Reflections - [scan,232] - Reflections took 6 ms to scan 1 urls, producing 1 keys and 5 values 
18:54:14.415 [main] INFO  o.r.Reflections - [scan,232] - Reflections took 8 ms to scan 1 urls, producing 1 keys and 7 values 
18:54:14.425 [main] INFO  o.r.Reflections - [scan,232] - Reflections took 9 ms to scan 1 urls, producing 2 keys and 8 values 
18:54:14.522 [main] INFO  o.r.Reflections - [scan,232] - Reflections took 96 ms to scan 223 urls, producing 0 keys and 0 values 
18:54:14.523 [main] INFO  c.a.n.c.r.client - [printIfInfoEnabled,60] - [config-0-72a01fe2-9220-4a40-8624-e5ced5ea8b80]RpcClient init label, labels={module=config, Vipserver-Tag=null, source=sdk, Amory-Tag=null, Location-Tag=null, taskId=0, AppName=unknown}
18:54:14.523 [main] INFO  c.a.n.c.r.client - [printIfInfoEnabled,60] - [config-0-72a01fe2-9220-4a40-8624-e5ced5ea8b80]Register server push request handler:com.alibaba.nacos.client.config.impl.ClientWorker$ConfigRpcTransportClient$$Lambda$324/488600086
18:54:14.523 [main] INFO  c.a.n.c.r.client - [printIfInfoEnabled,60] - [config-0-72a01fe2-9220-4a40-8624-e5ced5ea8b80]Register server push request handler:com.alibaba.nacos.client.config.impl.ClientWorker$ConfigRpcTransportClient$$Lambda$325/1111379131
18:54:14.523 [main] INFO  c.a.n.c.r.client - [printIfInfoEnabled,60] - [config-0-72a01fe2-9220-4a40-8624-e5ced5ea8b80]Registry connection listener to current client:com.alibaba.nacos.client.config.impl.ClientWorker$ConfigRpcTransportClient$1
18:54:14.525 [main] INFO  c.a.n.c.r.client - [printIfInfoEnabled,60] - [config-0-72a01fe2-9220-4a40-8624-e5ced5ea8b80]RpcClient init, ServerListFactory =com.alibaba.nacos.client.config.impl.ClientWorker$ConfigRpcTransportClient$2
18:54:14.526 [main] INFO  c.a.n.c.r.client - [printIfInfoEnabled,60] - [config-0-72a01fe2-9220-4a40-8624-e5ced5ea8b80] Try to connect to server on start up, server: {serverIp='127.0.0.1', server main port=8848}
18:54:15.521 [main] INFO  c.a.n.c.r.client - [printIfInfoEnabled,60] - [config-0-72a01fe2-9220-4a40-8624-e5ced5ea8b80] Success to connect to server [127.0.0.1:8848] on start up,connectionId=1687344855309_127.0.0.1_51643
18:54:15.521 [com.alibaba.nacos.client.remote.worker] INFO  c.a.n.c.r.client - [printIfInfoEnabled,60] - [config-0-72a01fe2-9220-4a40-8624-e5ced5ea8b80]Notify connected event to listeners.
18:54:15.521 [main] INFO  c.a.n.c.r.client - [printIfInfoEnabled,60] - [config-0-72a01fe2-9220-4a40-8624-e5ced5ea8b80]Register server push request handler:com.alibaba.nacos.common.remote.client.RpcClient$ConnectResetRequestHandler
18:54:15.522 [com.alibaba.nacos.client.remote.worker] INFO  c.a.n.c.c.i.ClientWorker - [onConnected,625] - [config-0-72a01fe2-9220-4a40-8624-e5ced5ea8b80] Connected,notify listen context...
18:54:15.522 [main] INFO  c.a.n.c.r.client - [printIfInfoEnabled,60] - [config-0-72a01fe2-9220-4a40-8624-e5ced5ea8b80]Register server push request handler:com.alibaba.nacos.common.remote.client.RpcClient$4
18:54:15.540 [main] INFO  c.a.n.c.c.i.Limiter - [<clinit>,54] - limitTime:5.0
18:54:15.550 [main] INFO  c.a.n.c.c.u.JvmUtil - [<clinit>,49] - isMultiInstance:false
18:54:15.574 [main] INFO  c.r.s.RuoYiSystemApplication - [logStartupProfileInfo,667] - The following profiles are active: dev
18:54:16.966 [main] INFO  o.a.c.h.Http11NioProtocol - [log,173] - Initializing ProtocolHandler ["http-nio-9201"]
18:54:16.966 [main] INFO  o.a.c.c.StandardService - [log,173] - Starting service [Tomcat]
18:54:16.967 [main] INFO  o.a.c.c.StandardEngine - [log,173] - Starting Servlet engine: [Apache Tomcat/9.0.46]
18:54:17.061 [main] INFO  o.a.c.c.C.[.[.[/] - [log,173] - Initializing Spring embedded WebApplicationContext
18:54:17.278 [main] INFO  c.a.d.p.DruidDataSource - [init,990] - {dataSource-1,master} inited
18:54:17.279 [main] INFO  c.b.d.d.DynamicRoutingDataSource - [addDataSource,144] - dynamic-datasource - add a datasource named [master] success
18:54:17.279 [main] INFO  c.b.d.d.DynamicRoutingDataSource - [afterPropertiesSet,235] - dynamic-datasource initial loaded [1] datasource,primary datasource named [master]
18:54:17.702 [main] INFO  c.b.d.d.DynamicRoutingDataSource - [destroy,215] - dynamic-datasource start closing ....
18:54:17.703 [main] INFO  c.a.d.p.DruidDataSource - [close,2043] - {dataSource-1} closing ...
18:54:17.706 [main] INFO  c.a.d.p.DruidDataSource - [close,2116] - {dataSource-1} closed
18:54:17.706 [main] INFO  c.b.d.d.DynamicRoutingDataSource - [destroy,219] - dynamic-datasource all closed success,bye
18:54:17.707 [main] INFO  o.a.c.c.StandardService - [log,173] - Stopping service [Tomcat]
18:55:22.352 [background-preinit] INFO  o.h.v.i.util.Version - [<clinit>,21] - HV000001: Hibernate Validator 6.2.0.Final
18:55:22.869 [main] INFO  c.a.n.c.c.i.LocalConfigInfoProcessor - [<clinit>,212] - LOCAL_SNAPSHOT_PATH:C:\Users\jzgar\nacos\config
18:55:22.893 [main] INFO  o.r.Reflections - [scan,232] - Reflections took 14 ms to scan 1 urls, producing 3 keys and 6 values 
18:55:22.905 [main] INFO  o.r.Reflections - [scan,232] - Reflections took 6 ms to scan 1 urls, producing 4 keys and 9 values 
18:55:22.912 [main] INFO  o.r.Reflections - [scan,232] - Reflections took 6 ms to scan 1 urls, producing 3 keys and 10 values 
18:55:23.021 [main] INFO  o.r.Reflections - [scan,232] - Reflections took 107 ms to scan 223 urls, producing 0 keys and 0 values 
18:55:23.028 [main] INFO  o.r.Reflections - [scan,232] - Reflections took 6 ms to scan 1 urls, producing 1 keys and 5 values 
18:55:23.037 [main] INFO  o.r.Reflections - [scan,232] - Reflections took 8 ms to scan 1 urls, producing 1 keys and 7 values 
18:55:23.046 [main] INFO  o.r.Reflections - [scan,232] - Reflections took 7 ms to scan 1 urls, producing 2 keys and 8 values 
18:55:23.146 [main] INFO  o.r.Reflections - [scan,232] - Reflections took 97 ms to scan 223 urls, producing 0 keys and 0 values 
18:55:23.146 [main] INFO  c.a.n.c.r.client - [printIfInfoEnabled,60] - [config-0-628df47e-0358-4d77-a7f6-67fc0dfb6658]RpcClient init label, labels={module=config, Vipserver-Tag=null, source=sdk, Amory-Tag=null, Location-Tag=null, taskId=0, AppName=unknown}
18:55:23.147 [main] INFO  c.a.n.c.r.client - [printIfInfoEnabled,60] - [config-0-628df47e-0358-4d77-a7f6-67fc0dfb6658]Register server push request handler:com.alibaba.nacos.client.config.impl.ClientWorker$ConfigRpcTransportClient$$Lambda$324/488600086
18:55:23.147 [main] INFO  c.a.n.c.r.client - [printIfInfoEnabled,60] - [config-0-628df47e-0358-4d77-a7f6-67fc0dfb6658]Register server push request handler:com.alibaba.nacos.client.config.impl.ClientWorker$ConfigRpcTransportClient$$Lambda$325/1111379131
18:55:23.147 [main] INFO  c.a.n.c.r.client - [printIfInfoEnabled,60] - [config-0-628df47e-0358-4d77-a7f6-67fc0dfb6658]Registry connection listener to current client:com.alibaba.nacos.client.config.impl.ClientWorker$ConfigRpcTransportClient$1
18:55:23.147 [main] INFO  c.a.n.c.r.client - [printIfInfoEnabled,60] - [config-0-628df47e-0358-4d77-a7f6-67fc0dfb6658]RpcClient init, ServerListFactory =com.alibaba.nacos.client.config.impl.ClientWorker$ConfigRpcTransportClient$2
18:55:23.148 [main] INFO  c.a.n.c.r.client - [printIfInfoEnabled,60] - [config-0-628df47e-0358-4d77-a7f6-67fc0dfb6658] Try to connect to server on start up, server: {serverIp='127.0.0.1', server main port=8848}
18:55:24.027 [main] INFO  c.a.n.c.r.client - [printIfInfoEnabled,60] - [config-0-628df47e-0358-4d77-a7f6-67fc0dfb6658] Success to connect to server [127.0.0.1:8848] on start up,connectionId=1687344923828_127.0.0.1_51814
18:55:24.027 [com.alibaba.nacos.client.remote.worker] INFO  c.a.n.c.r.client - [printIfInfoEnabled,60] - [config-0-628df47e-0358-4d77-a7f6-67fc0dfb6658]Notify connected event to listeners.
18:55:24.028 [main] INFO  c.a.n.c.r.client - [printIfInfoEnabled,60] - [config-0-628df47e-0358-4d77-a7f6-67fc0dfb6658]Register server push request handler:com.alibaba.nacos.common.remote.client.RpcClient$ConnectResetRequestHandler
18:55:24.028 [com.alibaba.nacos.client.remote.worker] INFO  c.a.n.c.c.i.ClientWorker - [onConnected,625] - [config-0-628df47e-0358-4d77-a7f6-67fc0dfb6658] Connected,notify listen context...
18:55:24.028 [main] INFO  c.a.n.c.r.client - [printIfInfoEnabled,60] - [config-0-628df47e-0358-4d77-a7f6-67fc0dfb6658]Register server push request handler:com.alibaba.nacos.common.remote.client.RpcClient$4
18:55:24.047 [main] INFO  c.a.n.c.c.i.Limiter - [<clinit>,54] - limitTime:5.0
18:55:24.058 [main] INFO  c.a.n.c.c.u.JvmUtil - [<clinit>,49] - isMultiInstance:false
18:55:24.080 [main] INFO  c.r.s.RuoYiSystemApplication - [logStartupProfileInfo,667] - The following profiles are active: dev
18:55:25.361 [main] INFO  o.a.c.h.Http11NioProtocol - [log,173] - Initializing ProtocolHandler ["http-nio-9201"]
18:55:25.361 [main] INFO  o.a.c.c.StandardService - [log,173] - Starting service [Tomcat]
18:55:25.361 [main] INFO  o.a.c.c.StandardEngine - [log,173] - Starting Servlet engine: [Apache Tomcat/9.0.46]
18:55:25.442 [main] INFO  o.a.c.c.C.[.[.[/] - [log,173] - Initializing Spring embedded WebApplicationContext
18:55:25.632 [main] INFO  c.a.d.p.DruidDataSource - [init,990] - {dataSource-1,master} inited
18:55:25.633 [main] INFO  c.b.d.d.DynamicRoutingDataSource - [addDataSource,144] - dynamic-datasource - add a datasource named [master] success
18:55:25.633 [main] INFO  c.b.d.d.DynamicRoutingDataSource - [afterPropertiesSet,235] - dynamic-datasource initial loaded [1] datasource,primary datasource named [master]
18:55:26.082 [main] INFO  c.b.d.d.DynamicRoutingDataSource - [destroy,215] - dynamic-datasource start closing ....
18:55:26.084 [main] INFO  c.a.d.p.DruidDataSource - [close,2043] - {dataSource-1} closing ...
18:55:26.087 [main] INFO  c.a.d.p.DruidDataSource - [close,2116] - {dataSource-1} closed
18:55:26.087 [main] INFO  c.b.d.d.DynamicRoutingDataSource - [destroy,219] - dynamic-datasource all closed success,bye
18:55:26.088 [main] INFO  o.a.c.c.StandardService - [log,173] - Stopping service [Tomcat]
18:56:00.157 [background-preinit] INFO  o.h.v.i.util.Version - [<clinit>,21] - HV000001: Hibernate Validator 6.2.0.Final
18:56:00.673 [main] INFO  c.a.n.c.c.i.LocalConfigInfoProcessor - [<clinit>,212] - LOCAL_SNAPSHOT_PATH:C:\Users\jzgar\nacos\config
18:56:00.697 [main] INFO  o.r.Reflections - [scan,232] - Reflections took 15 ms to scan 1 urls, producing 3 keys and 6 values 
18:56:00.711 [main] INFO  o.r.Reflections - [scan,232] - Reflections took 7 ms to scan 1 urls, producing 4 keys and 9 values 
18:56:00.719 [main] INFO  o.r.Reflections - [scan,232] - Reflections took 6 ms to scan 1 urls, producing 3 keys and 10 values 
18:56:00.843 [main] INFO  o.r.Reflections - [scan,232] - Reflections took 122 ms to scan 223 urls, producing 0 keys and 0 values 
18:56:00.852 [main] INFO  o.r.Reflections - [scan,232] - Reflections took 7 ms to scan 1 urls, producing 1 keys and 5 values 
18:56:00.862 [main] INFO  o.r.Reflections - [scan,232] - Reflections took 9 ms to scan 1 urls, producing 1 keys and 7 values 
18:56:00.874 [main] INFO  o.r.Reflections - [scan,232] - Reflections took 9 ms to scan 1 urls, producing 2 keys and 8 values 
18:56:00.993 [main] INFO  o.r.Reflections - [scan,232] - Reflections took 117 ms to scan 223 urls, producing 0 keys and 0 values 
18:56:00.994 [main] INFO  c.a.n.c.r.client - [printIfInfoEnabled,60] - [config-0-99d5fe52-3da7-412f-bf3e-2334b37d179c]RpcClient init label, labels={module=config, Vipserver-Tag=null, source=sdk, Amory-Tag=null, Location-Tag=null, taskId=0, AppName=unknown}
18:56:00.995 [main] INFO  c.a.n.c.r.client - [printIfInfoEnabled,60] - [config-0-99d5fe52-3da7-412f-bf3e-2334b37d179c]Register server push request handler:com.alibaba.nacos.client.config.impl.ClientWorker$ConfigRpcTransportClient$$Lambda$324/488600086
18:56:00.995 [main] INFO  c.a.n.c.r.client - [printIfInfoEnabled,60] - [config-0-99d5fe52-3da7-412f-bf3e-2334b37d179c]Register server push request handler:com.alibaba.nacos.client.config.impl.ClientWorker$ConfigRpcTransportClient$$Lambda$325/1111379131
18:56:00.995 [main] INFO  c.a.n.c.r.client - [printIfInfoEnabled,60] - [config-0-99d5fe52-3da7-412f-bf3e-2334b37d179c]Registry connection listener to current client:com.alibaba.nacos.client.config.impl.ClientWorker$ConfigRpcTransportClient$1
18:56:00.996 [main] INFO  c.a.n.c.r.client - [printIfInfoEnabled,60] - [config-0-99d5fe52-3da7-412f-bf3e-2334b37d179c]RpcClient init, ServerListFactory =com.alibaba.nacos.client.config.impl.ClientWorker$ConfigRpcTransportClient$2
18:56:00.997 [main] INFO  c.a.n.c.r.client - [printIfInfoEnabled,60] - [config-0-99d5fe52-3da7-412f-bf3e-2334b37d179c] Try to connect to server on start up, server: {serverIp='127.0.0.1', server main port=8848}
18:56:01.965 [main] INFO  c.a.n.c.r.client - [printIfInfoEnabled,60] - [config-0-99d5fe52-3da7-412f-bf3e-2334b37d179c] Success to connect to server [127.0.0.1:8848] on start up,connectionId=1687344961765_127.0.0.1_51936
18:56:01.967 [com.alibaba.nacos.client.remote.worker] INFO  c.a.n.c.r.client - [printIfInfoEnabled,60] - [config-0-99d5fe52-3da7-412f-bf3e-2334b37d179c]Notify connected event to listeners.
18:56:01.967 [main] INFO  c.a.n.c.r.client - [printIfInfoEnabled,60] - [config-0-99d5fe52-3da7-412f-bf3e-2334b37d179c]Register server push request handler:com.alibaba.nacos.common.remote.client.RpcClient$ConnectResetRequestHandler
18:56:01.968 [com.alibaba.nacos.client.remote.worker] INFO  c.a.n.c.c.i.ClientWorker - [onConnected,625] - [config-0-99d5fe52-3da7-412f-bf3e-2334b37d179c] Connected,notify listen context...
18:56:01.968 [main] INFO  c.a.n.c.r.client - [printIfInfoEnabled,60] - [config-0-99d5fe52-3da7-412f-bf3e-2334b37d179c]Register server push request handler:com.alibaba.nacos.common.remote.client.RpcClient$4
18:56:01.986 [main] INFO  c.a.n.c.c.i.Limiter - [<clinit>,54] - limitTime:5.0
18:56:01.994 [main] INFO  c.a.n.c.c.u.JvmUtil - [<clinit>,49] - isMultiInstance:false
18:56:02.014 [main] INFO  c.r.s.RuoYiSystemApplication - [logStartupProfileInfo,667] - The following profiles are active: dev
18:56:03.413 [main] INFO  o.a.c.h.Http11NioProtocol - [log,173] - Initializing ProtocolHandler ["http-nio-9201"]
18:56:03.414 [main] INFO  o.a.c.c.StandardService - [log,173] - Starting service [Tomcat]
18:56:03.414 [main] INFO  o.a.c.c.StandardEngine - [log,173] - Starting Servlet engine: [Apache Tomcat/9.0.46]
18:56:03.508 [main] INFO  o.a.c.c.C.[.[.[/] - [log,173] - Initializing Spring embedded WebApplicationContext
18:56:03.735 [main] INFO  c.a.d.p.DruidDataSource - [init,990] - {dataSource-1,master} inited
18:56:03.736 [main] INFO  c.b.d.d.DynamicRoutingDataSource - [addDataSource,144] - dynamic-datasource - add a datasource named [master] success
18:56:03.736 [main] INFO  c.b.d.d.DynamicRoutingDataSource - [afterPropertiesSet,235] - dynamic-datasource initial loaded [1] datasource,primary datasource named [master]
18:56:04.157 [main] INFO  c.b.d.d.DynamicRoutingDataSource - [destroy,215] - dynamic-datasource start closing ....
18:56:04.158 [main] INFO  c.a.d.p.DruidDataSource - [close,2043] - {dataSource-1} closing ...
18:56:04.161 [main] INFO  c.a.d.p.DruidDataSource - [close,2116] - {dataSource-1} closed
18:56:04.162 [main] INFO  c.b.d.d.DynamicRoutingDataSource - [destroy,219] - dynamic-datasource all closed success,bye
18:56:04.162 [main] INFO  o.a.c.c.StandardService - [log,173] - Stopping service [Tomcat]
18:59:37.651 [background-preinit] INFO  o.h.v.i.util.Version - [<clinit>,21] - HV000001: Hibernate Validator 6.2.0.Final
18:59:38.130 [main] INFO  c.a.n.c.c.i.LocalConfigInfoProcessor - [<clinit>,212] - LOCAL_SNAPSHOT_PATH:C:\Users\jzgar\nacos\config
18:59:38.152 [main] INFO  o.r.Reflections - [scan,232] - Reflections took 13 ms to scan 1 urls, producing 3 keys and 6 values 
18:59:38.165 [main] INFO  o.r.Reflections - [scan,232] - Reflections took 8 ms to scan 1 urls, producing 4 keys and 9 values 
18:59:38.171 [main] INFO  o.r.Reflections - [scan,232] - Reflections took 5 ms to scan 1 urls, producing 3 keys and 10 values 
18:59:38.281 [main] INFO  o.r.Reflections - [scan,232] - Reflections took 108 ms to scan 223 urls, producing 0 keys and 0 values 
18:59:38.287 [main] INFO  o.r.Reflections - [scan,232] - Reflections took 5 ms to scan 1 urls, producing 1 keys and 5 values 
18:59:38.295 [main] INFO  o.r.Reflections - [scan,232] - Reflections took 6 ms to scan 1 urls, producing 1 keys and 7 values 
18:59:38.304 [main] INFO  o.r.Reflections - [scan,232] - Reflections took 8 ms to scan 1 urls, producing 2 keys and 8 values 
18:59:38.403 [main] INFO  o.r.Reflections - [scan,232] - Reflections took 98 ms to scan 223 urls, producing 0 keys and 0 values 
18:59:38.404 [main] INFO  c.a.n.c.r.client - [printIfInfoEnabled,60] - [config-0-9f2f190b-380a-4588-9e11-0b046f8996bc]RpcClient init label, labels={module=config, Vipserver-Tag=null, source=sdk, Amory-Tag=null, Location-Tag=null, taskId=0, AppName=unknown}
18:59:38.404 [main] INFO  c.a.n.c.r.client - [printIfInfoEnabled,60] - [config-0-9f2f190b-380a-4588-9e11-0b046f8996bc]Register server push request handler:com.alibaba.nacos.client.config.impl.ClientWorker$ConfigRpcTransportClient$$Lambda$324/1846982837
18:59:38.404 [main] INFO  c.a.n.c.r.client - [printIfInfoEnabled,60] - [config-0-9f2f190b-380a-4588-9e11-0b046f8996bc]Register server push request handler:com.alibaba.nacos.client.config.impl.ClientWorker$ConfigRpcTransportClient$$Lambda$325/1135935001
18:59:38.404 [main] INFO  c.a.n.c.r.client - [printIfInfoEnabled,60] - [config-0-9f2f190b-380a-4588-9e11-0b046f8996bc]Registry connection listener to current client:com.alibaba.nacos.client.config.impl.ClientWorker$ConfigRpcTransportClient$1
18:59:38.405 [main] INFO  c.a.n.c.r.client - [printIfInfoEnabled,60] - [config-0-9f2f190b-380a-4588-9e11-0b046f8996bc]RpcClient init, ServerListFactory =com.alibaba.nacos.client.config.impl.ClientWorker$ConfigRpcTransportClient$2
18:59:38.406 [main] INFO  c.a.n.c.r.client - [printIfInfoEnabled,60] - [config-0-9f2f190b-380a-4588-9e11-0b046f8996bc] Try to connect to server on start up, server: {serverIp='127.0.0.1', server main port=8848}
18:59:39.265 [main] INFO  c.a.n.c.r.client - [printIfInfoEnabled,60] - [config-0-9f2f190b-380a-4588-9e11-0b046f8996bc] Success to connect to server [127.0.0.1:8848] on start up,connectionId=1687345179070_127.0.0.1_52282
18:59:39.266 [com.alibaba.nacos.client.remote.worker] INFO  c.a.n.c.r.client - [printIfInfoEnabled,60] - [config-0-9f2f190b-380a-4588-9e11-0b046f8996bc]Notify connected event to listeners.
18:59:39.266 [main] INFO  c.a.n.c.r.client - [printIfInfoEnabled,60] - [config-0-9f2f190b-380a-4588-9e11-0b046f8996bc]Register server push request handler:com.alibaba.nacos.common.remote.client.RpcClient$ConnectResetRequestHandler
18:59:39.267 [com.alibaba.nacos.client.remote.worker] INFO  c.a.n.c.c.i.ClientWorker - [onConnected,625] - [config-0-9f2f190b-380a-4588-9e11-0b046f8996bc] Connected,notify listen context...
18:59:39.267 [main] INFO  c.a.n.c.r.client - [printIfInfoEnabled,60] - [config-0-9f2f190b-380a-4588-9e11-0b046f8996bc]Register server push request handler:com.alibaba.nacos.common.remote.client.RpcClient$4
18:59:39.285 [main] INFO  c.a.n.c.c.i.Limiter - [<clinit>,54] - limitTime:5.0
18:59:39.293 [main] INFO  c.a.n.c.c.u.JvmUtil - [<clinit>,49] - isMultiInstance:false
18:59:39.311 [main] INFO  c.r.s.RuoYiSystemApplication - [logStartupProfileInfo,667] - The following profiles are active: dev
18:59:40.508 [main] INFO  o.a.c.h.Http11NioProtocol - [log,173] - Initializing ProtocolHandler ["http-nio-9201"]
18:59:40.508 [main] INFO  o.a.c.c.StandardService - [log,173] - Starting service [Tomcat]
18:59:40.508 [main] INFO  o.a.c.c.StandardEngine - [log,173] - Starting Servlet engine: [Apache Tomcat/9.0.46]
18:59:40.587 [main] INFO  o.a.c.c.C.[.[.[/] - [log,173] - Initializing Spring embedded WebApplicationContext
18:59:40.786 [main] INFO  c.a.d.p.DruidDataSource - [init,990] - {dataSource-1,master} inited
18:59:40.787 [main] INFO  c.b.d.d.DynamicRoutingDataSource - [addDataSource,144] - dynamic-datasource - add a datasource named [master] success
18:59:40.787 [main] INFO  c.b.d.d.DynamicRoutingDataSource - [afterPropertiesSet,235] - dynamic-datasource initial loaded [1] datasource,primary datasource named [master]
18:59:41.195 [main] INFO  c.b.d.d.DynamicRoutingDataSource - [destroy,215] - dynamic-datasource start closing ....
18:59:41.197 [main] INFO  c.a.d.p.DruidDataSource - [close,2043] - {dataSource-1} closing ...
18:59:41.201 [main] INFO  c.a.d.p.DruidDataSource - [close,2116] - {dataSource-1} closed
18:59:41.201 [main] INFO  c.b.d.d.DynamicRoutingDataSource - [destroy,219] - dynamic-datasource all closed success,bye
18:59:41.202 [main] INFO  o.a.c.c.StandardService - [log,173] - Stopping service [Tomcat]
19:00:56.058 [background-preinit] INFO  o.h.v.i.util.Version - [<clinit>,21] - HV000001: Hibernate Validator 6.2.0.Final
19:00:56.578 [main] INFO  c.a.n.c.c.i.LocalConfigInfoProcessor - [<clinit>,212] - LOCAL_SNAPSHOT_PATH:C:\Users\jzgar\nacos\config
19:00:56.600 [main] INFO  o.r.Reflections - [scan,232] - Reflections took 12 ms to scan 1 urls, producing 3 keys and 6 values 
19:00:56.613 [main] INFO  o.r.Reflections - [scan,232] - Reflections took 7 ms to scan 1 urls, producing 4 keys and 9 values 
19:00:56.619 [main] INFO  o.r.Reflections - [scan,232] - Reflections took 5 ms to scan 1 urls, producing 3 keys and 10 values 
19:00:56.725 [main] INFO  o.r.Reflections - [scan,232] - Reflections took 104 ms to scan 223 urls, producing 0 keys and 0 values 
19:00:56.732 [main] INFO  o.r.Reflections - [scan,232] - Reflections took 6 ms to scan 1 urls, producing 1 keys and 5 values 
19:00:56.738 [main] INFO  o.r.Reflections - [scan,232] - Reflections took 5 ms to scan 1 urls, producing 1 keys and 7 values 
19:00:56.746 [main] INFO  o.r.Reflections - [scan,232] - Reflections took 7 ms to scan 1 urls, producing 2 keys and 8 values 
19:00:56.836 [main] INFO  o.r.Reflections - [scan,232] - Reflections took 89 ms to scan 223 urls, producing 0 keys and 0 values 
19:00:56.837 [main] INFO  c.a.n.c.r.client - [printIfInfoEnabled,60] - [config-0-3877b6d5-347a-47c6-85fb-f7b1afebd0d4]RpcClient init label, labels={module=config, Vipserver-Tag=null, source=sdk, Amory-Tag=null, Location-Tag=null, taskId=0, AppName=unknown}
19:00:56.837 [main] INFO  c.a.n.c.r.client - [printIfInfoEnabled,60] - [config-0-3877b6d5-347a-47c6-85fb-f7b1afebd0d4]Register server push request handler:com.alibaba.nacos.client.config.impl.ClientWorker$ConfigRpcTransportClient$$Lambda$324/488600086
19:00:56.837 [main] INFO  c.a.n.c.r.client - [printIfInfoEnabled,60] - [config-0-3877b6d5-347a-47c6-85fb-f7b1afebd0d4]Register server push request handler:com.alibaba.nacos.client.config.impl.ClientWorker$ConfigRpcTransportClient$$Lambda$325/1111379131
19:00:56.837 [main] INFO  c.a.n.c.r.client - [printIfInfoEnabled,60] - [config-0-3877b6d5-347a-47c6-85fb-f7b1afebd0d4]Registry connection listener to current client:com.alibaba.nacos.client.config.impl.ClientWorker$ConfigRpcTransportClient$1
19:00:56.838 [main] INFO  c.a.n.c.r.client - [printIfInfoEnabled,60] - [config-0-3877b6d5-347a-47c6-85fb-f7b1afebd0d4]RpcClient init, ServerListFactory =com.alibaba.nacos.client.config.impl.ClientWorker$ConfigRpcTransportClient$2
19:00:56.839 [main] INFO  c.a.n.c.r.client - [printIfInfoEnabled,60] - [config-0-3877b6d5-347a-47c6-85fb-f7b1afebd0d4] Try to connect to server on start up, server: {serverIp='127.0.0.1', server main port=8848}
19:00:57.718 [main] INFO  c.a.n.c.r.client - [printIfInfoEnabled,60] - [config-0-3877b6d5-347a-47c6-85fb-f7b1afebd0d4] Success to connect to server [127.0.0.1:8848] on start up,connectionId=1687345257534_127.0.0.1_52446
19:00:57.720 [com.alibaba.nacos.client.remote.worker] INFO  c.a.n.c.r.client - [printIfInfoEnabled,60] - [config-0-3877b6d5-347a-47c6-85fb-f7b1afebd0d4]Notify connected event to listeners.
19:00:57.721 [main] INFO  c.a.n.c.r.client - [printIfInfoEnabled,60] - [config-0-3877b6d5-347a-47c6-85fb-f7b1afebd0d4]Register server push request handler:com.alibaba.nacos.common.remote.client.RpcClient$ConnectResetRequestHandler
19:00:57.721 [com.alibaba.nacos.client.remote.worker] INFO  c.a.n.c.c.i.ClientWorker - [onConnected,625] - [config-0-3877b6d5-347a-47c6-85fb-f7b1afebd0d4] Connected,notify listen context...
19:00:57.722 [main] INFO  c.a.n.c.r.client - [printIfInfoEnabled,60] - [config-0-3877b6d5-347a-47c6-85fb-f7b1afebd0d4]Register server push request handler:com.alibaba.nacos.common.remote.client.RpcClient$4
19:00:57.740 [main] INFO  c.a.n.c.c.i.Limiter - [<clinit>,54] - limitTime:5.0
19:00:57.751 [main] INFO  c.a.n.c.c.u.JvmUtil - [<clinit>,49] - isMultiInstance:false
19:00:57.769 [main] INFO  c.r.s.RuoYiSystemApplication - [logStartupProfileInfo,667] - The following profiles are active: dev
19:00:58.956 [main] INFO  o.a.c.h.Http11NioProtocol - [log,173] - Initializing ProtocolHandler ["http-nio-9201"]
19:00:58.956 [main] INFO  o.a.c.c.StandardService - [log,173] - Starting service [Tomcat]
19:00:58.956 [main] INFO  o.a.c.c.StandardEngine - [log,173] - Starting Servlet engine: [Apache Tomcat/9.0.46]
19:00:59.039 [main] INFO  o.a.c.c.C.[.[.[/] - [log,173] - Initializing Spring embedded WebApplicationContext
19:00:59.239 [main] INFO  c.a.d.p.DruidDataSource - [init,990] - {dataSource-1,master} inited
19:00:59.239 [main] INFO  c.b.d.d.DynamicRoutingDataSource - [addDataSource,144] - dynamic-datasource - add a datasource named [master] success
19:00:59.239 [main] INFO  c.b.d.d.DynamicRoutingDataSource - [afterPropertiesSet,235] - dynamic-datasource initial loaded [1] datasource,primary datasource named [master]
19:01:00.022 [main] INFO  org.redisson.Version - [logVersion,41] - Redisson 3.13.3
19:01:00.533 [redisson-netty-2-16] INFO  o.r.c.p.MasterPubSubConnectionPool - [lambda$run$0,167] - 1 connections initialized for localhost/127.0.0.1:6379
19:01:00.544 [redisson-netty-2-20] INFO  o.r.c.p.MasterConnectionPool - [lambda$run$0,167] - 24 connections initialized for localhost/127.0.0.1:6379
19:01:00.686 [main] INFO  c.b.d.d.DynamicRoutingDataSource - [destroy,215] - dynamic-datasource start closing ....
19:01:00.690 [main] INFO  c.a.d.p.DruidDataSource - [close,2043] - {dataSource-1} closing ...
19:01:00.692 [main] INFO  c.a.d.p.DruidDataSource - [close,2116] - {dataSource-1} closed
19:01:00.692 [main] INFO  c.b.d.d.DynamicRoutingDataSource - [destroy,219] - dynamic-datasource all closed success,bye
19:01:00.693 [main] INFO  o.a.c.c.StandardService - [log,173] - Stopping service [Tomcat]
19:01:48.387 [background-preinit] INFO  o.h.v.i.util.Version - [<clinit>,21] - HV000001: Hibernate Validator 6.2.0.Final
19:01:48.893 [main] INFO  c.a.n.c.c.i.LocalConfigInfoProcessor - [<clinit>,212] - LOCAL_SNAPSHOT_PATH:C:\Users\jzgar\nacos\config
19:01:48.916 [main] INFO  o.r.Reflections - [scan,232] - Reflections took 14 ms to scan 1 urls, producing 3 keys and 6 values 
19:01:48.929 [main] INFO  o.r.Reflections - [scan,232] - Reflections took 7 ms to scan 1 urls, producing 4 keys and 9 values 
19:01:48.935 [main] INFO  o.r.Reflections - [scan,232] - Reflections took 5 ms to scan 1 urls, producing 3 keys and 10 values 
19:01:49.044 [main] INFO  o.r.Reflections - [scan,232] - Reflections took 107 ms to scan 223 urls, producing 0 keys and 0 values 
19:01:49.051 [main] INFO  o.r.Reflections - [scan,232] - Reflections took 6 ms to scan 1 urls, producing 1 keys and 5 values 
19:01:49.061 [main] INFO  o.r.Reflections - [scan,232] - Reflections took 9 ms to scan 1 urls, producing 1 keys and 7 values 
19:01:49.074 [main] INFO  o.r.Reflections - [scan,232] - Reflections took 10 ms to scan 1 urls, producing 2 keys and 8 values 
19:01:49.163 [main] INFO  o.r.Reflections - [scan,232] - Reflections took 88 ms to scan 223 urls, producing 0 keys and 0 values 
19:01:49.163 [main] INFO  c.a.n.c.r.client - [printIfInfoEnabled,60] - [config-0-873e21a8-2dab-4bef-80a7-2c8d621df2e3]RpcClient init label, labels={module=config, Vipserver-Tag=null, source=sdk, Amory-Tag=null, Location-Tag=null, taskId=0, AppName=unknown}
19:01:49.163 [main] INFO  c.a.n.c.r.client - [printIfInfoEnabled,60] - [config-0-873e21a8-2dab-4bef-80a7-2c8d621df2e3]Register server push request handler:com.alibaba.nacos.client.config.impl.ClientWorker$ConfigRpcTransportClient$$Lambda$324/1846982837
19:01:49.164 [main] INFO  c.a.n.c.r.client - [printIfInfoEnabled,60] - [config-0-873e21a8-2dab-4bef-80a7-2c8d621df2e3]Register server push request handler:com.alibaba.nacos.client.config.impl.ClientWorker$ConfigRpcTransportClient$$Lambda$325/1135935001
19:01:49.164 [main] INFO  c.a.n.c.r.client - [printIfInfoEnabled,60] - [config-0-873e21a8-2dab-4bef-80a7-2c8d621df2e3]Registry connection listener to current client:com.alibaba.nacos.client.config.impl.ClientWorker$ConfigRpcTransportClient$1
19:01:49.164 [main] INFO  c.a.n.c.r.client - [printIfInfoEnabled,60] - [config-0-873e21a8-2dab-4bef-80a7-2c8d621df2e3]RpcClient init, ServerListFactory =com.alibaba.nacos.client.config.impl.ClientWorker$ConfigRpcTransportClient$2
19:01:49.165 [main] INFO  c.a.n.c.r.client - [printIfInfoEnabled,60] - [config-0-873e21a8-2dab-4bef-80a7-2c8d621df2e3] Try to connect to server on start up, server: {serverIp='127.0.0.1', server main port=8848}
19:01:49.986 [main] INFO  c.a.n.c.r.client - [printIfInfoEnabled,60] - [config-0-873e21a8-2dab-4bef-80a7-2c8d621df2e3] Success to connect to server [127.0.0.1:8848] on start up,connectionId=1687345309807_127.0.0.1_52692
19:01:49.988 [com.alibaba.nacos.client.remote.worker] INFO  c.a.n.c.r.client - [printIfInfoEnabled,60] - [config-0-873e21a8-2dab-4bef-80a7-2c8d621df2e3]Notify connected event to listeners.
19:01:49.988 [main] INFO  c.a.n.c.r.client - [printIfInfoEnabled,60] - [config-0-873e21a8-2dab-4bef-80a7-2c8d621df2e3]Register server push request handler:com.alibaba.nacos.common.remote.client.RpcClient$ConnectResetRequestHandler
19:01:49.989 [com.alibaba.nacos.client.remote.worker] INFO  c.a.n.c.c.i.ClientWorker - [onConnected,625] - [config-0-873e21a8-2dab-4bef-80a7-2c8d621df2e3] Connected,notify listen context...
19:01:49.989 [main] INFO  c.a.n.c.r.client - [printIfInfoEnabled,60] - [config-0-873e21a8-2dab-4bef-80a7-2c8d621df2e3]Register server push request handler:com.alibaba.nacos.common.remote.client.RpcClient$4
19:01:50.006 [main] INFO  c.a.n.c.c.i.Limiter - [<clinit>,54] - limitTime:5.0
19:01:50.018 [main] INFO  c.a.n.c.c.u.JvmUtil - [<clinit>,49] - isMultiInstance:false
19:01:50.036 [main] INFO  c.r.s.RuoYiSystemApplication - [logStartupProfileInfo,667] - The following profiles are active: dev
19:01:51.227 [main] INFO  o.a.c.h.Http11NioProtocol - [log,173] - Initializing ProtocolHandler ["http-nio-9201"]
19:01:51.228 [main] INFO  o.a.c.c.StandardService - [log,173] - Starting service [Tomcat]
19:01:51.228 [main] INFO  o.a.c.c.StandardEngine - [log,173] - Starting Servlet engine: [Apache Tomcat/9.0.46]
19:01:51.311 [main] INFO  o.a.c.c.C.[.[.[/] - [log,173] - Initializing Spring embedded WebApplicationContext
19:01:51.506 [main] INFO  c.a.d.p.DruidDataSource - [init,990] - {dataSource-1,master} inited
19:01:51.507 [main] INFO  c.b.d.d.DynamicRoutingDataSource - [addDataSource,144] - dynamic-datasource - add a datasource named [master] success
19:01:51.507 [main] INFO  c.b.d.d.DynamicRoutingDataSource - [afterPropertiesSet,235] - dynamic-datasource initial loaded [1] datasource,primary datasource named [master]
19:01:51.913 [main] INFO  c.b.d.d.DynamicRoutingDataSource - [destroy,215] - dynamic-datasource start closing ....
19:01:51.915 [main] INFO  c.a.d.p.DruidDataSource - [close,2043] - {dataSource-1} closing ...
19:01:51.918 [main] INFO  c.a.d.p.DruidDataSource - [close,2116] - {dataSource-1} closed
19:01:51.918 [main] INFO  c.b.d.d.DynamicRoutingDataSource - [destroy,219] - dynamic-datasource all closed success,bye
19:01:51.919 [main] INFO  o.a.c.c.StandardService - [log,173] - Stopping service [Tomcat]
19:02:57.113 [background-preinit] INFO  o.h.v.i.util.Version - [<clinit>,21] - HV000001: Hibernate Validator 6.2.0.Final
19:02:57.604 [main] INFO  c.a.n.c.c.i.LocalConfigInfoProcessor - [<clinit>,212] - LOCAL_SNAPSHOT_PATH:C:\Users\jzgar\nacos\config
19:02:57.627 [main] INFO  o.r.Reflections - [scan,232] - Reflections took 15 ms to scan 1 urls, producing 3 keys and 6 values 
19:02:57.640 [main] INFO  o.r.Reflections - [scan,232] - Reflections took 5 ms to scan 1 urls, producing 4 keys and 9 values 
19:02:57.646 [main] INFO  o.r.Reflections - [scan,232] - Reflections took 5 ms to scan 1 urls, producing 3 keys and 10 values 
19:02:57.762 [main] INFO  o.r.Reflections - [scan,232] - Reflections took 114 ms to scan 223 urls, producing 0 keys and 0 values 
19:02:57.768 [main] INFO  o.r.Reflections - [scan,232] - Reflections took 5 ms to scan 1 urls, producing 1 keys and 5 values 
19:02:57.774 [main] INFO  o.r.Reflections - [scan,232] - Reflections took 5 ms to scan 1 urls, producing 1 keys and 7 values 
19:02:57.796 [main] INFO  o.r.Reflections - [scan,232] - Reflections took 20 ms to scan 1 urls, producing 2 keys and 8 values 
19:02:57.894 [main] INFO  o.r.Reflections - [scan,232] - Reflections took 95 ms to scan 223 urls, producing 0 keys and 0 values 
19:02:57.896 [main] INFO  c.a.n.c.r.client - [printIfInfoEnabled,60] - [config-0-36943004-7e53-4544-bc5c-c7a9bd6cff57]RpcClient init label, labels={module=config, Vipserver-Tag=null, source=sdk, Amory-Tag=null, Location-Tag=null, taskId=0, AppName=unknown}
19:02:57.896 [main] INFO  c.a.n.c.r.client - [printIfInfoEnabled,60] - [config-0-36943004-7e53-4544-bc5c-c7a9bd6cff57]Register server push request handler:com.alibaba.nacos.client.config.impl.ClientWorker$ConfigRpcTransportClient$$Lambda$324/488600086
19:02:57.896 [main] INFO  c.a.n.c.r.client - [printIfInfoEnabled,60] - [config-0-36943004-7e53-4544-bc5c-c7a9bd6cff57]Register server push request handler:com.alibaba.nacos.client.config.impl.ClientWorker$ConfigRpcTransportClient$$Lambda$325/1111379131
19:02:57.896 [main] INFO  c.a.n.c.r.client - [printIfInfoEnabled,60] - [config-0-36943004-7e53-4544-bc5c-c7a9bd6cff57]Registry connection listener to current client:com.alibaba.nacos.client.config.impl.ClientWorker$ConfigRpcTransportClient$1
19:02:57.897 [main] INFO  c.a.n.c.r.client - [printIfInfoEnabled,60] - [config-0-36943004-7e53-4544-bc5c-c7a9bd6cff57]RpcClient init, ServerListFactory =com.alibaba.nacos.client.config.impl.ClientWorker$ConfigRpcTransportClient$2
19:02:57.898 [main] INFO  c.a.n.c.r.client - [printIfInfoEnabled,60] - [config-0-36943004-7e53-4544-bc5c-c7a9bd6cff57] Try to connect to server on start up, server: {serverIp='127.0.0.1', server main port=8848}
19:02:58.746 [main] INFO  c.a.n.c.r.client - [printIfInfoEnabled,60] - [config-0-36943004-7e53-4544-bc5c-c7a9bd6cff57] Success to connect to server [127.0.0.1:8848] on start up,connectionId=1687345378549_127.0.0.1_52850
19:02:58.748 [com.alibaba.nacos.client.remote.worker] INFO  c.a.n.c.r.client - [printIfInfoEnabled,60] - [config-0-36943004-7e53-4544-bc5c-c7a9bd6cff57]Notify connected event to listeners.
19:02:58.748 [main] INFO  c.a.n.c.r.client - [printIfInfoEnabled,60] - [config-0-36943004-7e53-4544-bc5c-c7a9bd6cff57]Register server push request handler:com.alibaba.nacos.common.remote.client.RpcClient$ConnectResetRequestHandler
19:02:58.748 [com.alibaba.nacos.client.remote.worker] INFO  c.a.n.c.c.i.ClientWorker - [onConnected,625] - [config-0-36943004-7e53-4544-bc5c-c7a9bd6cff57] Connected,notify listen context...
19:02:58.749 [main] INFO  c.a.n.c.r.client - [printIfInfoEnabled,60] - [config-0-36943004-7e53-4544-bc5c-c7a9bd6cff57]Register server push request handler:com.alibaba.nacos.common.remote.client.RpcClient$4
19:02:58.767 [main] INFO  c.a.n.c.c.i.Limiter - [<clinit>,54] - limitTime:5.0
19:02:58.775 [main] INFO  c.a.n.c.c.u.JvmUtil - [<clinit>,49] - isMultiInstance:false
19:02:58.793 [main] INFO  c.r.s.RuoYiSystemApplication - [logStartupProfileInfo,667] - The following profiles are active: dev
19:02:59.981 [main] INFO  o.a.c.h.Http11NioProtocol - [log,173] - Initializing ProtocolHandler ["http-nio-9201"]
19:02:59.982 [main] INFO  o.a.c.c.StandardService - [log,173] - Starting service [Tomcat]
19:02:59.982 [main] INFO  o.a.c.c.StandardEngine - [log,173] - Starting Servlet engine: [Apache Tomcat/9.0.46]
19:03:00.079 [main] INFO  o.a.c.c.C.[.[.[/] - [log,173] - Initializing Spring embedded WebApplicationContext
19:03:00.269 [main] INFO  c.a.d.p.DruidDataSource - [init,990] - {dataSource-1,master} inited
19:03:00.269 [main] INFO  c.b.d.d.DynamicRoutingDataSource - [addDataSource,144] - dynamic-datasource - add a datasource named [master] success
19:03:00.270 [main] INFO  c.b.d.d.DynamicRoutingDataSource - [afterPropertiesSet,235] - dynamic-datasource initial loaded [1] datasource,primary datasource named [master]
19:03:00.859 [main] INFO  c.b.d.d.DynamicRoutingDataSource - [destroy,215] - dynamic-datasource start closing ....
19:03:00.861 [main] INFO  c.a.d.p.DruidDataSource - [close,2043] - {dataSource-1} closing ...
19:03:00.864 [main] INFO  c.a.d.p.DruidDataSource - [close,2116] - {dataSource-1} closed
19:03:00.864 [main] INFO  c.b.d.d.DynamicRoutingDataSource - [destroy,219] - dynamic-datasource all closed success,bye
19:03:00.865 [main] INFO  o.a.c.c.StandardService - [log,173] - Stopping service [Tomcat]
