10:36:49.414 [background-preinit] INFO  o.h.v.i.util.Version - [<clinit>,21] - HV000001: Hibernate Validator 6.2.0.Final
10:36:51.145 [main] INFO  c.a.n.c.c.i.LocalConfigInfoProcessor - [<clinit>,212] - LOCAL_SNAPSHOT_PATH:C:\Users\jzgar\nacos\config
10:36:51.282 [main] INFO  o.r.Reflections - [scan,232] - Reflections took 49 ms to scan 1 urls, producing 3 keys and 6 values 
10:36:51.340 [main] INFO  o.r.Reflections - [scan,232] - Reflections took 30 ms to scan 1 urls, producing 4 keys and 9 values 
10:36:51.369 [main] INFO  o.r.Reflections - [scan,232] - Reflections took 24 ms to scan 1 urls, producing 3 keys and 10 values 
10:36:51.833 [main] INFO  o.r.Reflections - [scan,232] - Reflections took 457 ms to scan 204 urls, producing 0 keys and 0 values 
10:36:51.857 [main] INFO  o.r.Reflections - [scan,232] - Reflections took 18 ms to scan 1 urls, producing 1 keys and 5 values 
10:36:51.881 [main] INFO  o.r.Reflections - [scan,232] - Reflections took 22 ms to scan 1 urls, producing 1 keys and 7 values 
10:36:51.902 [main] INFO  o.r.Reflections - [scan,232] - Reflections took 17 ms to scan 1 urls, producing 2 keys and 8 values 
10:36:52.403 [main] INFO  o.r.Reflections - [scan,232] - Reflections took 498 ms to scan 204 urls, producing 0 keys and 0 values 
10:36:52.404 [main] INFO  c.a.n.c.r.client - [printIfInfoEnabled,60] - [config-0-f903b095-1ffd-47fc-be86-51b593ba8d95]RpcClient init label, labels={module=config, Vipserver-Tag=null, source=sdk, Amory-Tag=null, Location-Tag=null, taskId=0, AppName=unknown}
10:36:52.406 [main] INFO  c.a.n.c.r.client - [printIfInfoEnabled,60] - [config-0-f903b095-1ffd-47fc-be86-51b593ba8d95]Register server push request handler:com.alibaba.nacos.client.config.impl.ClientWorker$ConfigRpcTransportClient$$Lambda$324/1938025186
10:36:52.406 [main] INFO  c.a.n.c.r.client - [printIfInfoEnabled,60] - [config-0-f903b095-1ffd-47fc-be86-51b593ba8d95]Register server push request handler:com.alibaba.nacos.client.config.impl.ClientWorker$ConfigRpcTransportClient$$Lambda$325/405036720
10:36:52.407 [main] INFO  c.a.n.c.r.client - [printIfInfoEnabled,60] - [config-0-f903b095-1ffd-47fc-be86-51b593ba8d95]Registry connection listener to current client:com.alibaba.nacos.client.config.impl.ClientWorker$ConfigRpcTransportClient$1
10:36:52.411 [main] INFO  c.a.n.c.r.client - [printIfInfoEnabled,60] - [config-0-f903b095-1ffd-47fc-be86-51b593ba8d95]RpcClient init, ServerListFactory =com.alibaba.nacos.client.config.impl.ClientWorker$ConfigRpcTransportClient$2
10:36:52.416 [main] INFO  c.a.n.c.r.client - [printIfInfoEnabled,60] - [config-0-f903b095-1ffd-47fc-be86-51b593ba8d95] Try to connect to server on start up, server: {serverIp='127.0.0.1', server main port=8848}
10:36:56.707 [main] INFO  c.a.n.c.r.client - [printIfInfoEnabled,60] - [config-0-f903b095-1ffd-47fc-be86-51b593ba8d95] Success to connect to server [127.0.0.1:8848] on start up,connectionId=1687919816407_127.0.0.1_62219
10:36:56.708 [com.alibaba.nacos.client.remote.worker] INFO  c.a.n.c.r.client - [printIfInfoEnabled,60] - [config-0-f903b095-1ffd-47fc-be86-51b593ba8d95]Notify connected event to listeners.
10:36:56.708 [com.alibaba.nacos.client.remote.worker] INFO  c.a.n.c.c.i.ClientWorker - [onConnected,625] - [config-0-f903b095-1ffd-47fc-be86-51b593ba8d95] Connected,notify listen context...
10:36:56.708 [main] INFO  c.a.n.c.r.client - [printIfInfoEnabled,60] - [config-0-f903b095-1ffd-47fc-be86-51b593ba8d95]Register server push request handler:com.alibaba.nacos.common.remote.client.RpcClient$ConnectResetRequestHandler
10:36:56.709 [main] INFO  c.a.n.c.r.client - [printIfInfoEnabled,60] - [config-0-f903b095-1ffd-47fc-be86-51b593ba8d95]Register server push request handler:com.alibaba.nacos.common.remote.client.RpcClient$4
10:36:56.775 [main] INFO  c.a.n.c.c.i.Limiter - [<clinit>,54] - limitTime:5.0
10:36:56.801 [main] INFO  c.a.n.c.c.u.JvmUtil - [<clinit>,49] - isMultiInstance:false
10:36:56.855 [main] INFO  c.r.j.JzJobApplication - [logStartupProfileInfo,667] - The following profiles are active: dev
10:37:00.211 [main] INFO  o.a.c.h.Http11NioProtocol - [log,173] - Initializing ProtocolHandler ["http-nio-9203"]
10:37:00.213 [main] INFO  o.a.c.c.StandardService - [log,173] - Starting service [Tomcat]
10:37:00.213 [main] INFO  o.a.c.c.StandardEngine - [log,173] - Starting Servlet engine: [Apache Tomcat/9.0.46]
10:37:00.423 [main] INFO  o.a.c.c.C.[.[.[/] - [log,173] - Initializing Spring embedded WebApplicationContext
10:37:00.660 [main] INFO  o.q.i.StdSchedulerFactory - [instantiate,1220] - Using default implementation for ThreadExecutor
10:37:00.674 [main] INFO  o.q.c.SchedulerSignalerImpl - [<init>,61] - Initialized Scheduler Signaller of type: class org.quartz.core.SchedulerSignalerImpl
10:37:00.674 [main] INFO  o.q.c.QuartzScheduler - [<init>,229] - Quartz Scheduler v.2.3.2 created.
10:37:00.684 [main] INFO  c.z.h.HikariDataSource - [getConnection,110] - HikariPool-1 - Starting...
10:37:00.837 [main] INFO  c.z.h.HikariDataSource - [getConnection,123] - HikariPool-1 - Start completed.
10:37:00.851 [main] INFO  o.q.c.QuartzScheduler - [initialize,294] - Scheduler meta-data: Quartz Scheduler (v2.3.2) 'RuoyiScheduler' with instanceId 'jz1687919820662'
  Scheduler class: 'org.quartz.core.QuartzScheduler' - running locally.
  NOT STARTED.
  Currently in standby mode.
  Number of jobs executed: 0
  Using thread pool 'org.quartz.simpl.SimpleThreadPool' - with 20 threads.
  Using job-store 'org.springframework.scheduling.quartz.LocalDataSourceJobStore' - which supports persistence. and is clustered.

10:37:00.852 [main] INFO  o.q.i.StdSchedulerFactory - [instantiate,1374] - Quartz scheduler 'RuoyiScheduler' initialized from an externally provided properties instance.
10:37:00.852 [main] INFO  o.q.i.StdSchedulerFactory - [instantiate,1378] - Quartz scheduler version: 2.3.2
10:37:00.854 [main] INFO  o.q.c.QuartzScheduler - [setJobFactory,2293] - JobFactory set to: org.springframework.scheduling.quartz.AdaptableJobFactory@63bca84d
10:37:01.899 [main] INFO  c.a.c.s.SentinelWebAutoConfiguration - [addInterceptors,80] - [Sentinel Starter] register SentinelWebInterceptor with urlPatterns: [/**].
10:37:02.745 [main] INFO  c.a.n.client.naming - [call,65] - initializer namespace from System Property :null
10:37:02.746 [main] INFO  c.a.n.client.naming - [call,74] - initializer namespace from System Environment :null
10:37:02.747 [main] INFO  c.a.n.client.naming - [call,84] - initializer namespace from System Property :null
10:37:02.771 [main] INFO  c.a.n.c.r.client - [printIfInfoEnabled,60] - [e176a588-77d7-4243-8811-166e31cde541]RpcClient init label, labels={module=naming, source=sdk}
10:37:02.773 [main] INFO  c.a.n.c.r.client - [printIfInfoEnabled,60] - [e176a588-77d7-4243-8811-166e31cde541]RpcClient init, ServerListFactory =com.alibaba.nacos.client.naming.core.ServerListManager
10:37:02.773 [main] INFO  c.a.n.c.r.client - [printIfInfoEnabled,60] - [e176a588-77d7-4243-8811-166e31cde541] Try to connect to server on start up, server: {serverIp='127.0.0.1', server main port=8848}
10:37:02.900 [main] INFO  c.a.n.c.r.client - [printIfInfoEnabled,60] - [e176a588-77d7-4243-8811-166e31cde541] Success to connect to server [127.0.0.1:8848] on start up,connectionId=1687919822781_127.0.0.1_62512
10:37:02.901 [main] INFO  c.a.n.c.r.client - [printIfInfoEnabled,60] - [e176a588-77d7-4243-8811-166e31cde541]Register server push request handler:com.alibaba.nacos.common.remote.client.RpcClient$ConnectResetRequestHandler
10:37:02.901 [main] INFO  c.a.n.c.r.client - [printIfInfoEnabled,60] - [e176a588-77d7-4243-8811-166e31cde541]Register server push request handler:com.alibaba.nacos.common.remote.client.RpcClient$4
10:37:02.902 [main] INFO  c.a.n.c.r.client - [printIfInfoEnabled,60] - [e176a588-77d7-4243-8811-166e31cde541]Register server push request handler:com.alibaba.nacos.client.naming.remote.gprc.NamingPushRequestHandler
10:37:02.903 [main] INFO  c.a.n.c.r.client - [printIfInfoEnabled,60] - [e176a588-77d7-4243-8811-166e31cde541]Registry connection listener to current client:com.alibaba.nacos.client.naming.remote.gprc.NamingGrpcConnectionEventListener
10:37:03.132 [main] INFO  org.redisson.Version - [logVersion,41] - Redisson 3.13.3
10:37:04.238 [redisson-netty-2-14] INFO  o.r.c.p.MasterPubSubConnectionPool - [lambda$run$0,167] - 1 connections initialized for localhost/127.0.0.1:6379
10:37:04.289 [redisson-netty-2-14] INFO  o.r.c.p.MasterConnectionPool - [lambda$run$0,167] - 24 connections initialized for localhost/127.0.0.1:6379
10:37:04.724 [main] INFO  s.d.s.w.PropertySourcedRequestMappingHandlerMapping - [initHandlerMethods,69] - Mapped URL path [/v2/api-docs] onto method [springfox.documentation.swagger2.web.Swagger2Controller#getDocumentation(String, HttpServletRequest)]
10:37:06.796 [main] INFO  c.a.n.c.i.CredentialWatcher - [loadCredential,165] - null No credential found
10:37:06.814 [main] INFO  c.a.n.client.naming - [isChangedServiceInfo,167] - init new ips(0) service: DEFAULT_GROUP@@ruoyi-job@@DEFAULT -> []
10:37:06.822 [main] INFO  c.a.n.client.naming - [processServiceInfo,152] - current ips:(0) service: DEFAULT_GROUP@@ruoyi-job@@DEFAULT -> []
10:37:06.828 [main] INFO  o.a.c.h.Http11NioProtocol - [log,173] - Starting ProtocolHandler ["http-nio-9203"]
10:37:06.846 [main] INFO  c.a.n.client.naming - [registerService,97] - [REGISTER-SERVICE] public registering service ruoyi-job with instance Instance{instanceId='null', ip='192.168.145.1', port=9203, weight=1.0, healthy=true, enabled=true, ephemeral=true, clusterName='DEFAULT', serviceName='null', metadata={preserved.register.source=SPRING_CLOUD}}
10:37:06.855 [main] INFO  c.a.c.n.r.NacosServiceRegistry - [register,75] - nacos registry, DEFAULT_GROUP ruoyi-job 192.168.145.1:9203 register finished
10:37:07.370 [nacos-grpc-client-executor-9] INFO  c.a.n.c.r.client - [printIfInfoEnabled,60] - [e176a588-77d7-4243-8811-166e31cde541]receive server push request,request=NotifySubscriberRequest,requestId=5
10:37:07.373 [nacos-grpc-client-executor-9] INFO  c.a.n.client.naming - [isChangedServiceInfo,167] - init new ips(1) service: DEFAULT_GROUP@@ruoyi-job -> [{"ip":"192.168.145.1","port":9203,"weight":1.0,"healthy":true,"enabled":true,"ephemeral":true,"clusterName":"DEFAULT","serviceName":"DEFAULT_GROUP@@ruoyi-job","metadata":{"preserved.register.source":"SPRING_CLOUD"},"instanceHeartBeatTimeOut":15000,"ipDeleteTimeout":30000,"instanceHeartBeatInterval":5000}]
10:37:07.375 [nacos-grpc-client-executor-9] INFO  c.a.n.client.naming - [processServiceInfo,152] - current ips:(1) service: DEFAULT_GROUP@@ruoyi-job -> [{"ip":"192.168.145.1","port":9203,"weight":1.0,"healthy":true,"enabled":true,"ephemeral":true,"clusterName":"DEFAULT","serviceName":"DEFAULT_GROUP@@ruoyi-job","metadata":{"preserved.register.source":"SPRING_CLOUD"},"instanceHeartBeatTimeOut":15000,"ipDeleteTimeout":30000,"instanceHeartBeatInterval":5000}]
10:37:07.376 [nacos-grpc-client-executor-9] INFO  c.a.n.c.r.client - [printIfInfoEnabled,60] - [e176a588-77d7-4243-8811-166e31cde541]ack server push request,request=NotifySubscriberRequest,requestId=5
10:37:07.401 [main] INFO  s.d.s.w.p.DocumentationPluginsBootstrapper - [start,160] - Context refreshed
10:37:07.415 [main] INFO  s.d.s.w.p.DocumentationPluginsBootstrapper - [start,163] - Found 1 custom documentation plugin(s)
10:37:07.452 [main] INFO  s.d.s.w.s.ApiListingReferenceScanner - [scan,41] - Scanning for api listing references
10:37:07.608 [main] INFO  s.d.s.w.r.o.CachingOperationNameGenerator - [startingWith,40] - Generating unique operation named: exportUsingPOST_1
10:37:07.610 [main] INFO  s.d.s.w.r.o.CachingOperationNameGenerator - [startingWith,40] - Generating unique operation named: getInfoUsingGET_1
10:37:07.613 [main] INFO  s.d.s.w.r.o.CachingOperationNameGenerator - [startingWith,40] - Generating unique operation named: listUsingGET_1
10:37:07.615 [main] INFO  s.d.s.w.r.o.CachingOperationNameGenerator - [startingWith,40] - Generating unique operation named: removeUsingDELETE_1
10:37:07.641 [main] INFO  c.r.j.JzJobApplication - [logStarted,61] - Started JzJobApplication in 19.632 seconds (JVM running for 21.219)
10:37:07.656 [main] INFO  c.a.n.c.c.i.ClientWorker - [addCacheDataIfAbsent,346] - [config_rpc_client] [subscribe] ruoyi-job+DEFAULT_GROUP
10:37:07.657 [main] INFO  c.a.n.c.c.i.CacheData - [addListener,128] - [config_rpc_client] [add-listener] ok, tenant=, dataId=ruoyi-job, group=DEFAULT_GROUP, cnt=1
10:37:07.659 [main] INFO  c.a.n.c.c.i.ClientWorker - [addCacheDataIfAbsent,346] - [config_rpc_client] [subscribe] ruoyi-job-dev.yml+DEFAULT_GROUP
10:37:07.659 [main] INFO  c.a.n.c.c.i.CacheData - [addListener,128] - [config_rpc_client] [add-listener] ok, tenant=, dataId=ruoyi-job-dev.yml, group=DEFAULT_GROUP, cnt=1
10:37:07.659 [main] INFO  c.a.n.c.c.i.ClientWorker - [addCacheDataIfAbsent,346] - [config_rpc_client] [subscribe] ruoyi-job.yml+DEFAULT_GROUP
10:37:07.659 [main] INFO  c.a.n.c.c.i.CacheData - [addListener,128] - [config_rpc_client] [add-listener] ok, tenant=, dataId=ruoyi-job.yml, group=DEFAULT_GROUP, cnt=1
10:37:07.769 [http-nio-9203-exec-1] INFO  o.a.c.c.C.[.[.[/] - [log,173] - Initializing Spring DispatcherServlet 'dispatcherServlet'
10:37:07.842 [com.alibaba.nacos.client.naming.updater.0] INFO  c.a.n.client.naming - [isChangedServiceInfo,221] - new ips(1) service: DEFAULT_GROUP@@ruoyi-job@@DEFAULT -> [{"ip":"192.168.145.1","port":9203,"weight":1.0,"healthy":true,"enabled":true,"ephemeral":true,"clusterName":"DEFAULT","serviceName":"DEFAULT_GROUP@@ruoyi-job","metadata":{"preserved.register.source":"SPRING_CLOUD"},"instanceHeartBeatTimeOut":15000,"ipDeleteTimeout":30000,"instanceHeartBeatInterval":5000}]
10:37:07.844 [com.alibaba.nacos.client.naming.updater.0] INFO  c.a.n.client.naming - [processServiceInfo,152] - current ips:(1) service: DEFAULT_GROUP@@ruoyi-job@@DEFAULT -> [{"ip":"192.168.145.1","port":9203,"weight":1.0,"healthy":true,"enabled":true,"ephemeral":true,"clusterName":"DEFAULT","serviceName":"DEFAULT_GROUP@@ruoyi-job","metadata":{"preserved.register.source":"SPRING_CLOUD"},"instanceHeartBeatTimeOut":15000,"ipDeleteTimeout":30000,"instanceHeartBeatInterval":5000}]
10:37:08.642 [Quartz Scheduler [RuoyiScheduler]] INFO  o.q.c.QuartzScheduler - [start,547] - Scheduler RuoyiScheduler_$_jz1687919820662 started.
