09:36:34.758 [background-preinit] INFO  o.h.v.i.util.Version - [<clinit>,21] - HV000001: Hibernate Validator 6.2.0.Final
09:36:35.277 [main] INFO  c.a.n.c.c.i.LocalConfigInfoProcessor - [<clinit>,212] - LOCAL_SNAPSHOT_PATH:C:\Users\jzgar\nacos\config
09:36:35.305 [main] INFO  o.r.Reflections - [scan,232] - Reflections took 16 ms to scan 1 urls, producing 3 keys and 6 values 
09:36:35.321 [main] INFO  o.r.Reflections - [scan,232] - Reflections took 7 ms to scan 1 urls, producing 4 keys and 9 values 
09:36:35.328 [main] INFO  o.r.Reflections - [scan,232] - Reflections took 5 ms to scan 1 urls, producing 3 keys and 10 values 
09:36:35.430 [main] INFO  o.r.Reflections - [scan,232] - Reflections took 100 ms to scan 204 urls, producing 0 keys and 0 values 
09:36:35.436 [main] INFO  o.r.Reflections - [scan,232] - Reflections took 5 ms to scan 1 urls, producing 1 keys and 5 values 
09:36:35.442 [main] INFO  o.r.Reflections - [scan,232] - Reflections took 5 ms to scan 1 urls, producing 1 keys and 7 values 
09:36:35.451 [main] INFO  o.r.Reflections - [scan,232] - Reflections took 8 ms to scan 1 urls, producing 2 keys and 8 values 
09:36:35.536 [main] INFO  o.r.Reflections - [scan,232] - Reflections took 85 ms to scan 204 urls, producing 0 keys and 0 values 
09:36:35.538 [main] INFO  c.a.n.c.r.client - [printIfInfoEnabled,60] - [config-0-961da64d-3ed3-4ef1-a308-f3eda04db41c]RpcClient init label, labels={module=config, Vipserver-Tag=null, source=sdk, Amory-Tag=null, Location-Tag=null, taskId=0, AppName=unknown}
09:36:35.538 [main] INFO  c.a.n.c.r.client - [printIfInfoEnabled,60] - [config-0-961da64d-3ed3-4ef1-a308-f3eda04db41c]Register server push request handler:com.alibaba.nacos.client.config.impl.ClientWorker$ConfigRpcTransportClient$$Lambda$324/1220759559
09:36:35.540 [main] INFO  c.a.n.c.r.client - [printIfInfoEnabled,60] - [config-0-961da64d-3ed3-4ef1-a308-f3eda04db41c]Register server push request handler:com.alibaba.nacos.client.config.impl.ClientWorker$ConfigRpcTransportClient$$Lambda$325/1923634801
09:36:35.540 [main] INFO  c.a.n.c.r.client - [printIfInfoEnabled,60] - [config-0-961da64d-3ed3-4ef1-a308-f3eda04db41c]Registry connection listener to current client:com.alibaba.nacos.client.config.impl.ClientWorker$ConfigRpcTransportClient$1
09:36:35.540 [main] INFO  c.a.n.c.r.client - [printIfInfoEnabled,60] - [config-0-961da64d-3ed3-4ef1-a308-f3eda04db41c]RpcClient init, ServerListFactory =com.alibaba.nacos.client.config.impl.ClientWorker$ConfigRpcTransportClient$2
09:36:35.541 [main] INFO  c.a.n.c.r.client - [printIfInfoEnabled,60] - [config-0-961da64d-3ed3-4ef1-a308-f3eda04db41c] Try to connect to server on start up, server: {serverIp='127.0.0.1', server main port=8848}
09:36:36.492 [main] INFO  c.a.n.c.r.client - [printIfInfoEnabled,60] - [config-0-961da64d-3ed3-4ef1-a308-f3eda04db41c] Success to connect to server [127.0.0.1:8848] on start up,connectionId=1687656996301_127.0.0.1_50247
09:36:36.493 [com.alibaba.nacos.client.remote.worker] INFO  c.a.n.c.r.client - [printIfInfoEnabled,60] - [config-0-961da64d-3ed3-4ef1-a308-f3eda04db41c]Notify connected event to listeners.
09:36:36.493 [main] INFO  c.a.n.c.r.client - [printIfInfoEnabled,60] - [config-0-961da64d-3ed3-4ef1-a308-f3eda04db41c]Register server push request handler:com.alibaba.nacos.common.remote.client.RpcClient$ConnectResetRequestHandler
09:36:36.493 [com.alibaba.nacos.client.remote.worker] INFO  c.a.n.c.c.i.ClientWorker - [onConnected,625] - [config-0-961da64d-3ed3-4ef1-a308-f3eda04db41c] Connected,notify listen context...
09:36:36.494 [main] INFO  c.a.n.c.r.client - [printIfInfoEnabled,60] - [config-0-961da64d-3ed3-4ef1-a308-f3eda04db41c]Register server push request handler:com.alibaba.nacos.common.remote.client.RpcClient$4
09:36:36.525 [main] INFO  c.a.n.c.c.i.Limiter - [<clinit>,54] - limitTime:5.0
09:36:36.534 [main] INFO  c.a.n.c.c.u.JvmUtil - [<clinit>,49] - isMultiInstance:false
09:36:36.550 [main] INFO  c.r.j.RuoYiJobApplication - [logStartupProfileInfo,667] - The following profiles are active: dev
09:36:37.782 [main] INFO  o.a.c.h.Http11NioProtocol - [log,173] - Initializing ProtocolHandler ["http-nio-9203"]
09:36:37.783 [main] INFO  o.a.c.c.StandardService - [log,173] - Starting service [Tomcat]
09:36:37.783 [main] INFO  o.a.c.c.StandardEngine - [log,173] - Starting Servlet engine: [Apache Tomcat/9.0.46]
09:36:37.868 [main] INFO  o.a.c.c.C.[.[.[/] - [log,173] - Initializing Spring embedded WebApplicationContext
09:36:37.968 [main] INFO  o.q.i.StdSchedulerFactory - [instantiate,1220] - Using default implementation for ThreadExecutor
09:36:37.975 [main] INFO  o.q.c.SchedulerSignalerImpl - [<init>,61] - Initialized Scheduler Signaller of type: class org.quartz.core.SchedulerSignalerImpl
09:36:37.975 [main] INFO  o.q.c.QuartzScheduler - [<init>,229] - Quartz Scheduler v.2.3.2 created.
09:36:37.978 [main] INFO  c.z.h.HikariDataSource - [getConnection,110] - HikariPool-1 - Starting...
09:36:38.037 [main] INFO  c.z.h.HikariDataSource - [getConnection,123] - HikariPool-1 - Start completed.
09:36:38.042 [main] INFO  o.q.c.QuartzScheduler - [initialize,294] - Scheduler meta-data: Quartz Scheduler (v2.3.2) 'RuoyiScheduler' with instanceId 'jz1687656997970'
  Scheduler class: 'org.quartz.core.QuartzScheduler' - running locally.
  NOT STARTED.
  Currently in standby mode.
  Number of jobs executed: 0
  Using thread pool 'org.quartz.simpl.SimpleThreadPool' - with 20 threads.
  Using job-store 'org.springframework.scheduling.quartz.LocalDataSourceJobStore' - which supports persistence. and is clustered.

09:36:38.042 [main] INFO  o.q.i.StdSchedulerFactory - [instantiate,1374] - Quartz scheduler 'RuoyiScheduler' initialized from an externally provided properties instance.
09:36:38.042 [main] INFO  o.q.i.StdSchedulerFactory - [instantiate,1378] - Quartz scheduler version: 2.3.2
09:36:38.043 [main] INFO  o.q.c.QuartzScheduler - [setJobFactory,2293] - JobFactory set to: org.springframework.scheduling.quartz.AdaptableJobFactory@13dc6649
09:36:38.543 [main] INFO  c.a.c.s.SentinelWebAutoConfiguration - [addInterceptors,80] - [Sentinel Starter] register SentinelWebInterceptor with urlPatterns: [/**].
09:36:38.900 [main] INFO  c.a.n.client.naming - [call,65] - initializer namespace from System Property :null
09:36:38.901 [main] INFO  c.a.n.client.naming - [call,74] - initializer namespace from System Environment :null
09:36:38.901 [main] INFO  c.a.n.client.naming - [call,84] - initializer namespace from System Property :null
09:36:38.914 [main] INFO  c.a.n.c.r.client - [printIfInfoEnabled,60] - [61c78495-9300-4ebc-9a3a-68ac7e7a1493]RpcClient init label, labels={module=naming, source=sdk}
09:36:38.914 [main] INFO  c.a.n.c.r.client - [printIfInfoEnabled,60] - [61c78495-9300-4ebc-9a3a-68ac7e7a1493]RpcClient init, ServerListFactory =com.alibaba.nacos.client.naming.core.ServerListManager
09:36:38.915 [main] INFO  c.a.n.c.r.client - [printIfInfoEnabled,60] - [61c78495-9300-4ebc-9a3a-68ac7e7a1493] Try to connect to server on start up, server: {serverIp='127.0.0.1', server main port=8848}
09:36:39.035 [main] INFO  c.a.n.c.r.client - [printIfInfoEnabled,60] - [61c78495-9300-4ebc-9a3a-68ac7e7a1493] Success to connect to server [127.0.0.1:8848] on start up,connectionId=1687656998918_127.0.0.1_50261
09:36:39.036 [main] INFO  c.a.n.c.r.client - [printIfInfoEnabled,60] - [61c78495-9300-4ebc-9a3a-68ac7e7a1493]Register server push request handler:com.alibaba.nacos.common.remote.client.RpcClient$ConnectResetRequestHandler
09:36:39.036 [main] INFO  c.a.n.c.r.client - [printIfInfoEnabled,60] - [61c78495-9300-4ebc-9a3a-68ac7e7a1493]Register server push request handler:com.alibaba.nacos.common.remote.client.RpcClient$4
09:36:39.037 [main] INFO  c.a.n.c.r.client - [printIfInfoEnabled,60] - [61c78495-9300-4ebc-9a3a-68ac7e7a1493]Register server push request handler:com.alibaba.nacos.client.naming.remote.gprc.NamingPushRequestHandler
09:36:39.037 [main] INFO  c.a.n.c.r.client - [printIfInfoEnabled,60] - [61c78495-9300-4ebc-9a3a-68ac7e7a1493]Registry connection listener to current client:com.alibaba.nacos.client.naming.remote.gprc.NamingGrpcConnectionEventListener
09:36:39.135 [main] INFO  org.redisson.Version - [logVersion,41] - Redisson 3.13.3
09:36:39.641 [redisson-netty-2-21] INFO  o.r.c.p.MasterPubSubConnectionPool - [lambda$run$0,167] - 1 connections initialized for localhost/127.0.0.1:6379
09:36:39.653 [redisson-netty-2-20] INFO  o.r.c.p.MasterConnectionPool - [lambda$run$0,167] - 24 connections initialized for localhost/127.0.0.1:6379
09:36:39.815 [main] INFO  s.d.s.w.PropertySourcedRequestMappingHandlerMapping - [initHandlerMethods,69] - Mapped URL path [/v2/api-docs] onto method [springfox.documentation.swagger2.web.Swagger2Controller#getDocumentation(String, HttpServletRequest)]
09:36:40.627 [main] INFO  c.a.n.c.i.CredentialWatcher - [loadCredential,165] - null No credential found
09:36:40.638 [main] INFO  c.a.n.client.naming - [isChangedServiceInfo,167] - init new ips(0) service: DEFAULT_GROUP@@ruoyi-job@@DEFAULT -> []
09:36:40.643 [main] INFO  c.a.n.client.naming - [processServiceInfo,152] - current ips:(0) service: DEFAULT_GROUP@@ruoyi-job@@DEFAULT -> []
09:36:40.648 [main] INFO  o.a.c.h.Http11NioProtocol - [log,173] - Starting ProtocolHandler ["http-nio-9203"]
09:36:40.657 [main] INFO  c.a.n.client.naming - [registerService,97] - [REGISTER-SERVICE] public registering service ruoyi-job with instance Instance{instanceId='null', ip='192.168.145.1', port=9203, weight=1.0, healthy=true, enabled=true, ephemeral=true, clusterName='DEFAULT', serviceName='null', metadata={preserved.register.source=SPRING_CLOUD}}
09:36:40.660 [main] INFO  c.a.c.n.r.NacosServiceRegistry - [register,75] - nacos registry, DEFAULT_GROUP ruoyi-job 192.168.145.1:9203 register finished
09:36:40.902 [main] INFO  s.d.s.w.p.DocumentationPluginsBootstrapper - [start,160] - Context refreshed
09:36:40.910 [main] INFO  s.d.s.w.p.DocumentationPluginsBootstrapper - [start,163] - Found 1 custom documentation plugin(s)
09:36:40.934 [main] INFO  s.d.s.w.s.ApiListingReferenceScanner - [scan,41] - Scanning for api listing references
09:36:41.007 [main] INFO  s.d.s.w.r.o.CachingOperationNameGenerator - [startingWith,40] - Generating unique operation named: exportUsingPOST_1
09:36:41.008 [main] INFO  s.d.s.w.r.o.CachingOperationNameGenerator - [startingWith,40] - Generating unique operation named: getInfoUsingGET_1
09:36:41.009 [main] INFO  s.d.s.w.r.o.CachingOperationNameGenerator - [startingWith,40] - Generating unique operation named: listUsingGET_1
09:36:41.010 [main] INFO  s.d.s.w.r.o.CachingOperationNameGenerator - [startingWith,40] - Generating unique operation named: removeUsingDELETE_1
09:36:41.023 [main] INFO  c.r.j.RuoYiJobApplication - [logStarted,61] - Started RuoYiJobApplication in 6.936 seconds (JVM running for 7.744)
09:36:41.029 [main] INFO  c.a.n.c.c.i.ClientWorker - [addCacheDataIfAbsent,346] - [config_rpc_client] [subscribe] ruoyi-job+DEFAULT_GROUP
09:36:41.029 [main] INFO  c.a.n.c.c.i.CacheData - [addListener,128] - [config_rpc_client] [add-listener] ok, tenant=, dataId=ruoyi-job, group=DEFAULT_GROUP, cnt=1
09:36:41.030 [main] INFO  c.a.n.c.c.i.ClientWorker - [addCacheDataIfAbsent,346] - [config_rpc_client] [subscribe] ruoyi-job-dev.yml+DEFAULT_GROUP
09:36:41.030 [main] INFO  c.a.n.c.c.i.CacheData - [addListener,128] - [config_rpc_client] [add-listener] ok, tenant=, dataId=ruoyi-job-dev.yml, group=DEFAULT_GROUP, cnt=1
09:36:41.030 [main] INFO  c.a.n.c.c.i.ClientWorker - [addCacheDataIfAbsent,346] - [config_rpc_client] [subscribe] ruoyi-job.yml+DEFAULT_GROUP
09:36:41.030 [main] INFO  c.a.n.c.c.i.CacheData - [addListener,128] - [config_rpc_client] [add-listener] ok, tenant=, dataId=ruoyi-job.yml, group=DEFAULT_GROUP, cnt=1
09:36:41.245 [nacos-grpc-client-executor-7] INFO  c.a.n.c.r.client - [printIfInfoEnabled,60] - [61c78495-9300-4ebc-9a3a-68ac7e7a1493]receive server push request,request=NotifySubscriberRequest,requestId=14
09:36:41.247 [nacos-grpc-client-executor-7] INFO  c.a.n.client.naming - [isChangedServiceInfo,167] - init new ips(1) service: DEFAULT_GROUP@@ruoyi-job -> [{"ip":"192.168.145.1","port":9203,"weight":1.0,"healthy":true,"enabled":true,"ephemeral":true,"clusterName":"DEFAULT","serviceName":"DEFAULT_GROUP@@ruoyi-job","metadata":{"preserved.register.source":"SPRING_CLOUD"},"ipDeleteTimeout":30000,"instanceHeartBeatInterval":5000,"instanceHeartBeatTimeOut":15000}]
09:36:41.248 [nacos-grpc-client-executor-7] INFO  c.a.n.client.naming - [processServiceInfo,152] - current ips:(1) service: DEFAULT_GROUP@@ruoyi-job -> [{"ip":"192.168.145.1","port":9203,"weight":1.0,"healthy":true,"enabled":true,"ephemeral":true,"clusterName":"DEFAULT","serviceName":"DEFAULT_GROUP@@ruoyi-job","metadata":{"preserved.register.source":"SPRING_CLOUD"},"ipDeleteTimeout":30000,"instanceHeartBeatInterval":5000,"instanceHeartBeatTimeOut":15000}]
09:36:41.249 [nacos-grpc-client-executor-7] INFO  c.a.n.c.r.client - [printIfInfoEnabled,60] - [61c78495-9300-4ebc-9a3a-68ac7e7a1493]ack server push request,request=NotifySubscriberRequest,requestId=14
09:36:41.588 [RMI TCP Connection(4)-192.168.3.237] INFO  o.a.c.c.C.[.[.[/] - [log,173] - Initializing Spring DispatcherServlet 'dispatcherServlet'
09:36:41.643 [com.alibaba.nacos.client.naming.updater.0] INFO  c.a.n.client.naming - [isChangedServiceInfo,221] - new ips(1) service: DEFAULT_GROUP@@ruoyi-job@@DEFAULT -> [{"ip":"192.168.145.1","port":9203,"weight":1.0,"healthy":true,"enabled":true,"ephemeral":true,"clusterName":"DEFAULT","serviceName":"DEFAULT_GROUP@@ruoyi-job","metadata":{"preserved.register.source":"SPRING_CLOUD"},"ipDeleteTimeout":30000,"instanceHeartBeatInterval":5000,"instanceHeartBeatTimeOut":15000}]
09:36:41.643 [com.alibaba.nacos.client.naming.updater.0] INFO  c.a.n.client.naming - [processServiceInfo,152] - current ips:(1) service: DEFAULT_GROUP@@ruoyi-job@@DEFAULT -> [{"ip":"192.168.145.1","port":9203,"weight":1.0,"healthy":true,"enabled":true,"ephemeral":true,"clusterName":"DEFAULT","serviceName":"DEFAULT_GROUP@@ruoyi-job","metadata":{"preserved.register.source":"SPRING_CLOUD"},"ipDeleteTimeout":30000,"instanceHeartBeatInterval":5000,"instanceHeartBeatTimeOut":15000}]
09:36:42.033 [Quartz Scheduler [RuoyiScheduler]] INFO  o.q.c.QuartzScheduler - [start,547] - Scheduler RuoyiScheduler_$_jz1687656997970 started.
10:28:46.357 [background-preinit] INFO  o.h.v.i.util.Version - [<clinit>,21] - HV000001: Hibernate Validator 6.2.0.Final
10:28:46.810 [main] INFO  c.a.n.c.c.i.LocalConfigInfoProcessor - [<clinit>,212] - LOCAL_SNAPSHOT_PATH:C:\Users\jzgar\nacos\config
10:28:46.832 [main] INFO  o.r.Reflections - [scan,232] - Reflections took 13 ms to scan 1 urls, producing 3 keys and 6 values 
10:28:46.844 [main] INFO  o.r.Reflections - [scan,232] - Reflections took 7 ms to scan 1 urls, producing 4 keys and 9 values 
10:28:46.850 [main] INFO  o.r.Reflections - [scan,232] - Reflections took 5 ms to scan 1 urls, producing 3 keys and 10 values 
10:28:46.948 [main] INFO  o.r.Reflections - [scan,232] - Reflections took 96 ms to scan 204 urls, producing 0 keys and 0 values 
10:28:46.953 [main] INFO  o.r.Reflections - [scan,232] - Reflections took 5 ms to scan 1 urls, producing 1 keys and 5 values 
10:28:46.960 [main] INFO  o.r.Reflections - [scan,232] - Reflections took 6 ms to scan 1 urls, producing 1 keys and 7 values 
10:28:46.967 [main] INFO  o.r.Reflections - [scan,232] - Reflections took 6 ms to scan 1 urls, producing 2 keys and 8 values 
10:28:47.054 [main] INFO  o.r.Reflections - [scan,232] - Reflections took 85 ms to scan 204 urls, producing 0 keys and 0 values 
10:28:47.055 [main] INFO  c.a.n.c.r.client - [printIfInfoEnabled,60] - [config-0-6a15a7d2-5fbe-4bcb-8740-a7ebef722614]RpcClient init label, labels={module=config, Vipserver-Tag=null, source=sdk, Amory-Tag=null, Location-Tag=null, taskId=0, AppName=unknown}
10:28:47.055 [main] INFO  c.a.n.c.r.client - [printIfInfoEnabled,60] - [config-0-6a15a7d2-5fbe-4bcb-8740-a7ebef722614]Register server push request handler:com.alibaba.nacos.client.config.impl.ClientWorker$ConfigRpcTransportClient$$Lambda$324/1730337646
10:28:47.055 [main] INFO  c.a.n.c.r.client - [printIfInfoEnabled,60] - [config-0-6a15a7d2-5fbe-4bcb-8740-a7ebef722614]Register server push request handler:com.alibaba.nacos.client.config.impl.ClientWorker$ConfigRpcTransportClient$$Lambda$325/418513504
10:28:47.056 [main] INFO  c.a.n.c.r.client - [printIfInfoEnabled,60] - [config-0-6a15a7d2-5fbe-4bcb-8740-a7ebef722614]Registry connection listener to current client:com.alibaba.nacos.client.config.impl.ClientWorker$ConfigRpcTransportClient$1
10:28:47.056 [main] INFO  c.a.n.c.r.client - [printIfInfoEnabled,60] - [config-0-6a15a7d2-5fbe-4bcb-8740-a7ebef722614]RpcClient init, ServerListFactory =com.alibaba.nacos.client.config.impl.ClientWorker$ConfigRpcTransportClient$2
10:28:47.057 [main] INFO  c.a.n.c.r.client - [printIfInfoEnabled,60] - [config-0-6a15a7d2-5fbe-4bcb-8740-a7ebef722614] Try to connect to server on start up, server: {serverIp='127.0.0.1', server main port=8848}
10:28:47.877 [main] INFO  c.a.n.c.r.client - [printIfInfoEnabled,60] - [config-0-6a15a7d2-5fbe-4bcb-8740-a7ebef722614] Success to connect to server [127.0.0.1:8848] on start up,connectionId=1687660127698_127.0.0.1_58949
10:28:47.878 [com.alibaba.nacos.client.remote.worker] INFO  c.a.n.c.r.client - [printIfInfoEnabled,60] - [config-0-6a15a7d2-5fbe-4bcb-8740-a7ebef722614]Notify connected event to listeners.
10:28:47.878 [main] INFO  c.a.n.c.r.client - [printIfInfoEnabled,60] - [config-0-6a15a7d2-5fbe-4bcb-8740-a7ebef722614]Register server push request handler:com.alibaba.nacos.common.remote.client.RpcClient$ConnectResetRequestHandler
10:28:47.879 [com.alibaba.nacos.client.remote.worker] INFO  c.a.n.c.c.i.ClientWorker - [onConnected,625] - [config-0-6a15a7d2-5fbe-4bcb-8740-a7ebef722614] Connected,notify listen context...
10:28:47.879 [main] INFO  c.a.n.c.r.client - [printIfInfoEnabled,60] - [config-0-6a15a7d2-5fbe-4bcb-8740-a7ebef722614]Register server push request handler:com.alibaba.nacos.common.remote.client.RpcClient$4
10:28:47.898 [main] INFO  c.a.n.c.c.i.Limiter - [<clinit>,54] - limitTime:5.0
10:28:47.907 [main] INFO  c.a.n.c.c.u.JvmUtil - [<clinit>,49] - isMultiInstance:false
10:28:47.923 [main] INFO  c.r.j.JzJobApplication - [logStartupProfileInfo,667] - The following profiles are active: dev
10:28:48.988 [main] INFO  o.a.c.h.Http11NioProtocol - [log,173] - Initializing ProtocolHandler ["http-nio-9203"]
10:28:48.989 [main] INFO  o.a.c.c.StandardService - [log,173] - Starting service [Tomcat]
10:28:48.989 [main] INFO  o.a.c.c.StandardEngine - [log,173] - Starting Servlet engine: [Apache Tomcat/9.0.46]
10:28:49.076 [main] INFO  o.a.c.c.C.[.[.[/] - [log,173] - Initializing Spring embedded WebApplicationContext
10:28:49.169 [main] INFO  o.q.i.StdSchedulerFactory - [instantiate,1220] - Using default implementation for ThreadExecutor
10:28:49.174 [main] INFO  o.q.c.SchedulerSignalerImpl - [<init>,61] - Initialized Scheduler Signaller of type: class org.quartz.core.SchedulerSignalerImpl
10:28:49.174 [main] INFO  o.q.c.QuartzScheduler - [<init>,229] - Quartz Scheduler v.2.3.2 created.
10:28:49.178 [main] INFO  c.z.h.HikariDataSource - [getConnection,110] - HikariPool-1 - Starting...
10:28:49.234 [main] INFO  c.z.h.HikariDataSource - [getConnection,123] - HikariPool-1 - Start completed.
10:28:49.240 [main] INFO  o.q.c.QuartzScheduler - [initialize,294] - Scheduler meta-data: Quartz Scheduler (v2.3.2) 'RuoyiScheduler' with instanceId 'jz1687660129170'
  Scheduler class: 'org.quartz.core.QuartzScheduler' - running locally.
  NOT STARTED.
  Currently in standby mode.
  Number of jobs executed: 0
  Using thread pool 'org.quartz.simpl.SimpleThreadPool' - with 20 threads.
  Using job-store 'org.springframework.scheduling.quartz.LocalDataSourceJobStore' - which supports persistence. and is clustered.

10:28:49.240 [main] INFO  o.q.i.StdSchedulerFactory - [instantiate,1374] - Quartz scheduler 'RuoyiScheduler' initialized from an externally provided properties instance.
10:28:49.240 [main] INFO  o.q.i.StdSchedulerFactory - [instantiate,1378] - Quartz scheduler version: 2.3.2
10:28:49.241 [main] INFO  o.q.c.QuartzScheduler - [setJobFactory,2293] - JobFactory set to: org.springframework.scheduling.quartz.AdaptableJobFactory@250a946
10:28:49.730 [main] INFO  c.a.c.s.SentinelWebAutoConfiguration - [addInterceptors,80] - [Sentinel Starter] register SentinelWebInterceptor with urlPatterns: [/**].
10:28:50.029 [main] INFO  c.a.n.client.naming - [call,65] - initializer namespace from System Property :null
10:28:50.030 [main] INFO  c.a.n.client.naming - [call,74] - initializer namespace from System Environment :null
10:28:50.030 [main] INFO  c.a.n.client.naming - [call,84] - initializer namespace from System Property :null
10:28:50.040 [main] INFO  c.a.n.c.r.client - [printIfInfoEnabled,60] - [31136e08-3d27-4fb9-8886-6d4db12f1211]RpcClient init label, labels={module=naming, source=sdk}
10:28:50.040 [main] INFO  c.a.n.c.r.client - [printIfInfoEnabled,60] - [31136e08-3d27-4fb9-8886-6d4db12f1211]RpcClient init, ServerListFactory =com.alibaba.nacos.client.naming.core.ServerListManager
10:28:50.041 [main] INFO  c.a.n.c.r.client - [printIfInfoEnabled,60] - [31136e08-3d27-4fb9-8886-6d4db12f1211] Try to connect to server on start up, server: {serverIp='127.0.0.1', server main port=8848}
10:28:50.154 [main] INFO  c.a.n.c.r.client - [printIfInfoEnabled,60] - [31136e08-3d27-4fb9-8886-6d4db12f1211] Success to connect to server [127.0.0.1:8848] on start up,connectionId=1687660130045_127.0.0.1_58961
10:28:50.156 [main] INFO  c.a.n.c.r.client - [printIfInfoEnabled,60] - [31136e08-3d27-4fb9-8886-6d4db12f1211]Register server push request handler:com.alibaba.nacos.common.remote.client.RpcClient$ConnectResetRequestHandler
10:28:50.156 [main] INFO  c.a.n.c.r.client - [printIfInfoEnabled,60] - [31136e08-3d27-4fb9-8886-6d4db12f1211]Register server push request handler:com.alibaba.nacos.common.remote.client.RpcClient$4
10:28:50.157 [main] INFO  c.a.n.c.r.client - [printIfInfoEnabled,60] - [31136e08-3d27-4fb9-8886-6d4db12f1211]Register server push request handler:com.alibaba.nacos.client.naming.remote.gprc.NamingPushRequestHandler
10:28:50.158 [main] INFO  c.a.n.c.r.client - [printIfInfoEnabled,60] - [31136e08-3d27-4fb9-8886-6d4db12f1211]Registry connection listener to current client:com.alibaba.nacos.client.naming.remote.gprc.NamingGrpcConnectionEventListener
10:28:50.236 [main] INFO  org.redisson.Version - [logVersion,41] - Redisson 3.13.3
10:28:50.748 [redisson-netty-2-20] INFO  o.r.c.p.MasterPubSubConnectionPool - [lambda$run$0,167] - 1 connections initialized for localhost/127.0.0.1:6379
10:28:50.760 [redisson-netty-2-19] INFO  o.r.c.p.MasterConnectionPool - [lambda$run$0,167] - 24 connections initialized for localhost/127.0.0.1:6379
10:28:50.925 [main] INFO  s.d.s.w.PropertySourcedRequestMappingHandlerMapping - [initHandlerMethods,69] - Mapped URL path [/v2/api-docs] onto method [springfox.documentation.swagger2.web.Swagger2Controller#getDocumentation(String, HttpServletRequest)]
10:28:51.761 [main] INFO  c.a.n.c.i.CredentialWatcher - [loadCredential,165] - null No credential found
10:28:51.771 [main] INFO  c.a.n.client.naming - [isChangedServiceInfo,167] - init new ips(0) service: DEFAULT_GROUP@@ruoyi-job@@DEFAULT -> []
10:28:51.776 [main] INFO  c.a.n.client.naming - [processServiceInfo,152] - current ips:(0) service: DEFAULT_GROUP@@ruoyi-job@@DEFAULT -> []
10:28:51.787 [main] INFO  o.a.c.h.Http11NioProtocol - [log,173] - Starting ProtocolHandler ["http-nio-9203"]
10:28:51.797 [main] INFO  c.a.n.client.naming - [registerService,97] - [REGISTER-SERVICE] public registering service ruoyi-job with instance Instance{instanceId='null', ip='192.168.145.1', port=9203, weight=1.0, healthy=true, enabled=true, ephemeral=true, clusterName='DEFAULT', serviceName='null', metadata={preserved.register.source=SPRING_CLOUD}}
10:28:51.802 [main] INFO  c.a.c.n.r.NacosServiceRegistry - [register,75] - nacos registry, DEFAULT_GROUP ruoyi-job 192.168.145.1:9203 register finished
10:28:52.033 [main] INFO  s.d.s.w.p.DocumentationPluginsBootstrapper - [start,160] - Context refreshed
10:28:52.041 [main] INFO  s.d.s.w.p.DocumentationPluginsBootstrapper - [start,163] - Found 1 custom documentation plugin(s)
10:28:52.063 [main] INFO  s.d.s.w.s.ApiListingReferenceScanner - [scan,41] - Scanning for api listing references
10:28:52.132 [main] INFO  s.d.s.w.r.o.CachingOperationNameGenerator - [startingWith,40] - Generating unique operation named: exportUsingPOST_1
10:28:52.133 [main] INFO  s.d.s.w.r.o.CachingOperationNameGenerator - [startingWith,40] - Generating unique operation named: getInfoUsingGET_1
10:28:52.134 [main] INFO  s.d.s.w.r.o.CachingOperationNameGenerator - [startingWith,40] - Generating unique operation named: listUsingGET_1
10:28:52.135 [main] INFO  s.d.s.w.r.o.CachingOperationNameGenerator - [startingWith,40] - Generating unique operation named: removeUsingDELETE_1
10:28:52.147 [main] INFO  c.r.j.JzJobApplication - [logStarted,61] - Started JzJobApplication in 6.358 seconds (JVM running for 7.098)
10:28:52.152 [main] INFO  c.a.n.c.c.i.ClientWorker - [addCacheDataIfAbsent,346] - [config_rpc_client] [subscribe] ruoyi-job+DEFAULT_GROUP
10:28:52.153 [main] INFO  c.a.n.c.c.i.CacheData - [addListener,128] - [config_rpc_client] [add-listener] ok, tenant=, dataId=ruoyi-job, group=DEFAULT_GROUP, cnt=1
10:28:52.153 [main] INFO  c.a.n.c.c.i.ClientWorker - [addCacheDataIfAbsent,346] - [config_rpc_client] [subscribe] ruoyi-job-dev.yml+DEFAULT_GROUP
10:28:52.154 [main] INFO  c.a.n.c.c.i.CacheData - [addListener,128] - [config_rpc_client] [add-listener] ok, tenant=, dataId=ruoyi-job-dev.yml, group=DEFAULT_GROUP, cnt=1
10:28:52.154 [main] INFO  c.a.n.c.c.i.ClientWorker - [addCacheDataIfAbsent,346] - [config_rpc_client] [subscribe] ruoyi-job.yml+DEFAULT_GROUP
10:28:52.154 [main] INFO  c.a.n.c.c.i.CacheData - [addListener,128] - [config_rpc_client] [add-listener] ok, tenant=, dataId=ruoyi-job.yml, group=DEFAULT_GROUP, cnt=1
10:28:52.284 [nacos-grpc-client-executor-5] INFO  c.a.n.c.r.client - [printIfInfoEnabled,60] - [31136e08-3d27-4fb9-8886-6d4db12f1211]receive server push request,request=NotifySubscriberRequest,requestId=27
10:28:52.286 [nacos-grpc-client-executor-5] INFO  c.a.n.client.naming - [isChangedServiceInfo,167] - init new ips(1) service: DEFAULT_GROUP@@ruoyi-job -> [{"ip":"192.168.145.1","port":9203,"weight":1.0,"healthy":true,"enabled":true,"ephemeral":true,"clusterName":"DEFAULT","serviceName":"DEFAULT_GROUP@@ruoyi-job","metadata":{"preserved.register.source":"SPRING_CLOUD"},"ipDeleteTimeout":30000,"instanceHeartBeatInterval":5000,"instanceHeartBeatTimeOut":15000}]
10:28:52.286 [nacos-grpc-client-executor-5] INFO  c.a.n.client.naming - [processServiceInfo,152] - current ips:(1) service: DEFAULT_GROUP@@ruoyi-job -> [{"ip":"192.168.145.1","port":9203,"weight":1.0,"healthy":true,"enabled":true,"ephemeral":true,"clusterName":"DEFAULT","serviceName":"DEFAULT_GROUP@@ruoyi-job","metadata":{"preserved.register.source":"SPRING_CLOUD"},"ipDeleteTimeout":30000,"instanceHeartBeatInterval":5000,"instanceHeartBeatTimeOut":15000}]
10:28:52.287 [nacos-grpc-client-executor-5] INFO  c.a.n.c.r.client - [printIfInfoEnabled,60] - [31136e08-3d27-4fb9-8886-6d4db12f1211]ack server push request,request=NotifySubscriberRequest,requestId=27
10:28:52.463 [RMI TCP Connection(2)-192.168.3.237] INFO  o.a.c.c.C.[.[.[/] - [log,173] - Initializing Spring DispatcherServlet 'dispatcherServlet'
10:28:52.780 [com.alibaba.nacos.client.naming.updater.0] INFO  c.a.n.client.naming - [isChangedServiceInfo,221] - new ips(1) service: DEFAULT_GROUP@@ruoyi-job@@DEFAULT -> [{"ip":"192.168.145.1","port":9203,"weight":1.0,"healthy":true,"enabled":true,"ephemeral":true,"clusterName":"DEFAULT","serviceName":"DEFAULT_GROUP@@ruoyi-job","metadata":{"preserved.register.source":"SPRING_CLOUD"},"ipDeleteTimeout":30000,"instanceHeartBeatInterval":5000,"instanceHeartBeatTimeOut":15000}]
10:28:52.780 [com.alibaba.nacos.client.naming.updater.0] INFO  c.a.n.client.naming - [processServiceInfo,152] - current ips:(1) service: DEFAULT_GROUP@@ruoyi-job@@DEFAULT -> [{"ip":"192.168.145.1","port":9203,"weight":1.0,"healthy":true,"enabled":true,"ephemeral":true,"clusterName":"DEFAULT","serviceName":"DEFAULT_GROUP@@ruoyi-job","metadata":{"preserved.register.source":"SPRING_CLOUD"},"ipDeleteTimeout":30000,"instanceHeartBeatInterval":5000,"instanceHeartBeatTimeOut":15000}]
10:28:53.159 [Quartz Scheduler [RuoyiScheduler]] INFO  o.q.c.QuartzScheduler - [start,547] - Scheduler RuoyiScheduler_$_jz1687660129170 started.
14:06:05.520 [nacos-grpc-client-executor-1932] INFO  c.a.n.c.r.client - [printIfInfoEnabled,60] - [31136e08-3d27-4fb9-8886-6d4db12f1211]receive server push request,request=ClientDetectionRequest,requestId=63
14:06:05.532 [nacos-grpc-client-executor-1932] INFO  c.a.n.c.r.client - [printIfInfoEnabled,60] - [31136e08-3d27-4fb9-8886-6d4db12f1211]ack server push request,request=ClientDetectionRequest,requestId=63
14:33:45.540 [background-preinit] INFO  o.h.v.i.util.Version - [<clinit>,21] - HV000001: Hibernate Validator 6.2.0.Final
14:33:47.027 [main] INFO  c.a.n.c.c.i.LocalConfigInfoProcessor - [<clinit>,212] - LOCAL_SNAPSHOT_PATH:C:\Users\jzgar\nacos\config
14:33:47.056 [main] INFO  o.r.Reflections - [scan,232] - Reflections took 17 ms to scan 1 urls, producing 3 keys and 6 values 
14:33:47.079 [main] INFO  o.r.Reflections - [scan,232] - Reflections took 12 ms to scan 1 urls, producing 4 keys and 9 values 
14:33:47.095 [main] INFO  o.r.Reflections - [scan,232] - Reflections took 13 ms to scan 1 urls, producing 3 keys and 10 values 
14:33:47.264 [main] INFO  o.r.Reflections - [scan,232] - Reflections took 165 ms to scan 204 urls, producing 0 keys and 0 values 
14:33:47.279 [main] INFO  o.r.Reflections - [scan,232] - Reflections took 14 ms to scan 1 urls, producing 1 keys and 5 values 
14:33:47.297 [main] INFO  o.r.Reflections - [scan,232] - Reflections took 16 ms to scan 1 urls, producing 1 keys and 7 values 
14:33:47.321 [main] INFO  o.r.Reflections - [scan,232] - Reflections took 21 ms to scan 1 urls, producing 2 keys and 8 values 
14:33:47.547 [main] INFO  o.r.Reflections - [scan,232] - Reflections took 221 ms to scan 204 urls, producing 0 keys and 0 values 
14:33:47.548 [main] INFO  c.a.n.c.r.client - [printIfInfoEnabled,60] - [config-0-0d67e445-4c34-4eb3-bc57-b04d20945973]RpcClient init label, labels={module=config, Vipserver-Tag=null, source=sdk, Amory-Tag=null, Location-Tag=null, taskId=0, AppName=unknown}
14:33:47.549 [main] INFO  c.a.n.c.r.client - [printIfInfoEnabled,60] - [config-0-0d67e445-4c34-4eb3-bc57-b04d20945973]Register server push request handler:com.alibaba.nacos.client.config.impl.ClientWorker$ConfigRpcTransportClient$$Lambda$324/1220759559
14:33:47.550 [main] INFO  c.a.n.c.r.client - [printIfInfoEnabled,60] - [config-0-0d67e445-4c34-4eb3-bc57-b04d20945973]Register server push request handler:com.alibaba.nacos.client.config.impl.ClientWorker$ConfigRpcTransportClient$$Lambda$325/1923634801
14:33:47.550 [main] INFO  c.a.n.c.r.client - [printIfInfoEnabled,60] - [config-0-0d67e445-4c34-4eb3-bc57-b04d20945973]Registry connection listener to current client:com.alibaba.nacos.client.config.impl.ClientWorker$ConfigRpcTransportClient$1
14:33:47.551 [main] INFO  c.a.n.c.r.client - [printIfInfoEnabled,60] - [config-0-0d67e445-4c34-4eb3-bc57-b04d20945973]RpcClient init, ServerListFactory =com.alibaba.nacos.client.config.impl.ClientWorker$ConfigRpcTransportClient$2
14:33:47.554 [main] INFO  c.a.n.c.r.client - [printIfInfoEnabled,60] - [config-0-0d67e445-4c34-4eb3-bc57-b04d20945973] Try to connect to server on start up, server: {serverIp='127.0.0.1', server main port=8848}
14:33:49.568 [main] INFO  c.a.n.c.r.client - [printIfInfoEnabled,60] - [config-0-0d67e445-4c34-4eb3-bc57-b04d20945973] Success to connect to server [127.0.0.1:8848] on start up,connectionId=1687674829301_127.0.0.1_52147
14:33:49.570 [com.alibaba.nacos.client.remote.worker] INFO  c.a.n.c.r.client - [printIfInfoEnabled,60] - [config-0-0d67e445-4c34-4eb3-bc57-b04d20945973]Notify connected event to listeners.
14:33:49.570 [com.alibaba.nacos.client.remote.worker] INFO  c.a.n.c.c.i.ClientWorker - [onConnected,625] - [config-0-0d67e445-4c34-4eb3-bc57-b04d20945973] Connected,notify listen context...
14:33:49.570 [main] INFO  c.a.n.c.r.client - [printIfInfoEnabled,60] - [config-0-0d67e445-4c34-4eb3-bc57-b04d20945973]Register server push request handler:com.alibaba.nacos.common.remote.client.RpcClient$ConnectResetRequestHandler
14:33:49.572 [main] INFO  c.a.n.c.r.client - [printIfInfoEnabled,60] - [config-0-0d67e445-4c34-4eb3-bc57-b04d20945973]Register server push request handler:com.alibaba.nacos.common.remote.client.RpcClient$4
14:33:49.607 [main] INFO  c.a.n.c.c.i.Limiter - [<clinit>,54] - limitTime:5.0
14:33:49.625 [main] INFO  c.a.n.c.c.u.JvmUtil - [<clinit>,49] - isMultiInstance:false
14:33:49.652 [main] INFO  c.r.j.JzJobApplication - [logStartupProfileInfo,667] - The following profiles are active: dev
14:33:51.926 [main] INFO  o.a.c.h.Http11NioProtocol - [log,173] - Initializing ProtocolHandler ["http-nio-9203"]
14:33:51.927 [main] INFO  o.a.c.c.StandardService - [log,173] - Starting service [Tomcat]
14:33:51.927 [main] INFO  o.a.c.c.StandardEngine - [log,173] - Starting Servlet engine: [Apache Tomcat/9.0.46]
14:33:52.119 [main] INFO  o.a.c.c.C.[.[.[/] - [log,173] - Initializing Spring embedded WebApplicationContext
14:33:52.345 [main] INFO  o.q.i.StdSchedulerFactory - [instantiate,1220] - Using default implementation for ThreadExecutor
14:33:52.358 [main] INFO  o.q.c.SchedulerSignalerImpl - [<init>,61] - Initialized Scheduler Signaller of type: class org.quartz.core.SchedulerSignalerImpl
14:33:52.358 [main] INFO  o.q.c.QuartzScheduler - [<init>,229] - Quartz Scheduler v.2.3.2 created.
14:33:52.366 [main] INFO  c.z.h.HikariDataSource - [getConnection,110] - HikariPool-1 - Starting...
14:33:52.527 [main] INFO  c.z.h.HikariDataSource - [getConnection,123] - HikariPool-1 - Start completed.
14:33:52.542 [main] INFO  o.q.c.QuartzScheduler - [initialize,294] - Scheduler meta-data: Quartz Scheduler (v2.3.2) 'RuoyiScheduler' with instanceId 'jz1687674832347'
  Scheduler class: 'org.quartz.core.QuartzScheduler' - running locally.
  NOT STARTED.
  Currently in standby mode.
  Number of jobs executed: 0
  Using thread pool 'org.quartz.simpl.SimpleThreadPool' - with 20 threads.
  Using job-store 'org.springframework.scheduling.quartz.LocalDataSourceJobStore' - which supports persistence. and is clustered.

14:33:52.542 [main] INFO  o.q.i.StdSchedulerFactory - [instantiate,1374] - Quartz scheduler 'RuoyiScheduler' initialized from an externally provided properties instance.
14:33:52.543 [main] INFO  o.q.i.StdSchedulerFactory - [instantiate,1378] - Quartz scheduler version: 2.3.2
14:33:52.545 [main] INFO  o.q.c.QuartzScheduler - [setJobFactory,2293] - JobFactory set to: org.springframework.scheduling.quartz.AdaptableJobFactory@7f2ca6f8
14:33:53.630 [main] INFO  c.a.c.s.SentinelWebAutoConfiguration - [addInterceptors,80] - [Sentinel Starter] register SentinelWebInterceptor with urlPatterns: [/**].
14:33:55.132 [main] INFO  c.a.n.client.naming - [call,65] - initializer namespace from System Property :null
14:33:55.133 [main] INFO  c.a.n.client.naming - [call,74] - initializer namespace from System Environment :null
14:33:55.133 [main] INFO  c.a.n.client.naming - [call,84] - initializer namespace from System Property :null
14:33:55.161 [main] INFO  c.a.n.c.r.client - [printIfInfoEnabled,60] - [08e31777-1a5d-43ed-bc7d-1ed799628d44]RpcClient init label, labels={module=naming, source=sdk}
14:33:55.162 [main] INFO  c.a.n.c.r.client - [printIfInfoEnabled,60] - [08e31777-1a5d-43ed-bc7d-1ed799628d44]RpcClient init, ServerListFactory =com.alibaba.nacos.client.naming.core.ServerListManager
14:33:55.163 [main] INFO  c.a.n.c.r.client - [printIfInfoEnabled,60] - [08e31777-1a5d-43ed-bc7d-1ed799628d44] Try to connect to server on start up, server: {serverIp='127.0.0.1', server main port=8848}
14:33:55.294 [main] INFO  c.a.n.c.r.client - [printIfInfoEnabled,60] - [08e31777-1a5d-43ed-bc7d-1ed799628d44] Success to connect to server [127.0.0.1:8848] on start up,connectionId=1687674835171_127.0.0.1_52438
14:33:55.294 [main] INFO  c.a.n.c.r.client - [printIfInfoEnabled,60] - [08e31777-1a5d-43ed-bc7d-1ed799628d44]Register server push request handler:com.alibaba.nacos.common.remote.client.RpcClient$ConnectResetRequestHandler
14:33:55.295 [main] INFO  c.a.n.c.r.client - [printIfInfoEnabled,60] - [08e31777-1a5d-43ed-bc7d-1ed799628d44]Register server push request handler:com.alibaba.nacos.common.remote.client.RpcClient$4
14:33:55.296 [main] INFO  c.a.n.c.r.client - [printIfInfoEnabled,60] - [08e31777-1a5d-43ed-bc7d-1ed799628d44]Register server push request handler:com.alibaba.nacos.client.naming.remote.gprc.NamingPushRequestHandler
14:33:55.297 [main] INFO  c.a.n.c.r.client - [printIfInfoEnabled,60] - [08e31777-1a5d-43ed-bc7d-1ed799628d44]Registry connection listener to current client:com.alibaba.nacos.client.naming.remote.gprc.NamingGrpcConnectionEventListener
14:33:55.500 [main] INFO  org.redisson.Version - [logVersion,41] - Redisson 3.13.3
14:33:58.013 [redisson-netty-2-15] INFO  o.r.c.p.MasterPubSubConnectionPool - [lambda$run$0,167] - 1 connections initialized for localhost/127.0.0.1:6379
14:33:58.034 [redisson-netty-2-20] INFO  o.r.c.p.MasterConnectionPool - [lambda$run$0,167] - 24 connections initialized for localhost/127.0.0.1:6379
14:33:58.500 [main] INFO  s.d.s.w.PropertySourcedRequestMappingHandlerMapping - [initHandlerMethods,69] - Mapped URL path [/v2/api-docs] onto method [springfox.documentation.swagger2.web.Swagger2Controller#getDocumentation(String, HttpServletRequest)]
14:34:01.125 [main] INFO  c.a.n.c.i.CredentialWatcher - [loadCredential,165] - null No credential found
14:34:01.141 [main] INFO  c.a.n.client.naming - [isChangedServiceInfo,167] - init new ips(0) service: DEFAULT_GROUP@@ruoyi-job@@DEFAULT -> []
14:34:01.152 [main] INFO  c.a.n.client.naming - [processServiceInfo,152] - current ips:(0) service: DEFAULT_GROUP@@ruoyi-job@@DEFAULT -> []
14:34:01.157 [main] INFO  o.a.c.h.Http11NioProtocol - [log,173] - Starting ProtocolHandler ["http-nio-9203"]
14:34:01.173 [main] INFO  c.a.n.client.naming - [registerService,97] - [REGISTER-SERVICE] public registering service ruoyi-job with instance Instance{instanceId='null', ip='192.168.145.1', port=9203, weight=1.0, healthy=true, enabled=true, ephemeral=true, clusterName='DEFAULT', serviceName='null', metadata={preserved.register.source=SPRING_CLOUD}}
14:34:01.180 [main] INFO  c.a.c.n.r.NacosServiceRegistry - [register,75] - nacos registry, DEFAULT_GROUP ruoyi-job 192.168.145.1:9203 register finished
14:34:01.685 [nacos-grpc-client-executor-7] INFO  c.a.n.c.r.client - [printIfInfoEnabled,60] - [08e31777-1a5d-43ed-bc7d-1ed799628d44]receive server push request,request=NotifySubscriberRequest,requestId=103
14:34:01.690 [nacos-grpc-client-executor-7] INFO  c.a.n.client.naming - [isChangedServiceInfo,167] - init new ips(1) service: DEFAULT_GROUP@@ruoyi-job -> [{"ip":"192.168.145.1","port":9203,"weight":1.0,"healthy":true,"enabled":true,"ephemeral":true,"clusterName":"DEFAULT","serviceName":"DEFAULT_GROUP@@ruoyi-job","metadata":{"preserved.register.source":"SPRING_CLOUD"},"instanceHeartBeatInterval":5000,"ipDeleteTimeout":30000,"instanceHeartBeatTimeOut":15000}]
14:34:01.691 [nacos-grpc-client-executor-7] INFO  c.a.n.client.naming - [processServiceInfo,152] - current ips:(1) service: DEFAULT_GROUP@@ruoyi-job -> [{"ip":"192.168.145.1","port":9203,"weight":1.0,"healthy":true,"enabled":true,"ephemeral":true,"clusterName":"DEFAULT","serviceName":"DEFAULT_GROUP@@ruoyi-job","metadata":{"preserved.register.source":"SPRING_CLOUD"},"instanceHeartBeatInterval":5000,"ipDeleteTimeout":30000,"instanceHeartBeatTimeOut":15000}]
14:34:01.692 [nacos-grpc-client-executor-7] INFO  c.a.n.c.r.client - [printIfInfoEnabled,60] - [08e31777-1a5d-43ed-bc7d-1ed799628d44]ack server push request,request=NotifySubscriberRequest,requestId=103
14:34:02.162 [com.alibaba.nacos.client.naming.updater.0] INFO  c.a.n.client.naming - [isChangedServiceInfo,221] - new ips(1) service: DEFAULT_GROUP@@ruoyi-job@@DEFAULT -> [{"ip":"192.168.145.1","port":9203,"weight":1.0,"healthy":true,"enabled":true,"ephemeral":true,"clusterName":"DEFAULT","serviceName":"DEFAULT_GROUP@@ruoyi-job","metadata":{"preserved.register.source":"SPRING_CLOUD"},"instanceHeartBeatInterval":5000,"ipDeleteTimeout":30000,"instanceHeartBeatTimeOut":15000}]
14:34:02.162 [com.alibaba.nacos.client.naming.updater.0] INFO  c.a.n.client.naming - [processServiceInfo,152] - current ips:(1) service: DEFAULT_GROUP@@ruoyi-job@@DEFAULT -> [{"ip":"192.168.145.1","port":9203,"weight":1.0,"healthy":true,"enabled":true,"ephemeral":true,"clusterName":"DEFAULT","serviceName":"DEFAULT_GROUP@@ruoyi-job","metadata":{"preserved.register.source":"SPRING_CLOUD"},"instanceHeartBeatInterval":5000,"ipDeleteTimeout":30000,"instanceHeartBeatTimeOut":15000}]
14:34:02.343 [main] INFO  s.d.s.w.p.DocumentationPluginsBootstrapper - [start,160] - Context refreshed
14:34:02.361 [main] INFO  s.d.s.w.p.DocumentationPluginsBootstrapper - [start,163] - Found 1 custom documentation plugin(s)
14:34:02.413 [main] INFO  s.d.s.w.s.ApiListingReferenceScanner - [scan,41] - Scanning for api listing references
14:34:02.478 [http-nio-9203-exec-1] INFO  o.a.c.c.C.[.[.[/] - [log,173] - Initializing Spring DispatcherServlet 'dispatcherServlet'
14:34:02.584 [main] INFO  s.d.s.w.r.o.CachingOperationNameGenerator - [startingWith,40] - Generating unique operation named: exportUsingPOST_1
14:34:02.586 [main] INFO  s.d.s.w.r.o.CachingOperationNameGenerator - [startingWith,40] - Generating unique operation named: getInfoUsingGET_1
14:34:02.589 [main] INFO  s.d.s.w.r.o.CachingOperationNameGenerator - [startingWith,40] - Generating unique operation named: listUsingGET_1
14:34:02.593 [main] INFO  s.d.s.w.r.o.CachingOperationNameGenerator - [startingWith,40] - Generating unique operation named: removeUsingDELETE_1
14:34:02.625 [main] INFO  c.r.j.JzJobApplication - [logStarted,61] - Started JzJobApplication in 18.146 seconds (JVM running for 19.251)
14:34:02.640 [main] INFO  c.a.n.c.c.i.ClientWorker - [addCacheDataIfAbsent,346] - [config_rpc_client] [subscribe] ruoyi-job+DEFAULT_GROUP
14:34:02.642 [main] INFO  c.a.n.c.c.i.CacheData - [addListener,128] - [config_rpc_client] [add-listener] ok, tenant=, dataId=ruoyi-job, group=DEFAULT_GROUP, cnt=1
14:34:02.643 [main] INFO  c.a.n.c.c.i.ClientWorker - [addCacheDataIfAbsent,346] - [config_rpc_client] [subscribe] ruoyi-job-dev.yml+DEFAULT_GROUP
14:34:02.643 [main] INFO  c.a.n.c.c.i.CacheData - [addListener,128] - [config_rpc_client] [add-listener] ok, tenant=, dataId=ruoyi-job-dev.yml, group=DEFAULT_GROUP, cnt=1
14:34:02.644 [main] INFO  c.a.n.c.c.i.ClientWorker - [addCacheDataIfAbsent,346] - [config_rpc_client] [subscribe] ruoyi-job.yml+DEFAULT_GROUP
14:34:02.644 [main] INFO  c.a.n.c.c.i.CacheData - [addListener,128] - [config_rpc_client] [add-listener] ok, tenant=, dataId=ruoyi-job.yml, group=DEFAULT_GROUP, cnt=1
14:34:03.628 [Quartz Scheduler [RuoyiScheduler]] INFO  o.q.c.QuartzScheduler - [start,547] - Scheduler RuoyiScheduler_$_jz1687674832347 started.
