14:18:10.775 [background-preinit] INFO  o.h.v.i.util.Version - [<clinit>,21] - HV000001: Hibernate Validator 6.2.0.Final
14:18:13.571 [main] INFO  c.a.n.c.c.i.LocalConfigInfoProcessor - [<clinit>,212] - LOCAL_SNAPSHOT_PATH:C:\Users\jzgar\nacos\config
14:18:13.639 [main] INFO  o.r.Reflections - [scan,232] - Reflections took 36 ms to scan 1 urls, producing 3 keys and 6 values 
14:18:13.674 [main] INFO  o.r.Reflections - [scan,232] - Reflections took 17 ms to scan 1 urls, producing 4 keys and 9 values 
14:18:13.697 [main] INFO  o.r.Reflections - [scan,232] - Reflections took 18 ms to scan 1 urls, producing 3 keys and 10 values 
14:18:14.047 [main] INFO  o.r.Reflections - [scan,232] - Reflections took 343 ms to scan 204 urls, producing 0 keys and 0 values 
14:18:14.066 [main] INFO  o.r.Reflections - [scan,232] - Reflections took 17 ms to scan 1 urls, producing 1 keys and 5 values 
14:18:14.086 [main] INFO  o.r.Reflections - [scan,232] - Reflections took 17 ms to scan 1 urls, producing 1 keys and 7 values 
14:18:14.104 [main] INFO  o.r.Reflections - [scan,232] - Reflections took 14 ms to scan 1 urls, producing 2 keys and 8 values 
14:18:14.359 [main] INFO  o.r.Reflections - [scan,232] - Reflections took 253 ms to scan 204 urls, producing 0 keys and 0 values 
14:18:14.360 [main] INFO  c.a.n.c.r.client - [printIfInfoEnabled,60] - [config-0-386b0e0f-714a-414b-a5e9-20e5287c5371]RpcClient init label, labels={module=config, Vipserver-Tag=null, source=sdk, Amory-Tag=null, Location-Tag=null, taskId=0, AppName=unknown}
14:18:14.361 [main] INFO  c.a.n.c.r.client - [printIfInfoEnabled,60] - [config-0-386b0e0f-714a-414b-a5e9-20e5287c5371]Register server push request handler:com.alibaba.nacos.client.config.impl.ClientWorker$ConfigRpcTransportClient$$Lambda$324/1938025186
14:18:14.361 [main] INFO  c.a.n.c.r.client - [printIfInfoEnabled,60] - [config-0-386b0e0f-714a-414b-a5e9-20e5287c5371]Register server push request handler:com.alibaba.nacos.client.config.impl.ClientWorker$ConfigRpcTransportClient$$Lambda$325/405036720
14:18:14.361 [main] INFO  c.a.n.c.r.client - [printIfInfoEnabled,60] - [config-0-386b0e0f-714a-414b-a5e9-20e5287c5371]Registry connection listener to current client:com.alibaba.nacos.client.config.impl.ClientWorker$ConfigRpcTransportClient$1
14:18:14.362 [main] INFO  c.a.n.c.r.client - [printIfInfoEnabled,60] - [config-0-386b0e0f-714a-414b-a5e9-20e5287c5371]RpcClient init, ServerListFactory =com.alibaba.nacos.client.config.impl.ClientWorker$ConfigRpcTransportClient$2
14:18:14.364 [main] INFO  c.a.n.c.r.client - [printIfInfoEnabled,60] - [config-0-386b0e0f-714a-414b-a5e9-20e5287c5371] Try to connect to server on start up, server: {serverIp='127.0.0.1', server main port=8848}
14:18:17.748 [main] INFO  c.a.n.c.r.client - [printIfInfoEnabled,60] - [config-0-386b0e0f-714a-414b-a5e9-20e5287c5371] Success to connect to server [127.0.0.1:8848] on start up,connectionId=1690179497458_127.0.0.1_2100
14:18:17.750 [com.alibaba.nacos.client.remote.worker] INFO  c.a.n.c.r.client - [printIfInfoEnabled,60] - [config-0-386b0e0f-714a-414b-a5e9-20e5287c5371]Notify connected event to listeners.
14:18:17.751 [main] INFO  c.a.n.c.r.client - [printIfInfoEnabled,60] - [config-0-386b0e0f-714a-414b-a5e9-20e5287c5371]Register server push request handler:com.alibaba.nacos.common.remote.client.RpcClient$ConnectResetRequestHandler
14:18:17.751 [com.alibaba.nacos.client.remote.worker] INFO  c.a.n.c.c.i.ClientWorker - [onConnected,625] - [config-0-386b0e0f-714a-414b-a5e9-20e5287c5371] Connected,notify listen context...
14:18:17.752 [main] INFO  c.a.n.c.r.client - [printIfInfoEnabled,60] - [config-0-386b0e0f-714a-414b-a5e9-20e5287c5371]Register server push request handler:com.alibaba.nacos.common.remote.client.RpcClient$4
14:18:17.798 [main] INFO  c.a.n.c.c.i.Limiter - [<clinit>,54] - limitTime:5.0
14:18:17.820 [main] INFO  c.a.n.c.c.u.JvmUtil - [<clinit>,49] - isMultiInstance:false
14:18:17.866 [main] INFO  c.r.j.JzJobApplication - [logStartupProfileInfo,667] - The following profiles are active: dev
14:18:20.327 [main] INFO  o.a.c.h.Http11NioProtocol - [log,173] - Initializing ProtocolHandler ["http-nio-9203"]
14:18:20.328 [main] INFO  o.a.c.c.StandardService - [log,173] - Starting service [Tomcat]
14:18:20.328 [main] INFO  o.a.c.c.StandardEngine - [log,173] - Starting Servlet engine: [Apache Tomcat/9.0.46]
14:18:20.493 [main] INFO  o.a.c.c.C.[.[.[/] - [log,173] - Initializing Spring embedded WebApplicationContext
14:18:20.738 [main] INFO  o.q.i.StdSchedulerFactory - [instantiate,1220] - Using default implementation for ThreadExecutor
14:18:20.749 [main] INFO  o.q.c.SchedulerSignalerImpl - [<init>,61] - Initialized Scheduler Signaller of type: class org.quartz.core.SchedulerSignalerImpl
14:18:20.750 [main] INFO  o.q.c.QuartzScheduler - [<init>,229] - Quartz Scheduler v.2.3.2 created.
14:18:20.758 [main] INFO  c.z.h.HikariDataSource - [getConnection,110] - HikariPool-1 - Starting...
14:18:20.919 [main] INFO  c.z.h.HikariDataSource - [getConnection,123] - HikariPool-1 - Start completed.
14:18:20.934 [main] INFO  o.q.c.QuartzScheduler - [initialize,294] - Scheduler meta-data: Quartz Scheduler (v2.3.2) 'RuoyiScheduler' with instanceId 'jz1690179500740'
  Scheduler class: 'org.quartz.core.QuartzScheduler' - running locally.
  NOT STARTED.
  Currently in standby mode.
  Number of jobs executed: 0
  Using thread pool 'org.quartz.simpl.SimpleThreadPool' - with 20 threads.
  Using job-store 'org.springframework.scheduling.quartz.LocalDataSourceJobStore' - which supports persistence. and is clustered.

14:18:20.935 [main] INFO  o.q.i.StdSchedulerFactory - [instantiate,1374] - Quartz scheduler 'RuoyiScheduler' initialized from an externally provided properties instance.
14:18:20.935 [main] INFO  o.q.i.StdSchedulerFactory - [instantiate,1378] - Quartz scheduler version: 2.3.2
14:18:20.937 [main] INFO  o.q.c.QuartzScheduler - [setJobFactory,2293] - JobFactory set to: org.springframework.scheduling.quartz.AdaptableJobFactory@63bca84d
14:18:21.998 [main] INFO  c.a.c.s.SentinelWebAutoConfiguration - [addInterceptors,80] - [Sentinel Starter] register SentinelWebInterceptor with urlPatterns: [/**].
14:18:23.264 [main] INFO  c.a.n.client.naming - [call,65] - initializer namespace from System Property :null
14:18:23.265 [main] INFO  c.a.n.client.naming - [call,74] - initializer namespace from System Environment :null
14:18:23.266 [main] INFO  c.a.n.client.naming - [call,84] - initializer namespace from System Property :null
14:18:23.291 [main] INFO  c.a.n.c.r.client - [printIfInfoEnabled,60] - [95c8680b-d1d3-41ac-993b-722847675fcb]RpcClient init label, labels={module=naming, source=sdk}
14:18:23.293 [main] INFO  c.a.n.c.r.client - [printIfInfoEnabled,60] - [95c8680b-d1d3-41ac-993b-722847675fcb]RpcClient init, ServerListFactory =com.alibaba.nacos.client.naming.core.ServerListManager
14:18:23.294 [main] INFO  c.a.n.c.r.client - [printIfInfoEnabled,60] - [95c8680b-d1d3-41ac-993b-722847675fcb] Try to connect to server on start up, server: {serverIp='127.0.0.1', server main port=8848}
14:18:23.419 [main] INFO  c.a.n.c.r.client - [printIfInfoEnabled,60] - [95c8680b-d1d3-41ac-993b-722847675fcb] Success to connect to server [127.0.0.1:8848] on start up,connectionId=1690179503303_127.0.0.1_2396
14:18:23.419 [main] INFO  c.a.n.c.r.client - [printIfInfoEnabled,60] - [95c8680b-d1d3-41ac-993b-722847675fcb]Register server push request handler:com.alibaba.nacos.common.remote.client.RpcClient$ConnectResetRequestHandler
14:18:23.419 [main] INFO  c.a.n.c.r.client - [printIfInfoEnabled,60] - [95c8680b-d1d3-41ac-993b-722847675fcb]Register server push request handler:com.alibaba.nacos.common.remote.client.RpcClient$4
14:18:23.420 [main] INFO  c.a.n.c.r.client - [printIfInfoEnabled,60] - [95c8680b-d1d3-41ac-993b-722847675fcb]Register server push request handler:com.alibaba.nacos.client.naming.remote.gprc.NamingPushRequestHandler
14:18:23.420 [main] INFO  c.a.n.c.r.client - [printIfInfoEnabled,60] - [95c8680b-d1d3-41ac-993b-722847675fcb]Registry connection listener to current client:com.alibaba.nacos.client.naming.remote.gprc.NamingGrpcConnectionEventListener
14:18:23.622 [main] INFO  org.redisson.Version - [logVersion,41] - Redisson 3.13.3
14:18:25.029 [redisson-netty-2-15] INFO  o.r.c.p.MasterPubSubConnectionPool - [lambda$run$0,167] - 1 connections initialized for localhost/127.0.0.1:6379
14:18:25.049 [redisson-netty-2-20] INFO  o.r.c.p.MasterConnectionPool - [lambda$run$0,167] - 24 connections initialized for localhost/127.0.0.1:6379
14:18:25.410 [main] INFO  s.d.s.w.PropertySourcedRequestMappingHandlerMapping - [initHandlerMethods,69] - Mapped URL path [/v2/api-docs] onto method [springfox.documentation.swagger2.web.Swagger2Controller#getDocumentation(String, HttpServletRequest)]
14:18:27.451 [main] INFO  c.a.n.c.i.CredentialWatcher - [loadCredential,165] - null No credential found
14:18:27.472 [main] INFO  c.a.n.client.naming - [isChangedServiceInfo,167] - init new ips(0) service: DEFAULT_GROUP@@ruoyi-job@@DEFAULT -> []
14:18:27.479 [main] INFO  c.a.n.client.naming - [processServiceInfo,152] - current ips:(0) service: DEFAULT_GROUP@@ruoyi-job@@DEFAULT -> []
14:18:27.485 [main] INFO  o.a.c.h.Http11NioProtocol - [log,173] - Starting ProtocolHandler ["http-nio-9203"]
14:18:27.499 [main] INFO  c.a.n.client.naming - [registerService,97] - [REGISTER-SERVICE] public registering service ruoyi-job with instance Instance{instanceId='null', ip='192.168.145.1', port=9203, weight=1.0, healthy=true, enabled=true, ephemeral=true, clusterName='DEFAULT', serviceName='null', metadata={preserved.register.source=SPRING_CLOUD}}
14:18:27.507 [main] INFO  c.a.c.n.r.NacosServiceRegistry - [register,75] - nacos registry, DEFAULT_GROUP ruoyi-job 192.168.145.1:9203 register finished
14:18:27.862 [http-nio-9203-exec-1] INFO  o.a.c.c.C.[.[.[/] - [log,173] - Initializing Spring DispatcherServlet 'dispatcherServlet'
14:18:28.060 [nacos-grpc-client-executor-9] INFO  c.a.n.c.r.client - [printIfInfoEnabled,60] - [95c8680b-d1d3-41ac-993b-722847675fcb]receive server push request,request=NotifySubscriberRequest,requestId=10
14:18:28.063 [nacos-grpc-client-executor-9] INFO  c.a.n.client.naming - [isChangedServiceInfo,167] - init new ips(1) service: DEFAULT_GROUP@@ruoyi-job -> [{"ip":"192.168.145.1","port":9203,"weight":1.0,"healthy":true,"enabled":true,"ephemeral":true,"clusterName":"DEFAULT","serviceName":"DEFAULT_GROUP@@ruoyi-job","metadata":{"preserved.register.source":"SPRING_CLOUD"},"ipDeleteTimeout":30000,"instanceHeartBeatInterval":5000,"instanceHeartBeatTimeOut":15000}]
14:18:28.064 [nacos-grpc-client-executor-9] INFO  c.a.n.client.naming - [processServiceInfo,152] - current ips:(1) service: DEFAULT_GROUP@@ruoyi-job -> [{"ip":"192.168.145.1","port":9203,"weight":1.0,"healthy":true,"enabled":true,"ephemeral":true,"clusterName":"DEFAULT","serviceName":"DEFAULT_GROUP@@ruoyi-job","metadata":{"preserved.register.source":"SPRING_CLOUD"},"ipDeleteTimeout":30000,"instanceHeartBeatInterval":5000,"instanceHeartBeatTimeOut":15000}]
14:18:28.065 [nacos-grpc-client-executor-9] INFO  c.a.n.c.r.client - [printIfInfoEnabled,60] - [95c8680b-d1d3-41ac-993b-722847675fcb]ack server push request,request=NotifySubscriberRequest,requestId=10
14:18:28.126 [main] INFO  s.d.s.w.p.DocumentationPluginsBootstrapper - [start,160] - Context refreshed
14:18:28.136 [main] INFO  s.d.s.w.p.DocumentationPluginsBootstrapper - [start,163] - Found 1 custom documentation plugin(s)
14:18:28.172 [main] INFO  s.d.s.w.s.ApiListingReferenceScanner - [scan,41] - Scanning for api listing references
14:18:28.275 [main] INFO  s.d.s.w.r.o.CachingOperationNameGenerator - [startingWith,40] - Generating unique operation named: exportUsingPOST_1
14:18:28.278 [main] INFO  s.d.s.w.r.o.CachingOperationNameGenerator - [startingWith,40] - Generating unique operation named: getInfoUsingGET_1
14:18:28.281 [main] INFO  s.d.s.w.r.o.CachingOperationNameGenerator - [startingWith,40] - Generating unique operation named: listUsingGET_1
14:18:28.282 [main] INFO  s.d.s.w.r.o.CachingOperationNameGenerator - [startingWith,40] - Generating unique operation named: removeUsingDELETE_1
14:18:28.312 [main] INFO  c.r.j.JzJobApplication - [logStarted,61] - Started JzJobApplication in 18.515 seconds (JVM running for 20.36)
14:18:28.325 [main] INFO  c.a.n.c.c.i.ClientWorker - [addCacheDataIfAbsent,346] - [config_rpc_client] [subscribe] ruoyi-job+DEFAULT_GROUP
14:18:28.326 [main] INFO  c.a.n.c.c.i.CacheData - [addListener,128] - [config_rpc_client] [add-listener] ok, tenant=, dataId=ruoyi-job, group=DEFAULT_GROUP, cnt=1
14:18:28.327 [main] INFO  c.a.n.c.c.i.ClientWorker - [addCacheDataIfAbsent,346] - [config_rpc_client] [subscribe] ruoyi-job-dev.yml+DEFAULT_GROUP
14:18:28.328 [main] INFO  c.a.n.c.c.i.CacheData - [addListener,128] - [config_rpc_client] [add-listener] ok, tenant=, dataId=ruoyi-job-dev.yml, group=DEFAULT_GROUP, cnt=1
14:18:28.328 [main] INFO  c.a.n.c.c.i.ClientWorker - [addCacheDataIfAbsent,346] - [config_rpc_client] [subscribe] ruoyi-job.yml+DEFAULT_GROUP
14:18:28.328 [main] INFO  c.a.n.c.c.i.CacheData - [addListener,128] - [config_rpc_client] [add-listener] ok, tenant=, dataId=ruoyi-job.yml, group=DEFAULT_GROUP, cnt=1
14:18:28.478 [com.alibaba.nacos.client.naming.updater.0] INFO  c.a.n.client.naming - [isChangedServiceInfo,221] - new ips(1) service: DEFAULT_GROUP@@ruoyi-job@@DEFAULT -> [{"ip":"192.168.145.1","port":9203,"weight":1.0,"healthy":true,"enabled":true,"ephemeral":true,"clusterName":"DEFAULT","serviceName":"DEFAULT_GROUP@@ruoyi-job","metadata":{"preserved.register.source":"SPRING_CLOUD"},"ipDeleteTimeout":30000,"instanceHeartBeatInterval":5000,"instanceHeartBeatTimeOut":15000}]
14:18:28.478 [com.alibaba.nacos.client.naming.updater.0] INFO  c.a.n.client.naming - [processServiceInfo,152] - current ips:(1) service: DEFAULT_GROUP@@ruoyi-job@@DEFAULT -> [{"ip":"192.168.145.1","port":9203,"weight":1.0,"healthy":true,"enabled":true,"ephemeral":true,"clusterName":"DEFAULT","serviceName":"DEFAULT_GROUP@@ruoyi-job","metadata":{"preserved.register.source":"SPRING_CLOUD"},"ipDeleteTimeout":30000,"instanceHeartBeatInterval":5000,"instanceHeartBeatTimeOut":15000}]
14:18:29.318 [Quartz Scheduler [RuoyiScheduler]] INFO  o.q.c.QuartzScheduler - [start,547] - Scheduler RuoyiScheduler_$_jz1690179500740 started.
